INFO:root:Total_episodes: 0, Total_steps: 0, episode_steps: 1

INFO:root:Initializing new episode ...
INFO:root:Ep 1 robot pose [x,y,yaw]: [4.5, 1.5, 3.1416]
INFO:root:Ep 1 goal pose [x, y]: [5.05, 2.05]
INFO:root:Ep 1: Collision
INFO:root:Total_episodes: 1, Total_steps: 28, episode_steps: 28

INFO:root:Initializing new episode ...
INFO:root:Ep 2 robot pose [x,y,yaw]: [4.5, 1.5, 3.1416]
INFO:root:Ep 2 goal pose [x, y]: [0.0, 0.0]
INFO:root:Ep 2: Collision
INFO:root:Total_episodes: 2, Total_steps: 127, episode_steps: 99

INFO:root:Initializing new episode ...
INFO:root:Ep 3 robot pose [x,y,yaw]: [4.5, 1.5, 3.1416]
INFO:root:Ep 3 goal pose [x, y]: [0.0, 0.0]
INFO:root:Ep 3: Collision
INFO:root:Total_episodes: 3, Total_steps: 186, episode_steps: 59

INFO:root:Initializing new episode ...
INFO:root:Ep 4 robot pose [x,y,yaw]: [4.5, 1.5, 3.1416]
INFO:root:Ep 4 goal pose [x, y]: [0.0, 0.0]
INFO:root:Ep 4: Collision
INFO:root:Total_episodes: 4, Total_steps: 273, episode_steps: 87

INFO:root:Initializing new episode ...
INFO:root:Ep 5 robot pose [x,y,yaw]: [4.5, 1.5, 3.1416]
INFO:root:Ep 5 goal pose [x, y]: [0.0, 0.0]
INFO:root:Ep 5: Collision
INFO:root:Total_episodes: 5, Total_steps: 351, episode_steps: 78

INFO:root:Initializing new episode ...
INFO:root:Ep 6 robot pose [x,y,yaw]: [4.5, 1.5, 3.1416]
INFO:root:Ep 6 goal pose [x, y]: [0.0, 0.0]
INFO:root:Ep 6: Goal
INFO:root:Total_episodes: 6, Total_steps: 402, episode_steps: 51

INFO:root:Initializing new episode ...
INFO:root:Ep 7 robot pose [x,y,yaw]: [4.5, 1.5, 3.1416]
INFO:root:Ep 7 goal pose [x, y]: [0.0, 0.0]
INFO:root:Ep 7: Collision
INFO:root:Total_episodes: 7, Total_steps: 492, episode_steps: 90

INFO:root:Initializing new episode ...
INFO:root:Ep 8 robot pose [x,y,yaw]: [4.5, 1.5, 3.1416]
INFO:root:Ep 8 goal pose [x, y]: [0.0, 0.0]
INFO:root:Ep 8: Collision
INFO:root:Total_episodes: 8, Total_steps: 582, episode_steps: 90

INFO:root:Initializing new episode ...
INFO:root:Ep 9 robot pose [x,y,yaw]: [4.5, 1.5, 3.1416]
INFO:root:Ep 9 goal pose [x, y]: [0.0, 0.0]
INFO:root:Ep 9: Collision
INFO:root:Total_episodes: 9, Total_steps: 679, episode_steps: 97

INFO:root:Initializing new episode ...
INFO:root:Ep 10 robot pose [x,y,yaw]: [4.5, 1.5, 3.1416]
INFO:root:Ep 10 goal pose [x, y]: [0.0, 0.0]
INFO:root:Ep 10: Collision
INFO:root:Total_episodes: 10, Total_steps: 751, episode_steps: 72

INFO:root:Initializing new episode ...
INFO:root:Ep 11 robot pose [x,y,yaw]: [4.5, 1.5, 3.1416]
INFO:root:Ep 11 goal pose [x, y]: [0.0, 0.0]
INFO:root:Ep 11: Collision
INFO:root:Total_episodes: 11, Total_steps: 820, episode_steps: 69

INFO:root:Initializing new episode ...
INFO:root:Ep 12 robot pose [x,y,yaw]: [4.5, 1.5, 3.1416]
INFO:root:Ep 12 goal pose [x, y]: [0.0, 0.0]
INFO:root:Ep 12: Collision
INFO:root:Total_episodes: 12, Total_steps: 861, episode_steps: 41

INFO:root:Initializing new episode ...
INFO:root:Ep 13 robot pose [x,y,yaw]: [4.5, 1.5, 3.1416]
INFO:root:Ep 13 goal pose [x, y]: [0.0, 0.0]
INFO:root:Ep 13: Collision
INFO:root:Total_episodes: 13, Total_steps: 918, episode_steps: 57

INFO:root:Initializing new episode ...
INFO:root:Ep 14 robot pose [x,y,yaw]: [4.5, 1.5, 3.1416]
INFO:root:Ep 14 goal pose [x, y]: [0.0, 0.0]
INFO:root:Ep 14: Collision
INFO:root:Total_episodes: 14, Total_steps: 985, episode_steps: 67

INFO:root:Initializing new episode ...
INFO:root:Ep 15 robot pose [x,y,yaw]: [4.5, 1.5, 3.1416]
INFO:root:Ep 15 goal pose [x, y]: [0.0, 0.0]
INFO:root:Ep 15: Collision
INFO:root:Total_episodes: 15, Total_steps: 1087, episode_steps: 102

INFO:root:Initializing new episode ...
INFO:root:Ep 16 robot pose [x,y,yaw]: [4.5, 1.5, 3.1416]
INFO:root:Ep 16 goal pose [x, y]: [0.0, 0.0]
INFO:root:Ep 16: Collision
INFO:root:Total_episodes: 16, Total_steps: 1148, episode_steps: 61

INFO:root:Initializing new episode ...
INFO:root:Ep 17 robot pose [x,y,yaw]: [4.5, 1.5, 3.1416]
INFO:root:Ep 17 goal pose [x, y]: [0.0, 0.0]
