13:02:48.933 [DEBUG] (trainer.py:107) Try to restore model
13:02:48.934 [DEBUG] (trainer.py:109) model_dir not empty
13:02:48.934 [INFO] (trainer.py:110) Model directory path /root/Active_SLAM_with_DRL/cisc856_ws/install/pic4rl/share/pic4rl/../../../../src/Results/maze_v3/20260128_113810.796620_lidar_SAC/20260128T113811.162680_SAC_
13:02:48.972 [INFO] (trainer.py:114) Restored /root/Active_SLAM_with_DRL/cisc856_ws/install/pic4rl/share/pic4rl/../../../../src/Results/maze_v3/20260128_113810.796620_lidar_SAC/20260128T113811.162680_SAC_/ckpt-74
13:04:55.033 [INFO] (trainer.py:172) Total Epi:     1 Steps:   131 Episode Steps:   131 Return: -4.1603 Eps:   0.6 FPS:  1.04
13:06:47.125 [INFO] (trainer.py:172) Total Epi:     2 Steps:   238 Episode Steps:   107 Return:  109.8918 Eps:  0.5976 FPS:  0.99
13:07:49.744 [INFO] (trainer.py:172) Total Epi:     3 Steps:   296 Episode Steps:    58 Return:  25.8424 Eps:  0.5952096 FPS:  0.99
13:10:07.812 [INFO] (trainer.py:172) Total Epi:     4 Steps:   429 Episode Steps:   133 Return:  6.7180 Eps:  0.5928287616 FPS:  0.99
13:12:14.270 [INFO] (trainer.py:172) Total Epi:     5 Steps:   550 Episode Steps:   121 Return:  66.0219 Eps:  0.5904574465536 FPS:  0.99
13:13:38.623 [INFO] (trainer.py:172) Total Epi:     6 Steps:   630 Episode Steps:    80 Return:  14.5340 Eps:  0.5880956167673856 FPS:  0.99
13:14:44.767 [INFO] (trainer.py:172) Total Epi:     7 Steps:   692 Episode Steps:    62 Return:  20.0102 Eps:  0.585743234300316 FPS:  0.99
13:15:48.926 [INFO] (trainer.py:172) Total Epi:     8 Steps:   752 Episode Steps:    60 Return: -9.4116 Eps:  0.5834002613631147 FPS:  0.99
13:17:48.299 [INFO] (trainer.py:172) Total Epi:     9 Steps:   866 Episode Steps:   114 Return:  132.1913 Eps:  0.5810666603176623 FPS:  0.99
13:19:43.580 [INFO] (trainer.py:172) Total Epi:    10 Steps:   976 Episode Steps:   110 Return: -30.4002 Eps:  0.5787423936763917 FPS:  0.99
13:21:41.410 [INFO] (trainer.py:172) Total Epi:    11 Steps:  1089 Episode Steps:   113 Return:  89.6671 Eps:  0.5764274241016861 FPS:  0.99
13:23:56.262 [INFO] (trainer.py:172) Total Epi:    12 Steps:  1218 Episode Steps:   129 Return: -42.8624+0.1364j Eps:  0.5741217144052794 FPS:  0.99
13:25:03.420 [INFO] (trainer.py:172) Total Epi:    13 Steps:  1281 Episode Steps:    63 Return: -2.9277 Eps:  0.5718252275476583 FPS:  0.99
13:26:09.627 [INFO] (trainer.py:172) Total Epi:    14 Steps:  1343 Episode Steps:    62 Return: -7.5050 Eps:  0.5695379266374677 FPS:  0.99
13:27:35.051 [INFO] (trainer.py:172) Total Epi:    15 Steps:  1424 Episode Steps:    81 Return:  79.1070 Eps:  0.5672597749309178 FPS:  0.99
13:29:03.015 [INFO] (trainer.py:172) Total Epi:    16 Steps:  1507 Episode Steps:    83 Return: -102.5101 Eps:  0.5649907358311942 FPS:  0.99
13:29:49.932 [INFO] (trainer.py:172) Total Epi:    17 Steps:  1550 Episode Steps:    43 Return:  50.7490 Eps:  0.5627307728878694 FPS:  0.99
13:31:01.174 [INFO] (trainer.py:172) Total Epi:    18 Steps:  1617 Episode Steps:    67 Return: -39.5812 Eps:  0.5604798497963179 FPS:  0.99
13:32:00.253 [INFO] (trainer.py:172) Total Epi:    19 Steps:  1672 Episode Steps:    55 Return:  31.9729 Eps:  0.5582379303971327 FPS:  0.99
13:33:08.489 [INFO] (trainer.py:172) Total Epi:    20 Steps:  1736 Episode Steps:    64 Return:  30.7459 Eps:  0.5560049786755441 FPS:  0.99
13:34:34.884 [INFO] (trainer.py:172) Total Epi:    21 Steps:  1818 Episode Steps:    82 Return:  40.3754 Eps:  0.5537809587608419 FPS:  0.99
13:37:17.291 [INFO] (trainer.py:172) Total Epi:    22 Steps:  1973 Episode Steps:   155 Return:  116.3863+0.1364j Eps:  0.5515658349257985 FPS:  0.99
13:38:42.718 [INFO] (trainer.py:172) Total Epi:    23 Steps:  2054 Episode Steps:    81 Return: -44.0985 Eps:  0.5493595715860953 FPS:  0.99
13:40:33.905 [INFO] (trainer.py:172) Total Epi:    24 Steps:  2160 Episode Steps:   106 Return:  19.5489 Eps:  0.5471621332997509 FPS:  0.99
13:42:00.334 [INFO] (trainer.py:172) Total Epi:    25 Steps:  2242 Episode Steps:    82 Return:  16.7160 Eps:  0.5449734847665519 FPS:  0.99
13:44:22.468 [INFO] (trainer.py:172) Total Epi:    26 Steps:  2379 Episode Steps:   137 Return: -50.1205 Eps:  0.5427935908274857 FPS:  0.99
13:47:20.196 [INFO] (trainer.py:172) Total Epi:    27 Steps:  2551 Episode Steps:   172 Return: -14.6905 Eps:  0.5406224164641757 FPS:  0.99
13:49:03.854 [INFO] (trainer.py:172) Total Epi:    28 Steps:  2650 Episode Steps:    99 Return: -189.4278 Eps:  0.538459926798319 FPS:  0.99
13:51:04.743 [INFO] (trainer.py:172) Total Epi:    29 Steps:  2766 Episode Steps:   116 Return: -133.8504 Eps:  0.5363060870911257 FPS:  0.99
13:52:53.961 [INFO] (trainer.py:172) Total Epi:    30 Steps:  2870 Episode Steps:   104 Return: -76.9792 Eps:  0.5341608627427612 FPS:  0.99
13:54:38.109 [INFO] (trainer.py:172) Total Epi:    31 Steps:  2969 Episode Steps:    99 Return:  21.9723 Eps:  0.5320242192917901 FPS:  0.99
13:56:34.949 [INFO] (trainer.py:172) Total Epi:    32 Steps:  3081 Episode Steps:   112 Return: -45.5151 Eps:  0.5298961224146229 FPS:  0.99
13:59:41.210 [INFO] (trainer.py:172) Total Epi:    33 Steps:  3261 Episode Steps:   180 Return: -39.0791 Eps:  0.5277765379249644 FPS:  0.99
14:02:22.172 [INFO] (trainer.py:172) Total Epi:    34 Steps:  3416 Episode Steps:   155 Return: -147.0431 Eps:  0.5256654317732645 FPS:  0.99
14:05:41.385 [INFO] (trainer.py:172) Total Epi:    35 Steps:  3609 Episode Steps:   193 Return:  58.5292 Eps:  0.5235627700461715 FPS:  0.99
14:11:55.189 [INFO] (trainer.py:172) Total Epi:    36 Steps:  3974 Episode Steps:   365 Return: -10.4590+4.0931j Eps:  0.5214685189659868 FPS:  0.99
14:16:07.255 [INFO] (trainer.py:172) Total Epi:    37 Steps:  4219 Episode Steps:   245 Return: -51.8386 Eps:  0.5193826448901229 FPS:  0.99
14:17:17.634 [INFO] (trainer.py:172) Total Epi:    38 Steps:  4285 Episode Steps:    66 Return: -44.5517 Eps:  0.5173051143105624 FPS:  0.99
14:21:28.064 [INFO] (trainer.py:172) Total Epi:    39 Steps:  4529 Episode Steps:   244 Return: -167.2388+0.1364j Eps:  0.5152358938533201 FPS:  0.99
14:23:08.537 [INFO] (trainer.py:172) Total Epi:    40 Steps:  4625 Episode Steps:    96 Return: -74.0588 Eps:  0.5131749502779068 FPS:  0.99
14:25:57.854 [INFO] (trainer.py:172) Total Epi:    41 Steps:  4789 Episode Steps:   164 Return:  45.7524 Eps:  0.5111222504767952 FPS:  0.99
14:27:35.833 [INFO] (trainer.py:172) Total Epi:    42 Steps:  4882 Episode Steps:    93 Return: -26.6166 Eps:  0.5090777614748879 FPS:  0.99
14:28:55.112 [INFO] (trainer.py:172) Total Epi:    43 Steps:  4957 Episode Steps:    75 Return: -47.0180 Eps:  0.5070414504289884 FPS:  0.99
14:30:26.496 [INFO] (trainer.py:172) Total Epi:    44 Steps:  5044 Episode Steps:    87 Return: -30.1944 Eps:  0.5050132846272725 FPS:  0.99
14:32:24.558 [INFO] (trainer.py:172) Total Epi:    45 Steps:  5157 Episode Steps:   113 Return: -105.9548 Eps:  0.5029932314887634 FPS:  0.99
14:34:01.029 [INFO] (trainer.py:172) Total Epi:    46 Steps:  5249 Episode Steps:    92 Return: -80.7142 Eps:  0.5009812585628084 FPS:  0.99
14:35:30.443 [INFO] (trainer.py:172) Total Epi:    47 Steps:  5334 Episode Steps:    85 Return: -57.0352 Eps:  0.49897733352855717 FPS:  0.99
14:37:01.069 [INFO] (trainer.py:172) Total Epi:    48 Steps:  5420 Episode Steps:    86 Return: -64.9239 Eps:  0.4969814241944429 FPS:  0.99
14:38:33.493 [INFO] (trainer.py:172) Total Epi:    49 Steps:  5508 Episode Steps:    88 Return: -30.4759 Eps:  0.49499349849766516 FPS:  0.99
14:40:02.307 [INFO] (trainer.py:172) Total Epi:    50 Steps:  5592 Episode Steps:    84 Return: -54.3678 Eps:  0.4930135245036745 FPS:  0.99
14:41:37.283 [INFO] (trainer.py:172) Total Epi:    51 Steps:  5682 Episode Steps:    90 Return: -61.8521 Eps:  0.4910414704056598 FPS:  0.99
14:43:17.278 [INFO] (trainer.py:172) Total Epi:    52 Steps:  5777 Episode Steps:    95 Return: -58.4661 Eps:  0.4890773045240372 FPS:  0.99
14:45:01.372 [INFO] (trainer.py:172) Total Epi:    53 Steps:  5876 Episode Steps:    99 Return: -44.8152 Eps:  0.48712099530594105 FPS:  0.99
14:46:37.337 [INFO] (trainer.py:172) Total Epi:    54 Steps:  5967 Episode Steps:    91 Return: -79.1827 Eps:  0.4851725113247173 FPS:  0.99
14:48:13.800 [INFO] (trainer.py:172) Total Epi:    55 Steps:  6059 Episode Steps:    92 Return: -82.8915 Eps:  0.4832318212794184 FPS:  0.99
14:49:38.116 [INFO] (trainer.py:172) Total Epi:    56 Steps:  6139 Episode Steps:    80 Return: -73.3878 Eps:  0.4812988939943007 FPS:  0.99
14:50:53.324 [INFO] (trainer.py:172) Total Epi:    57 Steps:  6210 Episode Steps:    71 Return: -39.2751 Eps:  0.4793736984183235 FPS:  0.99
14:52:26.706 [INFO] (trainer.py:172) Total Epi:    58 Steps:  6299 Episode Steps:    89 Return: -59.3303 Eps:  0.4774562036246502 FPS:  0.99
14:54:03.140 [INFO] (trainer.py:172) Total Epi:    59 Steps:  6391 Episode Steps:    92 Return: -107.2399 Eps:  0.4755463788101516 FPS:  0.99
14:55:37.110 [INFO] (trainer.py:172) Total Epi:    60 Steps:  6480 Episode Steps:    89 Return: -46.2098 Eps:  0.473644193294911 FPS:  0.99
14:57:15.602 [INFO] (trainer.py:172) Total Epi:    61 Steps:  6574 Episode Steps:    94 Return: -79.6032 Eps:  0.4717496165217313 FPS:  0.99
14:58:43.995 [INFO] (trainer.py:172) Total Epi:    62 Steps:  6658 Episode Steps:    84 Return: -65.8060 Eps:  0.4698626180556444 FPS:  0.99
15:00:10.329 [INFO] (trainer.py:172) Total Epi:    63 Steps:  6740 Episode Steps:    82 Return: -47.5668 Eps:  0.4679831675834218 FPS:  0.99
15:07:22.820 [INFO] (trainer.py:172) Total Epi:    64 Steps:  7164 Episode Steps:   424 Return: -347.1586 Eps:  0.4661112349130881 FPS:  0.99
15:08:52.210 [INFO] (trainer.py:172) Total Epi:    65 Steps:  7249 Episode Steps:    85 Return:  32.3037 Eps:  0.4642467899734357 FPS:  0.99
15:10:38.799 [INFO] (trainer.py:172) Total Epi:    66 Steps:  7351 Episode Steps:   102 Return:  25.3839 Eps:  0.462389802813542 FPS:  0.99
15:12:15.268 [INFO] (trainer.py:172) Total Epi:    67 Steps:  7443 Episode Steps:    92 Return: -55.3366 Eps:  0.4605402436022878 FPS:  0.99
15:13:31.521 [INFO] (trainer.py:172) Total Epi:    68 Steps:  7515 Episode Steps:    72 Return: -36.8129 Eps:  0.45869808262787864 FPS:  0.99
15:14:58.857 [INFO] (trainer.py:172) Total Epi:    69 Steps:  7598 Episode Steps:    83 Return: -26.1212 Eps:  0.4568632902973671 FPS:  0.99
15:22:04.419 [INFO] (trainer.py:172) Total Epi:    70 Steps:  8015 Episode Steps:   417 Return: -215.2141 Eps:  0.4550358371361776 FPS:  0.99
15:23:23.889 [INFO] (trainer.py:172) Total Epi:    71 Steps:  8090 Episode Steps:    75 Return: -40.2754 Eps:  0.45321569378763293 FPS:  0.99
15:29:07.356 [INFO] (trainer.py:172) Total Epi:    72 Steps:  8426 Episode Steps:   336 Return: -301.9440 Eps:  0.4514028310124824 FPS:  0.99
15:31:54.185 [INFO] (trainer.py:172) Total Epi:    73 Steps:  8587 Episode Steps:   161 Return: -18.0066 Eps:  0.44959721968843247 FPS:  0.99
15:44:19.236 [INFO] (trainer.py:172) Total Epi:    74 Steps:  9319 Episode Steps:   732 Return: -151.0378+0.2729j Eps:  0.44779883080967875 FPS:  0.99
