INFO:root:Episode 1 metrics results: 
INFO:root:Total_episodes: 0, Total_steps: 0, episode_steps: 1

INFO:root:Initializing new episode ...
INFO:root:Ep 1 robot pose [x,y,yaw]: [4.5, 1.5, 3.1416]
INFO:root:Ep 1 goal pose [x, y]: [5.05, 2.05]
INFO:root:Ep 1: Collision
INFO:root:Episode 2 metrics results: 
INFO:root:Path_distance: 3.097926432432126
INFO:root:Clearance_time: 73.6354763507843
INFO:root:Mean_velocities: [0.04694026415715088, -0.016301388817969543]
INFO:root:Std_velocities: [0.0521690640503509, 0.10512425817282751]
INFO:root:Max_linear_acc, Min_linear_acc, Max_yaw_acc, Min_yaw_acc: [1.4136708086310577, -1.7051057524392648, 2.143495132646031, -1.528471476660349]
INFO:root:Mean_linear_acc, Mean_yaw_acc: [0.017987192541356566, -0.0034267939794373407]
INFO:root:Cumulative_heading_average: -1.539482765369951
INFO:root:Total_episodes: 1, Total_steps: 81, episode_steps: 81

INFO:root:Initializing new episode ...
INFO:root:Ep 2 robot pose [x,y,yaw]: [4.5, 1.5, 3.1416]
INFO:root:Ep 2 goal pose [x, y]: [0.0, 0.0]
INFO:root:Ep 2: Collision
INFO:root:Episode 3 metrics results: 
INFO:root:Path_distance: 10.057441569471113
INFO:root:Clearance_time: 583.6018812656403
INFO:root:Mean_velocities: [0.017425827458556406, -0.005035653978658438]
INFO:root:Std_velocities: [0.024262488008235442, 0.06629622210841825]
INFO:root:Max_linear_acc, Min_linear_acc, Max_yaw_acc, Min_yaw_acc: [0.14581954062164593, -0.11868872594814724, 0.19876874565216313, -0.23825591204710034]
INFO:root:Mean_linear_acc, Mean_yaw_acc: [5.70471471981853e-06, -2.365443601900645e-06]
INFO:root:Cumulative_heading_average: 0.12785793166380718
INFO:root:Total_episodes: 2, Total_steps: 661, episode_steps: 580

INFO:root:Initializing new episode ...
INFO:root:Ep 3 robot pose [x,y,yaw]: [4.5, 1.5, 3.1416]
INFO:root:Ep 3 goal pose [x, y]: [0.0, 0.0]
INFO:root:Ep 3: Timeout
INFO:root:Episode 4 metrics results: 
INFO:root:Path_distance: 7.1227944020523735
INFO:root:Clearance_time: 754.96937251091
INFO:root:Mean_velocities: [0.009689917924044195, 0.00048233197420666457]
INFO:root:Std_velocities: [0.007142159964165277, 0.06491572073834996]
INFO:root:Max_linear_acc, Min_linear_acc, Max_yaw_acc, Min_yaw_acc: [0.052187078793613166, -0.07506933305659921, 0.2285414292889889, -0.2511344107995083]
INFO:root:Mean_linear_acc, Mean_yaw_acc: [1.4512293565965671e-05, -7.751322606350142e-05]
INFO:root:Cumulative_heading_average: 0.04407772621712243
INFO:root:Total_episodes: 3, Total_steps: 1411, episode_steps: 750

INFO:root:Initializing new episode ...
INFO:root:Ep 4 robot pose [x,y,yaw]: [4.5, 1.5, 3.1416]
INFO:root:Ep 4 goal pose [x, y]: [0.0, 0.0]
INFO:root:Ep 4: Timeout
INFO:root:Episode 5 metrics results: 
INFO:root:Path_distance: 7.486252016459494
INFO:root:Clearance_time: 754.906976222992
INFO:root:Mean_velocities: [0.010156520226126025, 0.0007973559271310269]
INFO:root:Std_velocities: [0.006745605728092425, 0.06500650932211871]
INFO:root:Max_linear_acc, Min_linear_acc, Max_yaw_acc, Min_yaw_acc: [0.029859526559620677, -0.030256974074401664, 0.24578186938547208, -0.23871520150137313]
INFO:root:Mean_linear_acc, Mean_yaw_acc: [1.993123360483732e-05, -0.00014895784910078723]
INFO:root:Cumulative_heading_average: -0.0009255518993703807
INFO:root:Total_episodes: 4, Total_steps: 2161, episode_steps: 750

INFO:root:Initializing new episode ...
INFO:root:Ep 5 robot pose [x,y,yaw]: [4.5, 1.5, 3.1416]
INFO:root:Ep 5 goal pose [x, y]: [0.0, 0.0]
