14:11:00.096 [DEBUG] (trainer.py:107) Try to restore model
14:11:00.096 [DEBUG] (trainer.py:109) model_dir not empty
14:11:00.096 [INFO] (trainer.py:110) Model directory path /root/Active_SLAM_with_DRL/cisc856_ws/install/pic4rl/share/pic4rl/../../../../src/Results/maze_v3/20260127_133221.734520_lidar_SAC/20260127T133222.048602_SAC_
14:11:00.131 [INFO] (trainer.py:114) Restored /root/Active_SLAM_with_DRL/cisc856_ws/install/pic4rl/share/pic4rl/../../../../src/Results/maze_v3/20260127_133221.734520_lidar_SAC/20260127T133222.048602_SAC_/ckpt-2
14:11:49.952 [INFO] (trainer.py:172) Total Epi:     1 Steps:    55 Episode Steps:    55 Return: -103.3123 Eps:   0.6 FPS:  1.10
14:12:39.750 [INFO] (trainer.py:172) Total Epi:     2 Steps:   101 Episode Steps:    46 Return: -59.3159 Eps:  0.5976 FPS:  0.99
14:13:32.534 [INFO] (trainer.py:172) Total Epi:     3 Steps:   150 Episode Steps:    49 Return: -39.7813 Eps:  0.5952096 FPS:  0.99
14:14:24.675 [INFO] (trainer.py:172) Total Epi:     4 Steps:   197 Episode Steps:    47 Return: -26.3689 Eps:  0.5928287616 FPS:  0.99
14:14:56.387 [INFO] (trainer.py:172) Total Epi:     5 Steps:   224 Episode Steps:    27 Return: -112.7383 Eps:  0.5904574465536 FPS:  0.99
14:15:30.136 [INFO] (trainer.py:172) Total Epi:     6 Steps:   254 Episode Steps:    30 Return: -117.8231 Eps:  0.5880956167673856 FPS:  0.99
14:16:00.745 [INFO] (trainer.py:172) Total Epi:     7 Steps:   281 Episode Steps:    27 Return: -124.5678 Eps:  0.585743234300316 FPS:  0.99
14:16:57.614 [INFO] (trainer.py:172) Total Epi:     8 Steps:   333 Episode Steps:    52 Return: -29.1148 Eps:  0.5834002613631147 FPS:  0.99
14:18:10.601 [INFO] (trainer.py:172) Total Epi:     9 Steps:   401 Episode Steps:    68 Return:  23.7722 Eps:  0.5810666603176623 FPS:  0.99
14:19:58.927 [INFO] (trainer.py:172) Total Epi:    10 Steps:   504 Episode Steps:   103 Return: -35.0380 Eps:  0.5787423936763917 FPS:  0.99
14:21:31.024 [INFO] (trainer.py:172) Total Epi:    11 Steps:   592 Episode Steps:    88 Return:  3.0197 Eps:  0.5764274241016861 FPS:  0.99
14:23:12.294 [INFO] (trainer.py:172) Total Epi:    12 Steps:   688 Episode Steps:    96 Return:  81.9156 Eps:  0.5741217144052794 FPS:  0.99
14:24:12.212 [INFO] (trainer.py:172) Total Epi:    13 Steps:   743 Episode Steps:    55 Return: -46.8207 Eps:  0.5718252275476583 FPS:  0.99
14:25:18.175 [INFO] (trainer.py:172) Total Epi:    14 Steps:   804 Episode Steps:    61 Return: -4.9961 Eps:  0.5695379266374677 FPS:  0.99
14:27:00.813 [INFO] (trainer.py:172) Total Epi:    15 Steps:   902 Episode Steps:    98 Return: -77.0642 Eps:  0.5672597749309178 FPS:  0.99
14:27:52.612 [INFO] (trainer.py:172) Total Epi:    16 Steps:   949 Episode Steps:    47 Return: -76.8227 Eps:  0.5649907358311942 FPS:  0.99
14:29:35.949 [INFO] (trainer.py:172) Total Epi:    17 Steps:  1047 Episode Steps:    98 Return: -130.2027 Eps:  0.5627307728878694 FPS:  0.99
14:30:35.810 [INFO] (trainer.py:172) Total Epi:    18 Steps:  1103 Episode Steps:    56 Return: -38.5829 Eps:  0.5604798497963179 FPS:  0.99
14:31:41.718 [INFO] (trainer.py:172) Total Epi:    19 Steps:  1164 Episode Steps:    61 Return: -95.3788 Eps:  0.5582379303971327 FPS:  0.99
14:32:53.730 [INFO] (trainer.py:172) Total Epi:    20 Steps:  1231 Episode Steps:    67 Return: -19.3074 Eps:  0.5560049786755441 FPS:  0.99
14:33:57.581 [INFO] (trainer.py:172) Total Epi:    21 Steps:  1291 Episode Steps:    60 Return:  71.2609 Eps:  0.5537809587608419 FPS:  0.99
14:34:57.506 [INFO] (trainer.py:172) Total Epi:    22 Steps:  1346 Episode Steps:    55 Return:  43.8690 Eps:  0.5515658349257985 FPS:  0.99
14:36:08.472 [INFO] (trainer.py:172) Total Epi:    23 Steps:  1412 Episode Steps:    66 Return: -33.5167 Eps:  0.5493595715860953 FPS:  0.99
14:37:07.286 [INFO] (trainer.py:172) Total Epi:    24 Steps:  1467 Episode Steps:    55 Return:  76.5801 Eps:  0.5471621332997509 FPS:  0.99
14:38:31.361 [INFO] (trainer.py:172) Total Epi:    25 Steps:  1546 Episode Steps:    79 Return: -27.4951 Eps:  0.5449734847665519 FPS:  0.99
14:39:48.373 [INFO] (trainer.py:172) Total Epi:    26 Steps:  1618 Episode Steps:    72 Return:  90.6168 Eps:  0.5427935908274857 FPS:  0.99
14:41:24.494 [INFO] (trainer.py:172) Total Epi:    27 Steps:  1710 Episode Steps:    92 Return:  98.2806 Eps:  0.5406224164641757 FPS:  0.99
14:42:32.418 [INFO] (trainer.py:172) Total Epi:    28 Steps:  1773 Episode Steps:    63 Return: -46.9456 Eps:  0.538459926798319 FPS:  0.99
14:43:59.501 [INFO] (trainer.py:172) Total Epi:    29 Steps:  1856 Episode Steps:    83 Return:  38.5405 Eps:  0.5363060870911257 FPS:  0.99
14:45:30.626 [INFO] (trainer.py:172) Total Epi:    30 Steps:  1942 Episode Steps:    86 Return: -31.2762 Eps:  0.5341608627427612 FPS:  0.99
14:47:53.229 [INFO] (trainer.py:172) Total Epi:    31 Steps:  2079 Episode Steps:   137 Return: -247.3140 Eps:  0.5320242192917901 FPS:  0.99
