23:05:56.490 [DEBUG] (trainer.py:107) Try to restore model
23:05:56.490 [DEBUG] (trainer.py:109) model_dir not empty
23:05:56.490 [INFO] (trainer.py:110) Model directory path /root/Active_SLAM_with_DRL/cisc856_ws/install/pic4rl/share/pic4rl/../../../../src/Results/old_reward
23:05:56.493 [INFO] (trainer.py:114) Restored None
23:07:28.053 [INFO] (trainer.py:172) Total Epi:     1 Steps:    96 Episode Steps:    96 Return:  86.7666 Eps:   0.6 FPS:  1.05
23:08:21.468 [INFO] (trainer.py:172) Total Epi:     2 Steps:   145 Episode Steps:    49 Return: -22.6249 Eps:  0.5976 FPS:  0.99
23:09:16.699 [INFO] (trainer.py:172) Total Epi:     3 Steps:   196 Episode Steps:    51 Return: -4.8878 Eps:  0.5952096 FPS:  0.99
23:10:07.692 [INFO] (trainer.py:172) Total Epi:     4 Steps:   243 Episode Steps:    47 Return:  11.8161 Eps:  0.5928287616 FPS:  0.99
23:10:39.436 [INFO] (trainer.py:172) Total Epi:     5 Steps:   271 Episode Steps:    28 Return: -54.1133 Eps:  0.5904574465536 FPS:  0.99
23:11:34.456 [INFO] (trainer.py:172) Total Epi:     6 Steps:   322 Episode Steps:    51 Return: -19.2806 Eps:  0.5880956167673856 FPS:  0.99
23:12:22.934 [INFO] (trainer.py:172) Total Epi:     7 Steps:   366 Episode Steps:    44 Return: -11.4882 Eps:  0.585743234300316 FPS:  0.99
23:13:10.854 [INFO] (trainer.py:172) Total Epi:     8 Steps:   410 Episode Steps:    44 Return: -23.0710 Eps:  0.5834002613631147 FPS:  0.99
23:14:08.371 [INFO] (trainer.py:172) Total Epi:     9 Steps:   463 Episode Steps:    53 Return:  40.1253 Eps:  0.5810666603176623 FPS:  0.99
23:15:07.465 [INFO] (trainer.py:172) Total Epi:    10 Steps:   517 Episode Steps:    54 Return:  3.9443 Eps:  0.5787423936763917 FPS:  0.99
23:16:06.760 [INFO] (trainer.py:172) Total Epi:    11 Steps:   572 Episode Steps:    55 Return:  35.9800 Eps:  0.5764274241016861 FPS:  0.99
23:17:45.350 [INFO] (trainer.py:172) Total Epi:    12 Steps:   666 Episode Steps:    94 Return:  153.2930 Eps:  0.5741217144052794 FPS:  0.99
23:18:54.564 [INFO] (trainer.py:172) Total Epi:    13 Steps:   731 Episode Steps:    65 Return:  44.9990 Eps:  0.5718252275476583 FPS:  0.99
23:20:01.210 [INFO] (trainer.py:172) Total Epi:    14 Steps:   793 Episode Steps:    62 Return:  53.0259 Eps:  0.5695379266374677 FPS:  0.99
23:21:12.751 [INFO] (trainer.py:172) Total Epi:    15 Steps:   860 Episode Steps:    67 Return:  53.1035 Eps:  0.5672597749309178 FPS:  0.99
23:22:51.807 [INFO] (trainer.py:172) Total Epi:    16 Steps:   954 Episode Steps:    94 Return:  136.0485 Eps:  0.5649907358311942 FPS:  0.99
23:23:48.887 [INFO] (trainer.py:172) Total Epi:    17 Steps:  1007 Episode Steps:    53 Return:  17.2882 Eps:  0.5627307728878694 FPS:  0.99
23:24:49.964 [INFO] (trainer.py:172) Total Epi:    18 Steps:  1064 Episode Steps:    57 Return:  51.4476 Eps:  0.5604798497963179 FPS:  0.99
23:25:42.205 [INFO] (trainer.py:172) Total Epi:    19 Steps:  1112 Episode Steps:    48 Return:  27.5942 Eps:  0.5582379303971327 FPS:  0.99
23:27:11.123 [INFO] (trainer.py:172) Total Epi:    20 Steps:  1196 Episode Steps:    84 Return:  139.2141 Eps:  0.5560049786755441 FPS:  0.99
23:27:57.043 [INFO] (trainer.py:172) Total Epi:    21 Steps:  1238 Episode Steps:    42 Return:  4.9167 Eps:  0.5537809587608419 FPS:  0.99
23:29:16.903 [INFO] (trainer.py:172) Total Epi:    22 Steps:  1313 Episode Steps:    75 Return:  106.1055 Eps:  0.5515658349257985 FPS:  0.99
23:30:04.816 [INFO] (trainer.py:172) Total Epi:    23 Steps:  1357 Episode Steps:    44 Return:  25.9106 Eps:  0.5493595715860953 FPS:  0.99
23:30:55.829 [INFO] (trainer.py:172) Total Epi:    24 Steps:  1404 Episode Steps:    47 Return:  37.3817 Eps:  0.5471621332997509 FPS:  0.99
23:32:08.031 [INFO] (trainer.py:172) Total Epi:    25 Steps:  1472 Episode Steps:    68 Return:  128.5597 Eps:  0.5449734847665519 FPS:  0.99
23:32:28.638 [INFO] (trainer.py:172) Total Epi:    26 Steps:  1489 Episode Steps:    17 Return: -47.7481 Eps:  0.5427935908274857 FPS:  0.99
23:33:55.062 [INFO] (trainer.py:172) Total Epi:    27 Steps:  1571 Episode Steps:    82 Return:  129.0262 Eps:  0.5406224164641757 FPS:  0.99
23:35:11.883 [INFO] (trainer.py:172) Total Epi:    28 Steps:  1643 Episode Steps:    72 Return:  98.4740 Eps:  0.538459926798319 FPS:  0.99
23:36:30.270 [INFO] (trainer.py:172) Total Epi:    29 Steps:  1716 Episode Steps:    73 Return:  130.0640 Eps:  0.5363060870911257 FPS:  0.99
23:37:34.429 [INFO] (trainer.py:172) Total Epi:    30 Steps:  1775 Episode Steps:    59 Return:  51.1264 Eps:  0.5341608627427612 FPS:  0.99
23:38:17.813 [INFO] (trainer.py:172) Total Epi:    31 Steps:  1814 Episode Steps:    39 Return:  10.8100 Eps:  0.5320242192917901 FPS:  0.99
23:39:50.892 [INFO] (trainer.py:172) Total Epi:    32 Steps:  1902 Episode Steps:    88 Return:  188.7859 Eps:  0.5298961224146229 FPS:  0.99
23:41:09.679 [INFO] (trainer.py:172) Total Epi:    33 Steps:  1976 Episode Steps:    74 Return:  116.5548 Eps:  0.5277765379249644 FPS:  0.99
23:42:33.643 [INFO] (trainer.py:172) Total Epi:    34 Steps:  2055 Episode Steps:    79 Return:  155.9041 Eps:  0.5256654317732645 FPS:  0.99
23:43:46.400 [INFO] (trainer.py:172) Total Epi:    35 Steps:  2123 Episode Steps:    68 Return:  112.7110 Eps:  0.5235627700461715 FPS:  0.99
23:45:18.437 [INFO] (trainer.py:172) Total Epi:    36 Steps:  2210 Episode Steps:    87 Return:  165.0984 Eps:  0.5214685189659868 FPS:  0.99
23:46:32.187 [INFO] (trainer.py:172) Total Epi:    37 Steps:  2279 Episode Steps:    69 Return:  112.2448 Eps:  0.5193826448901229 FPS:  0.99
23:47:40.422 [INFO] (trainer.py:172) Total Epi:    38 Steps:  2343 Episode Steps:    64 Return:  95.7989 Eps:  0.5173051143105624 FPS:  0.99
23:48:59.329 [INFO] (trainer.py:172) Total Epi:    39 Steps:  2417 Episode Steps:    74 Return:  151.5438 Eps:  0.5152358938533201 FPS:  0.99
23:50:54.260 [INFO] (trainer.py:172) Total Epi:    40 Steps:  2526 Episode Steps:   109 Return:  211.8092 Eps:  0.5131749502779068 FPS:  0.99
23:52:39.021 [INFO] (trainer.py:172) Total Epi:    41 Steps:  2626 Episode Steps:   100 Return:  230.8922 Eps:  0.5111222504767952 FPS:  0.99
23:54:03.971 [INFO] (trainer.py:172) Total Epi:    42 Steps:  2706 Episode Steps:    80 Return:  149.3402 Eps:  0.5090777614748879 FPS:  0.99
23:55:31.937 [INFO] (trainer.py:172) Total Epi:    43 Steps:  2789 Episode Steps:    83 Return:  158.4870 Eps:  0.5070414504289884 FPS:  0.99
23:57:08.048 [INFO] (trainer.py:172) Total Epi:    44 Steps:  2880 Episode Steps:    91 Return:  181.4254 Eps:  0.5050132846272725 FPS:  0.99
23:58:24.946 [INFO] (trainer.py:172) Total Epi:    45 Steps:  2952 Episode Steps:    72 Return:  136.0586 Eps:  0.5029932314887634 FPS:  0.99
00:00:03.583 [INFO] (trainer.py:172) Total Epi:    46 Steps:  3046 Episode Steps:    94 Return:  185.2686 Eps:  0.5009812585628084 FPS:  0.99
00:01:29.082 [INFO] (trainer.py:172) Total Epi:    47 Steps:  3127 Episode Steps:    81 Return:  136.2205 Eps:  0.49897733352855717 FPS:  0.99
00:02:51.553 [INFO] (trainer.py:172) Total Epi:    48 Steps:  3205 Episode Steps:    78 Return:  145.3089 Eps:  0.4969814241944429 FPS:  0.99
00:04:14.484 [INFO] (trainer.py:172) Total Epi:    49 Steps:  3283 Episode Steps:    78 Return:  138.8365 Eps:  0.49499349849766516 FPS:  0.99
00:05:27.800 [INFO] (trainer.py:172) Total Epi:    50 Steps:  3352 Episode Steps:    69 Return:  107.8205 Eps:  0.4930135245036745 FPS:  0.99
00:06:47.713 [INFO] (trainer.py:172) Total Epi:    51 Steps:  3427 Episode Steps:    75 Return:  123.1144 Eps:  0.4910414704056598 FPS:  0.99
00:08:16.281 [INFO] (trainer.py:172) Total Epi:    52 Steps:  3511 Episode Steps:    84 Return:  134.3928 Eps:  0.4890773045240372 FPS:  0.99
00:10:19.685 [INFO] (trainer.py:172) Total Epi:    53 Steps:  3629 Episode Steps:   118 Return:  199.7829 Eps:  0.48712099530594105 FPS:  0.99
00:11:49.512 [INFO] (trainer.py:172) Total Epi:    54 Steps:  3714 Episode Steps:    85 Return:  157.8298 Eps:  0.4851725113247173 FPS:  0.99
00:13:20.524 [INFO] (trainer.py:172) Total Epi:    55 Steps:  3800 Episode Steps:    86 Return:  122.9464 Eps:  0.4832318212794184 FPS:  0.99
00:14:52.541 [INFO] (trainer.py:172) Total Epi:    56 Steps:  3887 Episode Steps:    87 Return:  76.8494 Eps:  0.4812988939943007 FPS:  0.99
00:16:53.513 [INFO] (trainer.py:172) Total Epi:    57 Steps:  4003 Episode Steps:   116 Return:  212.8196 Eps:  0.4793736984183235 FPS:  0.99
00:18:26.001 [INFO] (trainer.py:172) Total Epi:    58 Steps:  4091 Episode Steps:    88 Return:  128.3768 Eps:  0.4774562036246502 FPS:  0.99
00:20:34.096 [INFO] (trainer.py:172) Total Epi:    59 Steps:  4214 Episode Steps:   123 Return:  186.4629 Eps:  0.4755463788101516 FPS:  0.99
00:22:59.328 [INFO] (trainer.py:172) Total Epi:    60 Steps:  4353 Episode Steps:   139 Return:  187.4476 Eps:  0.473644193294911 FPS:  0.99
00:25:03.253 [INFO] (trainer.py:172) Total Epi:    61 Steps:  4472 Episode Steps:   119 Return:  143.7223 Eps:  0.4717496165217313 FPS:  0.99
00:27:01.589 [INFO] (trainer.py:172) Total Epi:    62 Steps:  4585 Episode Steps:   113 Return:  86.1866 Eps:  0.4698626180556444 FPS:  0.99
00:29:23.866 [INFO] (trainer.py:172) Total Epi:    63 Steps:  4722 Episode Steps:   137 Return:  189.7236 Eps:  0.4679831675834218 FPS:  0.99
00:31:50.091 [INFO] (trainer.py:172) Total Epi:    64 Steps:  4863 Episode Steps:   141 Return:  179.5873 Eps:  0.4661112349130881 FPS:  0.99
00:34:25.529 [INFO] (trainer.py:172) Total Epi:    65 Steps:  5013 Episode Steps:   150 Return:  161.3600 Eps:  0.4642467899734357 FPS:  0.99
00:37:01.375 [INFO] (trainer.py:172) Total Epi:    66 Steps:  5163 Episode Steps:   150 Return:  168.8622 Eps:  0.462389802813542 FPS:  0.99
00:39:14.031 [INFO] (trainer.py:172) Total Epi:    67 Steps:  5290 Episode Steps:   127 Return:  132.0831 Eps:  0.4605402436022878 FPS:  0.99
00:41:44.874 [INFO] (trainer.py:172) Total Epi:    68 Steps:  5435 Episode Steps:   145 Return:  209.1661 Eps:  0.45869808262787864 FPS:  0.99
00:44:17.636 [INFO] (trainer.py:172) Total Epi:    69 Steps:  5582 Episode Steps:   147 Return:  198.6208 Eps:  0.4568632902973671 FPS:  0.99
00:46:50.513 [INFO] (trainer.py:172) Total Epi:    70 Steps:  5729 Episode Steps:   147 Return:  180.6392 Eps:  0.4550358371361776 FPS:  0.99
00:49:20.291 [INFO] (trainer.py:172) Total Epi:    71 Steps:  5873 Episode Steps:   144 Return:  174.4171 Eps:  0.45321569378763293 FPS:  0.99
00:51:52.116 [INFO] (trainer.py:172) Total Epi:    72 Steps:  6019 Episode Steps:   146 Return:  177.1649 Eps:  0.4514028310124824 FPS:  0.99
00:54:18.876 [INFO] (trainer.py:172) Total Epi:    73 Steps:  6160 Episode Steps:   141 Return:  202.7041 Eps:  0.44959721968843247 FPS:  0.99
00:56:50.728 [INFO] (trainer.py:172) Total Epi:    74 Steps:  6306 Episode Steps:   146 Return:  174.0786 Eps:  0.44779883080967875 FPS:  0.99
00:59:17.929 [INFO] (trainer.py:172) Total Epi:    75 Steps:  6448 Episode Steps:   142 Return:  193.3046 Eps:  0.44600763548644 FPS:  0.99
01:02:10.513 [INFO] (trainer.py:172) Total Epi:    76 Steps:  6615 Episode Steps:   167 Return:  233.3734 Eps:  0.44422360494449425 FPS:  0.99
01:05:15.731 [INFO] (trainer.py:172) Total Epi:    77 Steps:  6794 Episode Steps:   179 Return:  261.6920 Eps:  0.4424467105247163 FPS:  0.99
01:08:29.107 [INFO] (trainer.py:172) Total Epi:    78 Steps:  6981 Episode Steps:   187 Return:  269.7640 Eps:  0.4406769236826174 FPS:  0.99
01:12:07.307 [INFO] (trainer.py:172) Total Epi:    79 Steps:  7193 Episode Steps:   212 Return:  309.2360 Eps:  0.43891421598788694 FPS:  0.99
01:15:14.077 [INFO] (trainer.py:172) Total Epi:    80 Steps:  7374 Episode Steps:   181 Return:  283.1000 Eps:  0.43715855912393536 FPS:  0.99
01:18:20.099 [INFO] (trainer.py:172) Total Epi:    81 Steps:  7554 Episode Steps:   180 Return:  265.8987 Eps:  0.4354099248874396 FPS:  0.99
01:21:12.690 [INFO] (trainer.py:172) Total Epi:    82 Steps:  7721 Episode Steps:   167 Return:  285.5805 Eps:  0.43366828518788986 FPS:  0.99
01:24:10.345 [INFO] (trainer.py:172) Total Epi:    83 Steps:  7893 Episode Steps:   172 Return:  289.8768 Eps:  0.4319336120471383 FPS:  0.99
01:27:58.747 [INFO] (trainer.py:172) Total Epi:    84 Steps:  8115 Episode Steps:   222 Return:  324.8921 Eps:  0.43020587759894974 FPS:  0.99
01:31:36.955 [INFO] (trainer.py:172) Total Epi:    85 Steps:  8327 Episode Steps:   212 Return:  289.5296 Eps:  0.4284850540885539 FPS:  0.99
01:32:55.761 [INFO] (trainer.py:172) Total Epi:    86 Steps:  8401 Episode Steps:    74 Return:  39.7325 Eps:  0.4267711138721997 FPS:  0.99
01:36:22.274 [INFO] (trainer.py:172) Total Epi:    87 Steps:  8601 Episode Steps:   200 Return:  296.5919 Eps:  0.4250640294167109 FPS:  0.99
01:41:04.488 [INFO] (trainer.py:172) Total Epi:    88 Steps:  8876 Episode Steps:   275 Return:  411.4087 Eps:  0.42336377329904407 FPS:  0.99
01:44:59.475 [INFO] (trainer.py:172) Total Epi:    89 Steps:  9104 Episode Steps:   228 Return:  302.1462 Eps:  0.4216703182058479 FPS:  0.99
01:48:23.019 [INFO] (trainer.py:172) Total Epi:    90 Steps:  9301 Episode Steps:   197 Return:  294.8207 Eps:  0.4199836369330245 FPS:  0.99
01:51:53.635 [INFO] (trainer.py:172) Total Epi:    91 Steps:  9505 Episode Steps:   204 Return:  275.8665 Eps:  0.4183037023852924 FPS:  0.99
01:56:07.565 [INFO] (trainer.py:172) Total Epi:    92 Steps:  9752 Episode Steps:   247 Return:  310.7390 Eps:  0.4166304875757512 FPS:  0.99
01:59:36.655 [INFO] (trainer.py:172) Total Epi:    93 Steps:  9955 Episode Steps:   203 Return:  335.1421 Eps:  0.41496396562544824 FPS:  0.99
02:00:26.096 [INFO] (trainer.py:264) Testing Episode 1
02:01:44.706 [INFO] (trainer.py:206) Evaluation Total Steps:   10000 Average Reward  1237.6392 over  1 episodes
02:05:46.756 [INFO] (trainer.py:172) Total Epi:    94 Steps:  10235 Episode Steps:   280 Return:  481.3159 Eps:  0.41330410976294646 FPS:  0.76
02:09:25.975 [INFO] (trainer.py:172) Total Epi:    95 Steps:  10448 Episode Steps:   213 Return:  306.0400 Eps:  0.41165089332389465 FPS:  0.99
02:13:11.328 [INFO] (trainer.py:172) Total Epi:    96 Steps:  10666 Episode Steps:   218 Return:  313.1889 Eps:  0.41000428975059905 FPS:  0.99
02:16:29.776 [INFO] (trainer.py:172) Total Epi:    97 Steps:  10858 Episode Steps:   192 Return:  306.7456 Eps:  0.40836427259159663 FPS:  0.99
02:20:00.942 [INFO] (trainer.py:172) Total Epi:    98 Steps:  11063 Episode Steps:   205 Return:  279.1963 Eps:  0.40673081550123025 FPS:  0.99
02:23:16.403 [INFO] (trainer.py:172) Total Epi:    99 Steps:  11252 Episode Steps:   189 Return:  288.1636 Eps:  0.4051038922392253 FPS:  0.99
02:26:26.212 [INFO] (trainer.py:172) Total Epi:   100 Steps:  11436 Episode Steps:   184 Return:  293.6833 Eps:  0.4034834766702684 FPS:  0.99
02:29:09.995 [INFO] (trainer.py:172) Total Epi:   101 Steps:  11594 Episode Steps:   158 Return:  257.7947 Eps:  0.40186954276358733 FPS:  0.99
02:32:23.330 [INFO] (trainer.py:172) Total Epi:   102 Steps:  11781 Episode Steps:   187 Return:  282.2226 Eps:  0.400262064592533 FPS:  0.99
02:36:15.777 [INFO] (trainer.py:172) Total Epi:   103 Steps:  12007 Episode Steps:   226 Return:  329.8316 Eps:  0.39866101633416284 FPS:  0.99
02:39:00.740 [INFO] (trainer.py:172) Total Epi:   104 Steps:  12166 Episode Steps:   159 Return:  226.8346 Eps:  0.3970663722688262 FPS:  0.99
02:41:33.335 [INFO] (trainer.py:172) Total Epi:   105 Steps:  12313 Episode Steps:   147 Return:  216.1393 Eps:  0.39547810677975087 FPS:  0.99
02:43:19.531 [INFO] (trainer.py:172) Total Epi:   106 Steps:  12414 Episode Steps:   101 Return:  141.5098 Eps:  0.39389619435263185 FPS:  0.99
02:45:36.612 [INFO] (trainer.py:172) Total Epi:   107 Steps:  12546 Episode Steps:   132 Return:  176.5335 Eps:  0.3923206095752213 FPS:  0.99
02:47:40.801 [INFO] (trainer.py:172) Total Epi:   108 Steps:  12665 Episode Steps:   119 Return:  206.0233 Eps:  0.3907513271369204 FPS:  0.99
02:49:25.022 [INFO] (trainer.py:172) Total Epi:   109 Steps:  12764 Episode Steps:    99 Return:  167.0692 Eps:  0.3891883218283727 FPS:  0.99
02:51:32.986 [INFO] (trainer.py:172) Total Epi:   110 Steps:  12887 Episode Steps:   123 Return:  188.5042 Eps:  0.38763156854105923 FPS:  0.99
02:53:22.715 [INFO] (trainer.py:172) Total Epi:   111 Steps:  12992 Episode Steps:   105 Return:  137.8461 Eps:  0.386081042266895 FPS:  0.99
02:55:24.693 [INFO] (trainer.py:172) Total Epi:   112 Steps:  13109 Episode Steps:   117 Return:  172.5499 Eps:  0.3845367180978274 FPS:  0.99
02:57:18.501 [INFO] (trainer.py:172) Total Epi:   113 Steps:  13218 Episode Steps:   109 Return:  166.9416 Eps:  0.3829985712254361 FPS:  0.99
02:59:35.598 [INFO] (trainer.py:172) Total Epi:   114 Steps:  13350 Episode Steps:   132 Return:  174.6944 Eps:  0.3814665769405344 FPS:  0.99
03:01:54.699 [INFO] (trainer.py:172) Total Epi:   115 Steps:  13484 Episode Steps:   134 Return:  208.8861 Eps:  0.37994071063277224 FPS:  0.99
03:03:06.952 [INFO] (trainer.py:172) Total Epi:   116 Steps:  13551 Episode Steps:    67 Return:  27.5112 Eps:  0.37842094779024116 FPS:  0.99
03:05:33.187 [INFO] (trainer.py:172) Total Epi:   117 Steps:  13692 Episode Steps:   141 Return:  204.7009 Eps:  0.3769072639990802 FPS:  0.99
03:08:01.440 [INFO] (trainer.py:172) Total Epi:   118 Steps:  13835 Episode Steps:   143 Return:  231.6983 Eps:  0.37539963494308387 FPS:  0.99
03:10:23.585 [INFO] (trainer.py:172) Total Epi:   119 Steps:  13972 Episode Steps:   137 Return:  178.5723 Eps:  0.37389803640331154 FPS:  0.99
03:13:01.440 [INFO] (trainer.py:172) Total Epi:   120 Steps:  14124 Episode Steps:   152 Return:  190.7208 Eps:  0.3724024442576983 FPS:  0.99
03:16:21.683 [INFO] (trainer.py:172) Total Epi:   121 Steps:  14318 Episode Steps:   194 Return:  258.9207 Eps:  0.37091283448066753 FPS:  0.99
03:19:42.571 [INFO] (trainer.py:172) Total Epi:   122 Steps:  14513 Episode Steps:   195 Return:  223.7619 Eps:  0.36942918314274487 FPS:  0.99
03:22:46.738 [INFO] (trainer.py:172) Total Epi:   123 Steps:  14691 Episode Steps:   178 Return:  253.9452 Eps:  0.3679514664101739 FPS:  0.99
03:25:58.511 [INFO] (trainer.py:172) Total Epi:   124 Steps:  14877 Episode Steps:   186 Return:  210.8050 Eps:  0.3664796605445332 FPS:  0.99
03:28:37.859 [INFO] (trainer.py:172) Total Epi:   125 Steps:  15031 Episode Steps:   154 Return:  223.8415 Eps:  0.365013741902355 FPS:  0.99
03:31:14.110 [INFO] (trainer.py:172) Total Epi:   126 Steps:  15182 Episode Steps:   151 Return:  202.3442 Eps:  0.3635536869347456 FPS:  0.99
03:34:14.966 [INFO] (trainer.py:172) Total Epi:   127 Steps:  15357 Episode Steps:   175 Return:  259.8200 Eps:  0.3620994721870066 FPS:  0.99
03:37:53.704 [INFO] (trainer.py:172) Total Epi:   128 Steps:  15569 Episode Steps:   212 Return:  284.2791 Eps:  0.3606510742982586 FPS:  0.99
03:41:34.846 [INFO] (trainer.py:172) Total Epi:   129 Steps:  15784 Episode Steps:   215 Return:  225.3433 Eps:  0.35920847000106554 FPS:  0.99
03:45:10.435 [INFO] (trainer.py:172) Total Epi:   130 Steps:  15993 Episode Steps:   209 Return:  266.0536+1.0915j Eps:  0.3577716361210613 FPS:  0.99
03:48:08.331 [INFO] (trainer.py:172) Total Epi:   131 Steps:  16165 Episode Steps:   172 Return:  248.5241 Eps:  0.356340549576577 FPS:  0.99
03:51:12.989 [INFO] (trainer.py:172) Total Epi:   132 Steps:  16344 Episode Steps:   179 Return:  234.8325 Eps:  0.3549151873782707 FPS:  0.99
03:54:27.802 [INFO] (trainer.py:172) Total Epi:   133 Steps:  16533 Episode Steps:   189 Return:  228.2714 Eps:  0.3534955266287576 FPS:  0.99
03:58:23.120 [INFO] (trainer.py:172) Total Epi:   134 Steps:  16762 Episode Steps:   229 Return:  279.2571 Eps:  0.35208154452224255 FPS:  0.99
04:02:06.812 [INFO] (trainer.py:172) Total Epi:   135 Steps:  16979 Episode Steps:   217 Return:  303.6740 Eps:  0.3506732183441536 FPS:  0.99
04:06:43.263 [INFO] (trainer.py:172) Total Epi:   136 Steps:  17248 Episode Steps:   269 Return:  385.9593 Eps:  0.34927052547077697 FPS:  0.99
04:10:32.958 [INFO] (trainer.py:172) Total Epi:   137 Steps:  17471 Episode Steps:   223 Return:  264.5446 Eps:  0.34787344336889386 FPS:  0.99
04:13:01.070 [INFO] (trainer.py:172) Total Epi:   138 Steps:  17614 Episode Steps:   143 Return:  85.0375 Eps:  0.3464819495954183 FPS:  0.99
04:16:54.945 [INFO] (trainer.py:172) Total Epi:   139 Steps:  17841 Episode Steps:   227 Return:  303.2434 Eps:  0.34509602179703663 FPS:  0.99
04:22:00.847 [INFO] (trainer.py:172) Total Epi:   140 Steps:  18139 Episode Steps:   298 Return:  448.3822 Eps:  0.3437156377098485 FPS:  0.99
04:26:18.520 [INFO] (trainer.py:172) Total Epi:   141 Steps:  18390 Episode Steps:   251 Return:  284.1581 Eps:  0.34234077515900907 FPS:  0.99
04:29:46.101 [INFO] (trainer.py:172) Total Epi:   142 Steps:  18591 Episode Steps:   201 Return:  272.4606+1.0915j Eps:  0.34097141205837306 FPS:  0.99
04:34:31.382 [INFO] (trainer.py:172) Total Epi:   143 Steps:  18869 Episode Steps:   278 Return:  347.8207 Eps:  0.3396075264101396 FPS:  0.99
04:38:51.559 [INFO] (trainer.py:172) Total Epi:   144 Steps:  19122 Episode Steps:   253 Return:  282.2509 Eps:  0.338249096304499 FPS:  0.99
04:40:59.901 [INFO] (trainer.py:172) Total Epi:   145 Steps:  19245 Episode Steps:   123 Return:  72.2365 Eps:  0.336896099919281 FPS:  0.99
04:45:17.523 [INFO] (trainer.py:172) Total Epi:   146 Steps:  19496 Episode Steps:   251 Return:  317.3118 Eps:  0.33554851551960385 FPS:  0.99
04:49:18.034 [INFO] (trainer.py:172) Total Epi:   147 Steps:  19730 Episode Steps:   234 Return:  268.6622 Eps:  0.33420632145752543 FPS:  0.99
04:53:26.594 [INFO] (trainer.py:172) Total Epi:   148 Steps:  19972 Episode Steps:   242 Return:  318.5527 Eps:  0.3328694961716953 FPS:  0.99
04:53:58.320 [INFO] (trainer.py:264) Testing Episode 1
04:55:16.727 [INFO] (trainer.py:206) Evaluation Total Steps:   20000 Average Reward  200.6932 over  1 episodes
04:59:14.595 [INFO] (trainer.py:172) Total Epi:   149 Steps:  20231 Episode Steps:   259 Return:  316.8946 Eps:  0.3315380181870085 FPS:  0.75
05:02:57.788 [INFO] (trainer.py:172) Total Epi:   150 Steps:  20448 Episode Steps:   217 Return:  289.5962 Eps:  0.33021186611426045 FPS:  0.99
05:06:52.664 [INFO] (trainer.py:172) Total Epi:   151 Steps:  20676 Episode Steps:   228 Return:  245.3076 Eps:  0.3288910186498034 FPS:  0.99
05:10:59.784 [INFO] (trainer.py:172) Total Epi:   152 Steps:  20916 Episode Steps:   240 Return:  386.9125 Eps:  0.3275754545752042 FPS:  0.99
05:14:43.471 [INFO] (trainer.py:172) Total Epi:   153 Steps:  21133 Episode Steps:   217 Return:  310.5527 Eps:  0.3262651527569034 FPS:  0.99
05:19:29.786 [INFO] (trainer.py:172) Total Epi:   154 Steps:  21412 Episode Steps:   279 Return:  335.4465 Eps:  0.32496009214587573 FPS:  0.99
05:24:01.075 [INFO] (trainer.py:172) Total Epi:   155 Steps:  21676 Episode Steps:   264 Return:  332.6062 Eps:  0.32366025177729224 FPS:  0.99
05:26:27.668 [INFO] (trainer.py:172) Total Epi:   156 Steps:  21817 Episode Steps:   141 Return:  93.3299 Eps:  0.32236561077018305 FPS:  0.99
05:30:48.270 [INFO] (trainer.py:172) Total Epi:   157 Steps:  22071 Episode Steps:   254 Return:  334.0745 Eps:  0.3210761483271023 FPS:  0.99
05:35:51.547 [INFO] (trainer.py:172) Total Epi:   158 Steps:  22367 Episode Steps:   296 Return:  320.1281 Eps:  0.3197918437337939 FPS:  0.99
05:39:40.261 [INFO] (trainer.py:172) Total Epi:   159 Steps:  22589 Episode Steps:   222 Return:  280.8958 Eps:  0.3185126763588587 FPS:  0.99
05:44:12.119 [INFO] (trainer.py:172) Total Epi:   160 Steps:  22854 Episode Steps:   265 Return:  397.6667 Eps:  0.31723862565342326 FPS:  0.99
