INFO:root:Total_episodes: 0, Total_steps: 0, episode_steps: 1

INFO:root:Initializing new episode ...
INFO:root:Ep 1 robot pose [x,y,yaw]: [4.5, 1.5, 3.1416]
INFO:root:Ep 1 goal pose [x, y]: [5.05, 2.05]
INFO:root:Ep 1: Collision
INFO:root:Total_episodes: 1, Total_steps: 96, episode_steps: 96

INFO:root:Initializing new episode ...
INFO:root:Ep 2 robot pose [x,y,yaw]: [4.5, 1.5, 3.1416]
INFO:root:Ep 2 goal pose [x, y]: [0.0, 0.0]
INFO:root:Ep 2: Collision
INFO:root:Total_episodes: 2, Total_steps: 145, episode_steps: 49

INFO:root:Initializing new episode ...
INFO:root:Ep 3 robot pose [x,y,yaw]: [4.5, 1.5, 3.1416]
INFO:root:Ep 3 goal pose [x, y]: [0.0, 0.0]
INFO:root:Ep 3: Collision
INFO:root:Total_episodes: 3, Total_steps: 196, episode_steps: 51

INFO:root:Initializing new episode ...
INFO:root:Ep 4 robot pose [x,y,yaw]: [4.5, 1.5, 3.1416]
INFO:root:Ep 4 goal pose [x, y]: [0.0, 0.0]
INFO:root:Ep 4: Collision
INFO:root:Total_episodes: 4, Total_steps: 243, episode_steps: 47

INFO:root:Initializing new episode ...
INFO:root:Ep 5 robot pose [x,y,yaw]: [4.5, 1.5, 3.1416]
INFO:root:Ep 5 goal pose [x, y]: [0.0, 0.0]
INFO:root:Ep 5: Collision
INFO:root:Total_episodes: 5, Total_steps: 271, episode_steps: 28

INFO:root:Initializing new episode ...
INFO:root:Ep 6 robot pose [x,y,yaw]: [4.5, 1.5, 3.1416]
INFO:root:Ep 6 goal pose [x, y]: [0.0, 0.0]
INFO:root:Ep 6: Collision
INFO:root:Total_episodes: 6, Total_steps: 322, episode_steps: 51

INFO:root:Initializing new episode ...
INFO:root:Ep 7 robot pose [x,y,yaw]: [4.5, 1.5, 3.1416]
INFO:root:Ep 7 goal pose [x, y]: [0.0, 0.0]
INFO:root:Ep 7: Collision
INFO:root:Total_episodes: 7, Total_steps: 366, episode_steps: 44

INFO:root:Initializing new episode ...
INFO:root:Ep 8 robot pose [x,y,yaw]: [4.5, 1.5, 3.1416]
INFO:root:Ep 8 goal pose [x, y]: [0.0, 0.0]
INFO:root:Ep 8: Collision
INFO:root:Total_episodes: 8, Total_steps: 410, episode_steps: 44

INFO:root:Initializing new episode ...
INFO:root:Ep 9 robot pose [x,y,yaw]: [4.5, 1.5, 3.1416]
INFO:root:Ep 9 goal pose [x, y]: [0.0, 0.0]
INFO:root:Ep 9: Collision
INFO:root:Total_episodes: 9, Total_steps: 463, episode_steps: 53

INFO:root:Initializing new episode ...
INFO:root:Ep 10 robot pose [x,y,yaw]: [4.5, 1.5, 3.1416]
INFO:root:Ep 10 goal pose [x, y]: [0.0, 0.0]
INFO:root:Ep 10: Collision
INFO:root:Total_episodes: 10, Total_steps: 517, episode_steps: 54

INFO:root:Initializing new episode ...
INFO:root:Ep 11 robot pose [x,y,yaw]: [4.5, 1.5, 3.1416]
INFO:root:Ep 11 goal pose [x, y]: [0.0, 0.0]
INFO:root:Ep 11: Collision
INFO:root:Total_episodes: 11, Total_steps: 572, episode_steps: 55

INFO:root:Initializing new episode ...
INFO:root:Ep 12 robot pose [x,y,yaw]: [4.5, 1.5, 3.1416]
INFO:root:Ep 12 goal pose [x, y]: [0.0, 0.0]
INFO:root:Ep 12: Collision
INFO:root:Total_episodes: 12, Total_steps: 666, episode_steps: 94

INFO:root:Initializing new episode ...
INFO:root:Ep 13 robot pose [x,y,yaw]: [4.5, 1.5, 3.1416]
INFO:root:Ep 13 goal pose [x, y]: [0.0, 0.0]
INFO:root:Ep 13: Collision
INFO:root:Total_episodes: 13, Total_steps: 731, episode_steps: 65

INFO:root:Initializing new episode ...
INFO:root:Ep 14 robot pose [x,y,yaw]: [4.5, 1.5, 3.1416]
INFO:root:Ep 14 goal pose [x, y]: [0.0, 0.0]
INFO:root:Ep 14: Collision
INFO:root:Total_episodes: 14, Total_steps: 793, episode_steps: 62

INFO:root:Initializing new episode ...
INFO:root:Ep 15 robot pose [x,y,yaw]: [4.5, 1.5, 3.1416]
INFO:root:Ep 15 goal pose [x, y]: [0.0, 0.0]
INFO:root:Ep 15: Collision
INFO:root:Total_episodes: 15, Total_steps: 860, episode_steps: 67

INFO:root:Initializing new episode ...
INFO:root:Ep 16 robot pose [x,y,yaw]: [4.5, 1.5, 3.1416]
INFO:root:Ep 16 goal pose [x, y]: [0.0, 0.0]
INFO:root:Ep 16: Collision
INFO:root:Total_episodes: 16, Total_steps: 954, episode_steps: 94

INFO:root:Initializing new episode ...
INFO:root:Ep 17 robot pose [x,y,yaw]: [4.5, 1.5, 3.1416]
INFO:root:Ep 17 goal pose [x, y]: [0.0, 0.0]
INFO:root:Ep 17: Collision
INFO:root:Total_episodes: 17, Total_steps: 1007, episode_steps: 53

INFO:root:Initializing new episode ...
INFO:root:Ep 18 robot pose [x,y,yaw]: [4.5, 1.5, 3.1416]
INFO:root:Ep 18 goal pose [x, y]: [0.0, 0.0]
INFO:root:Ep 18: Collision
INFO:root:Total_episodes: 18, Total_steps: 1064, episode_steps: 57

INFO:root:Initializing new episode ...
INFO:root:Ep 19 robot pose [x,y,yaw]: [4.5, 1.5, 3.1416]
INFO:root:Ep 19 goal pose [x, y]: [0.0, 0.0]
INFO:root:Ep 19: Collision
INFO:root:Total_episodes: 19, Total_steps: 1112, episode_steps: 48

INFO:root:Initializing new episode ...
INFO:root:Ep 20 robot pose [x,y,yaw]: [4.5, 1.5, 3.1416]
INFO:root:Ep 20 goal pose [x, y]: [0.0, 0.0]
INFO:root:Ep 20: Collision
INFO:root:Total_episodes: 20, Total_steps: 1196, episode_steps: 84

INFO:root:Initializing new episode ...
INFO:root:Ep 21 robot pose [x,y,yaw]: [4.5, 1.5, 3.1416]
INFO:root:Ep 21 goal pose [x, y]: [0.0, 0.0]
INFO:root:Ep 21: Collision
INFO:root:Total_episodes: 21, Total_steps: 1238, episode_steps: 42

INFO:root:Initializing new episode ...
INFO:root:Ep 22 robot pose [x,y,yaw]: [4.5, 1.5, 3.1416]
INFO:root:Ep 22 goal pose [x, y]: [0.0, 0.0]
INFO:root:Ep 22: Collision
INFO:root:Total_episodes: 22, Total_steps: 1313, episode_steps: 75

INFO:root:Initializing new episode ...
INFO:root:Ep 23 robot pose [x,y,yaw]: [4.5, 1.5, 3.1416]
INFO:root:Ep 23 goal pose [x, y]: [0.0, 0.0]
INFO:root:Ep 23: Collision
INFO:root:Total_episodes: 23, Total_steps: 1357, episode_steps: 44

INFO:root:Initializing new episode ...
INFO:root:Ep 24 robot pose [x,y,yaw]: [4.5, 1.5, 3.1416]
INFO:root:Ep 24 goal pose [x, y]: [0.0, 0.0]
INFO:root:Ep 24: Collision
INFO:root:Total_episodes: 24, Total_steps: 1404, episode_steps: 47

INFO:root:Initializing new episode ...
INFO:root:Ep 25 robot pose [x,y,yaw]: [4.5, 1.5, 3.1416]
INFO:root:Ep 25 goal pose [x, y]: [0.0, 0.0]
INFO:root:Ep 25: Collision
INFO:root:Total_episodes: 25, Total_steps: 1472, episode_steps: 68

INFO:root:Initializing new episode ...
INFO:root:Ep 26 robot pose [x,y,yaw]: [4.5, 1.5, 3.1416]
INFO:root:Ep 26 goal pose [x, y]: [0.0, 0.0]
INFO:root:Ep 26: Collision
INFO:root:Total_episodes: 26, Total_steps: 1489, episode_steps: 17

INFO:root:Initializing new episode ...
INFO:root:Ep 27 robot pose [x,y,yaw]: [4.5, 1.5, 3.1416]
INFO:root:Ep 27 goal pose [x, y]: [0.0, 0.0]
INFO:root:Ep 27: Collision
INFO:root:Total_episodes: 27, Total_steps: 1571, episode_steps: 82

INFO:root:Initializing new episode ...
INFO:root:Ep 28 robot pose [x,y,yaw]: [4.5, 1.5, 3.1416]
INFO:root:Ep 28 goal pose [x, y]: [0.0, 0.0]
INFO:root:Ep 28: Collision
INFO:root:Total_episodes: 28, Total_steps: 1643, episode_steps: 72

INFO:root:Initializing new episode ...
INFO:root:Ep 29 robot pose [x,y,yaw]: [4.5, 1.5, 3.1416]
INFO:root:Ep 29 goal pose [x, y]: [0.0, 0.0]
INFO:root:Ep 29: Collision
INFO:root:Total_episodes: 29, Total_steps: 1716, episode_steps: 73

INFO:root:Initializing new episode ...
INFO:root:Ep 30 robot pose [x,y,yaw]: [4.5, 1.5, 3.1416]
INFO:root:Ep 30 goal pose [x, y]: [0.0, 0.0]
INFO:root:Ep 30: Collision
INFO:root:Total_episodes: 30, Total_steps: 1775, episode_steps: 59

INFO:root:Initializing new episode ...
INFO:root:Ep 31 robot pose [x,y,yaw]: [4.5, 1.5, 3.1416]
INFO:root:Ep 31 goal pose [x, y]: [0.0, 0.0]
INFO:root:Ep 31: Collision
INFO:root:Total_episodes: 31, Total_steps: 1814, episode_steps: 39

INFO:root:Initializing new episode ...
INFO:root:Ep 32 robot pose [x,y,yaw]: [4.5, 1.5, 3.1416]
INFO:root:Ep 32 goal pose [x, y]: [0.0, 0.0]
INFO:root:Ep 32: Collision
INFO:root:Total_episodes: 32, Total_steps: 1902, episode_steps: 88

INFO:root:Initializing new episode ...
INFO:root:Ep 33 robot pose [x,y,yaw]: [4.5, 1.5, 3.1416]
INFO:root:Ep 33 goal pose [x, y]: [0.0, 0.0]
INFO:root:Ep 33: Collision
INFO:root:Total_episodes: 33, Total_steps: 1976, episode_steps: 74

INFO:root:Initializing new episode ...
INFO:root:Ep 34 robot pose [x,y,yaw]: [4.5, 1.5, 3.1416]
INFO:root:Ep 34 goal pose [x, y]: [0.0, 0.0]
INFO:root:Ep 34: Collision
INFO:root:Total_episodes: 34, Total_steps: 2055, episode_steps: 79

INFO:root:Initializing new episode ...
INFO:root:Ep 35 robot pose [x,y,yaw]: [4.5, 1.5, 3.1416]
INFO:root:Ep 35 goal pose [x, y]: [0.0, 0.0]
INFO:root:Ep 35: Collision
INFO:root:Total_episodes: 35, Total_steps: 2123, episode_steps: 68

INFO:root:Initializing new episode ...
INFO:root:Ep 36 robot pose [x,y,yaw]: [4.5, 1.5, 3.1416]
INFO:root:Ep 36 goal pose [x, y]: [0.0, 0.0]
INFO:root:Ep 36: Collision
INFO:root:Total_episodes: 36, Total_steps: 2210, episode_steps: 87

INFO:root:Initializing new episode ...
INFO:root:Ep 37 robot pose [x,y,yaw]: [4.5, 1.5, 3.1416]
INFO:root:Ep 37 goal pose [x, y]: [0.0, 0.0]
INFO:root:Ep 37: Collision
INFO:root:Total_episodes: 37, Total_steps: 2279, episode_steps: 69

INFO:root:Initializing new episode ...
INFO:root:Ep 38 robot pose [x,y,yaw]: [4.5, 1.5, 3.1416]
INFO:root:Ep 38 goal pose [x, y]: [0.0, 0.0]
INFO:root:Ep 38: Collision
INFO:root:Total_episodes: 38, Total_steps: 2343, episode_steps: 64

INFO:root:Initializing new episode ...
INFO:root:Ep 39 robot pose [x,y,yaw]: [4.5, 1.5, 3.1416]
INFO:root:Ep 39 goal pose [x, y]: [0.0, 0.0]
INFO:root:Ep 39: Collision
INFO:root:Total_episodes: 39, Total_steps: 2417, episode_steps: 74

INFO:root:Initializing new episode ...
INFO:root:Ep 40 robot pose [x,y,yaw]: [4.5, 1.5, 3.1416]
INFO:root:Ep 40 goal pose [x, y]: [0.0, 0.0]
INFO:root:Ep 40: Collision
INFO:root:Total_episodes: 40, Total_steps: 2526, episode_steps: 109

INFO:root:Initializing new episode ...
INFO:root:Ep 41 robot pose [x,y,yaw]: [4.5, 1.5, 3.1416]
INFO:root:Ep 41 goal pose [x, y]: [0.0, 0.0]
INFO:root:Ep 41: Collision
INFO:root:Total_episodes: 41, Total_steps: 2626, episode_steps: 100

INFO:root:Initializing new episode ...
INFO:root:Ep 42 robot pose [x,y,yaw]: [4.5, 1.5, 3.1416]
INFO:root:Ep 42 goal pose [x, y]: [0.0, 0.0]
INFO:root:Ep 42: Collision
INFO:root:Total_episodes: 42, Total_steps: 2706, episode_steps: 80

INFO:root:Initializing new episode ...
INFO:root:Ep 43 robot pose [x,y,yaw]: [4.5, 1.5, 3.1416]
INFO:root:Ep 43 goal pose [x, y]: [0.0, 0.0]
INFO:root:Ep 43: Collision
INFO:root:Total_episodes: 43, Total_steps: 2789, episode_steps: 83

INFO:root:Initializing new episode ...
INFO:root:Ep 44 robot pose [x,y,yaw]: [4.5, 1.5, 3.1416]
INFO:root:Ep 44 goal pose [x, y]: [0.0, 0.0]
INFO:root:Ep 44: Collision
INFO:root:Total_episodes: 44, Total_steps: 2880, episode_steps: 91

INFO:root:Initializing new episode ...
INFO:root:Ep 45 robot pose [x,y,yaw]: [4.5, 1.5, 3.1416]
INFO:root:Ep 45 goal pose [x, y]: [0.0, 0.0]
INFO:root:Ep 45: Collision
INFO:root:Total_episodes: 45, Total_steps: 2952, episode_steps: 72

INFO:root:Initializing new episode ...
INFO:root:Ep 46 robot pose [x,y,yaw]: [4.5, 1.5, 3.1416]
INFO:root:Ep 46 goal pose [x, y]: [0.0, 0.0]
INFO:root:Ep 46: Collision
INFO:root:Total_episodes: 46, Total_steps: 3046, episode_steps: 94

INFO:root:Initializing new episode ...
INFO:root:Ep 47 robot pose [x,y,yaw]: [4.5, 1.5, 3.1416]
INFO:root:Ep 47 goal pose [x, y]: [0.0, 0.0]
INFO:root:Ep 47: Collision
INFO:root:Total_episodes: 47, Total_steps: 3127, episode_steps: 81

INFO:root:Initializing new episode ...
INFO:root:Ep 48 robot pose [x,y,yaw]: [4.5, 1.5, 3.1416]
INFO:root:Ep 48 goal pose [x, y]: [0.0, 0.0]
INFO:root:Ep 48: Collision
INFO:root:Total_episodes: 48, Total_steps: 3205, episode_steps: 78

INFO:root:Initializing new episode ...
INFO:root:Ep 49 robot pose [x,y,yaw]: [4.5, 1.5, 3.1416]
INFO:root:Ep 49 goal pose [x, y]: [0.0, 0.0]
INFO:root:Ep 49: Collision
INFO:root:Total_episodes: 49, Total_steps: 3283, episode_steps: 78

INFO:root:Initializing new episode ...
INFO:root:Ep 50 robot pose [x,y,yaw]: [4.5, 1.5, 3.1416]
INFO:root:Ep 50 goal pose [x, y]: [0.0, 0.0]
INFO:root:Ep 50: Collision
INFO:root:Total_episodes: 50, Total_steps: 3352, episode_steps: 69

INFO:root:Initializing new episode ...
INFO:root:Ep 51 robot pose [x,y,yaw]: [4.5, 1.5, 3.1416]
INFO:root:Ep 51 goal pose [x, y]: [0.0, 0.0]
INFO:root:Ep 51: Collision
INFO:root:Total_episodes: 51, Total_steps: 3427, episode_steps: 75

INFO:root:Initializing new episode ...
INFO:root:Ep 52 robot pose [x,y,yaw]: [4.5, 1.5, 3.1416]
INFO:root:Ep 52 goal pose [x, y]: [0.0, 0.0]
INFO:root:Ep 52: Collision
INFO:root:Total_episodes: 52, Total_steps: 3511, episode_steps: 84

INFO:root:Initializing new episode ...
INFO:root:Ep 53 robot pose [x,y,yaw]: [4.5, 1.5, 3.1416]
INFO:root:Ep 53 goal pose [x, y]: [0.0, 0.0]
INFO:root:Ep 53: Collision
INFO:root:Total_episodes: 53, Total_steps: 3629, episode_steps: 118

INFO:root:Initializing new episode ...
INFO:root:Ep 54 robot pose [x,y,yaw]: [4.5, 1.5, 3.1416]
INFO:root:Ep 54 goal pose [x, y]: [0.0, 0.0]
INFO:root:Ep 54: Collision
INFO:root:Total_episodes: 54, Total_steps: 3714, episode_steps: 85

INFO:root:Initializing new episode ...
INFO:root:Ep 55 robot pose [x,y,yaw]: [4.5, 1.5, 3.1416]
INFO:root:Ep 55 goal pose [x, y]: [0.0, 0.0]
INFO:root:Ep 55: Collision
INFO:root:Total_episodes: 55, Total_steps: 3800, episode_steps: 86

INFO:root:Initializing new episode ...
INFO:root:Ep 56 robot pose [x,y,yaw]: [4.5, 1.5, 3.1416]
INFO:root:Ep 56 goal pose [x, y]: [0.0, 0.0]
INFO:root:Ep 56: Collision
INFO:root:Total_episodes: 56, Total_steps: 3887, episode_steps: 87

INFO:root:Initializing new episode ...
INFO:root:Ep 57 robot pose [x,y,yaw]: [4.5, 1.5, 3.1416]
INFO:root:Ep 57 goal pose [x, y]: [0.0, 0.0]
INFO:root:Ep 57: Collision
INFO:root:Total_episodes: 57, Total_steps: 4003, episode_steps: 116

INFO:root:Initializing new episode ...
INFO:root:Ep 58 robot pose [x,y,yaw]: [4.5, 1.5, 3.1416]
INFO:root:Ep 58 goal pose [x, y]: [0.0, 0.0]
INFO:root:Ep 58: Collision
INFO:root:Total_episodes: 58, Total_steps: 4091, episode_steps: 88

INFO:root:Initializing new episode ...
INFO:root:Ep 59 robot pose [x,y,yaw]: [4.5, 1.5, 3.1416]
INFO:root:Ep 59 goal pose [x, y]: [0.0, 0.0]
INFO:root:Ep 59: Collision
INFO:root:Total_episodes: 59, Total_steps: 4214, episode_steps: 123

INFO:root:Initializing new episode ...
INFO:root:Ep 60 robot pose [x,y,yaw]: [4.5, 1.5, 3.1416]
INFO:root:Ep 60 goal pose [x, y]: [0.0, 0.0]
INFO:root:Ep 60: Collision
INFO:root:Total_episodes: 60, Total_steps: 4353, episode_steps: 139

INFO:root:Initializing new episode ...
INFO:root:Ep 61 robot pose [x,y,yaw]: [4.5, 1.5, 3.1416]
INFO:root:Ep 61 goal pose [x, y]: [0.0, 0.0]
INFO:root:Ep 61: Collision
INFO:root:Total_episodes: 61, Total_steps: 4472, episode_steps: 119

INFO:root:Initializing new episode ...
INFO:root:Ep 62 robot pose [x,y,yaw]: [4.5, 1.5, 3.1416]
INFO:root:Ep 62 goal pose [x, y]: [0.0, 0.0]
INFO:root:Ep 62: Collision
INFO:root:Total_episodes: 62, Total_steps: 4585, episode_steps: 113

INFO:root:Initializing new episode ...
INFO:root:Ep 63 robot pose [x,y,yaw]: [4.5, 1.5, 3.1416]
INFO:root:Ep 63 goal pose [x, y]: [0.0, 0.0]
INFO:root:Ep 63: Collision
INFO:root:Total_episodes: 63, Total_steps: 4722, episode_steps: 137

INFO:root:Initializing new episode ...
INFO:root:Ep 64 robot pose [x,y,yaw]: [4.5, 1.5, 3.1416]
INFO:root:Ep 64 goal pose [x, y]: [0.0, 0.0]
INFO:root:Ep 64: Collision
INFO:root:Total_episodes: 64, Total_steps: 4863, episode_steps: 141

INFO:root:Initializing new episode ...
INFO:root:Ep 65 robot pose [x,y,yaw]: [4.5, 1.5, 3.1416]
INFO:root:Ep 65 goal pose [x, y]: [0.0, 0.0]
INFO:root:Ep 65: Collision
INFO:root:Total_episodes: 65, Total_steps: 5013, episode_steps: 150

INFO:root:Initializing new episode ...
INFO:root:Ep 66 robot pose [x,y,yaw]: [4.5, 1.5, 3.1416]
INFO:root:Ep 66 goal pose [x, y]: [0.0, 0.0]
INFO:root:Ep 66: Collision
INFO:root:Total_episodes: 66, Total_steps: 5163, episode_steps: 150

INFO:root:Initializing new episode ...
INFO:root:Ep 67 robot pose [x,y,yaw]: [4.5, 1.5, 3.1416]
INFO:root:Ep 67 goal pose [x, y]: [0.0, 0.0]
INFO:root:Ep 67: Collision
INFO:root:Total_episodes: 67, Total_steps: 5290, episode_steps: 127

INFO:root:Initializing new episode ...
INFO:root:Ep 68 robot pose [x,y,yaw]: [4.5, 1.5, 3.1416]
INFO:root:Ep 68 goal pose [x, y]: [0.0, 0.0]
INFO:root:Ep 68: Collision
INFO:root:Total_episodes: 68, Total_steps: 5435, episode_steps: 145

INFO:root:Initializing new episode ...
INFO:root:Ep 69 robot pose [x,y,yaw]: [4.5, 1.5, 3.1416]
INFO:root:Ep 69 goal pose [x, y]: [0.0, 0.0]
INFO:root:Ep 69: Collision
INFO:root:Total_episodes: 69, Total_steps: 5582, episode_steps: 147

INFO:root:Initializing new episode ...
INFO:root:Ep 70 robot pose [x,y,yaw]: [4.5, 1.5, 3.1416]
INFO:root:Ep 70 goal pose [x, y]: [0.0, 0.0]
INFO:root:Ep 70: Collision
INFO:root:Total_episodes: 70, Total_steps: 5729, episode_steps: 147

INFO:root:Initializing new episode ...
INFO:root:Ep 71 robot pose [x,y,yaw]: [4.5, 1.5, 3.1416]
INFO:root:Ep 71 goal pose [x, y]: [0.0, 0.0]
INFO:root:Ep 71: Collision
INFO:root:Total_episodes: 71, Total_steps: 5873, episode_steps: 144

INFO:root:Initializing new episode ...
INFO:root:Ep 72 robot pose [x,y,yaw]: [4.5, 1.5, 3.1416]
INFO:root:Ep 72 goal pose [x, y]: [0.0, 0.0]
INFO:root:Ep 72: Collision
INFO:root:Total_episodes: 72, Total_steps: 6019, episode_steps: 146

INFO:root:Initializing new episode ...
INFO:root:Ep 73 robot pose [x,y,yaw]: [4.5, 1.5, 3.1416]
INFO:root:Ep 73 goal pose [x, y]: [0.0, 0.0]
INFO:root:Ep 73: Collision
INFO:root:Total_episodes: 73, Total_steps: 6160, episode_steps: 141

INFO:root:Initializing new episode ...
INFO:root:Ep 74 robot pose [x,y,yaw]: [4.5, 1.5, 3.1416]
INFO:root:Ep 74 goal pose [x, y]: [0.0, 0.0]
INFO:root:Ep 74: Collision
INFO:root:Total_episodes: 74, Total_steps: 6306, episode_steps: 146

INFO:root:Initializing new episode ...
INFO:root:Ep 75 robot pose [x,y,yaw]: [4.5, 1.5, 3.1416]
INFO:root:Ep 75 goal pose [x, y]: [0.0, 0.0]
INFO:root:Ep 75: Collision
INFO:root:Total_episodes: 75, Total_steps: 6448, episode_steps: 142

INFO:root:Initializing new episode ...
INFO:root:Ep 76 robot pose [x,y,yaw]: [4.5, 1.5, 3.1416]
INFO:root:Ep 76 goal pose [x, y]: [0.0, 0.0]
INFO:root:Ep 76: Collision
INFO:root:Total_episodes: 76, Total_steps: 6615, episode_steps: 167

INFO:root:Initializing new episode ...
INFO:root:Ep 77 robot pose [x,y,yaw]: [4.5, 1.5, 3.1416]
INFO:root:Ep 77 goal pose [x, y]: [0.0, 0.0]
INFO:root:Ep 77: Collision
INFO:root:Total_episodes: 77, Total_steps: 6794, episode_steps: 179

INFO:root:Initializing new episode ...
INFO:root:Ep 78 robot pose [x,y,yaw]: [4.5, 1.5, 3.1416]
INFO:root:Ep 78 goal pose [x, y]: [0.0, 0.0]
INFO:root:Ep 78: Collision
INFO:root:Total_episodes: 78, Total_steps: 6981, episode_steps: 187

INFO:root:Initializing new episode ...
INFO:root:Ep 79 robot pose [x,y,yaw]: [4.5, 1.5, 3.1416]
INFO:root:Ep 79 goal pose [x, y]: [0.0, 0.0]
INFO:root:Ep 79: Collision
INFO:root:Total_episodes: 79, Total_steps: 7193, episode_steps: 212

INFO:root:Initializing new episode ...
INFO:root:Ep 80 robot pose [x,y,yaw]: [4.5, 1.5, 3.1416]
INFO:root:Ep 80 goal pose [x, y]: [0.0, 0.0]
INFO:root:Ep 80: Collision
INFO:root:Total_episodes: 80, Total_steps: 7374, episode_steps: 181

INFO:root:Initializing new episode ...
INFO:root:Ep 81 robot pose [x,y,yaw]: [4.5, 1.5, 3.1416]
INFO:root:Ep 81 goal pose [x, y]: [0.0, 0.0]
INFO:root:Ep 81: Collision
INFO:root:Total_episodes: 81, Total_steps: 7554, episode_steps: 180

INFO:root:Initializing new episode ...
INFO:root:Ep 82 robot pose [x,y,yaw]: [4.5, 1.5, 3.1416]
INFO:root:Ep 82 goal pose [x, y]: [0.0, 0.0]
INFO:root:Ep 82: Collision
INFO:root:Total_episodes: 82, Total_steps: 7721, episode_steps: 167

INFO:root:Initializing new episode ...
INFO:root:Ep 83 robot pose [x,y,yaw]: [4.5, 1.5, 3.1416]
INFO:root:Ep 83 goal pose [x, y]: [0.0, 0.0]
INFO:root:Ep 83: Collision
INFO:root:Total_episodes: 83, Total_steps: 7893, episode_steps: 172

INFO:root:Initializing new episode ...
INFO:root:Ep 84 robot pose [x,y,yaw]: [4.5, 1.5, 3.1416]
INFO:root:Ep 84 goal pose [x, y]: [0.0, 0.0]
INFO:root:Ep 84: Collision
INFO:root:Total_episodes: 84, Total_steps: 8115, episode_steps: 222

INFO:root:Initializing new episode ...
INFO:root:Ep 85 robot pose [x,y,yaw]: [4.5, 1.5, 3.1416]
INFO:root:Ep 85 goal pose [x, y]: [0.0, 0.0]
INFO:root:Ep 85: Collision
INFO:root:Total_episodes: 85, Total_steps: 8327, episode_steps: 212

INFO:root:Initializing new episode ...
INFO:root:Ep 86 robot pose [x,y,yaw]: [4.5, 1.5, 3.1416]
INFO:root:Ep 86 goal pose [x, y]: [0.0, 0.0]
INFO:root:Ep 86: Collision
INFO:root:Total_episodes: 86, Total_steps: 8401, episode_steps: 74

INFO:root:Initializing new episode ...
INFO:root:Ep 87 robot pose [x,y,yaw]: [4.5, 1.5, 3.1416]
INFO:root:Ep 87 goal pose [x, y]: [0.0, 0.0]
INFO:root:Ep 87: Collision
INFO:root:Total_episodes: 87, Total_steps: 8601, episode_steps: 200

INFO:root:Initializing new episode ...
INFO:root:Ep 88 robot pose [x,y,yaw]: [4.5, 1.5, 3.1416]
INFO:root:Ep 88 goal pose [x, y]: [0.0, 0.0]
INFO:root:Ep 88: Collision
INFO:root:Total_episodes: 88, Total_steps: 8876, episode_steps: 275

INFO:root:Initializing new episode ...
INFO:root:Ep 89 robot pose [x,y,yaw]: [4.5, 1.5, 3.1416]
INFO:root:Ep 89 goal pose [x, y]: [0.0, 0.0]
INFO:root:Ep 89: Collision
INFO:root:Total_episodes: 89, Total_steps: 9104, episode_steps: 228

INFO:root:Initializing new episode ...
INFO:root:Ep 90 robot pose [x,y,yaw]: [4.5, 1.5, 3.1416]
INFO:root:Ep 90 goal pose [x, y]: [0.0, 0.0]
INFO:root:Ep 90: Collision
INFO:root:Total_episodes: 90, Total_steps: 9301, episode_steps: 197

INFO:root:Initializing new episode ...
INFO:root:Ep 91 robot pose [x,y,yaw]: [4.5, 1.5, 3.1416]
INFO:root:Ep 91 goal pose [x, y]: [0.0, 0.0]
INFO:root:Ep 91: Collision
INFO:root:Total_episodes: 91, Total_steps: 9505, episode_steps: 204

INFO:root:Initializing new episode ...
INFO:root:Ep 92 robot pose [x,y,yaw]: [4.5, 1.5, 3.1416]
INFO:root:Ep 92 goal pose [x, y]: [0.0, 0.0]
INFO:root:Ep 92: Collision
INFO:root:Total_episodes: 92, Total_steps: 9752, episode_steps: 247

INFO:root:Initializing new episode ...
INFO:root:Ep 93 robot pose [x,y,yaw]: [4.5, 1.5, 3.1416]
INFO:root:Ep 93 goal pose [x, y]: [0.0, 0.0]
INFO:root:Ep 93: Collision
INFO:root:Total_episodes: 93, Total_steps: 9955, episode_steps: 203

INFO:root:Initializing new episode ...
INFO:root:Ep 94 robot pose [x,y,yaw]: [4.5, 1.5, 3.1416]
INFO:root:Ep 94 goal pose [x, y]: [0.0, 0.0]
INFO:root:Total_episodes: 93 evaluation episode, Total_steps: 10000, episode_steps: 45

INFO:root:Initializing new episode ...
INFO:root:Ep evaluate robot pose [x,y,yaw]: [4.5, 1.5, 3.1416]
INFO:root:Ep evaluate goal pose [x, y]: [0.0, 0.0]
INFO:root:Ep evaluate: Timeout
INFO:root:Total_episodes: 93, Total_steps: 10000, episode_steps: 750

INFO:root:Initializing new episode ...
INFO:root:Ep 94 robot pose [x,y,yaw]: [4.5, 1.5, 3.1416]
INFO:root:Ep 94 goal pose [x, y]: [0.0, 0.0]
INFO:root:Ep 94: Collision
INFO:root:Total_episodes: 94, Total_steps: 10235, episode_steps: 280

INFO:root:Initializing new episode ...
INFO:root:Ep 95 robot pose [x,y,yaw]: [4.5, 1.5, 3.1416]
INFO:root:Ep 95 goal pose [x, y]: [0.0, 0.0]
INFO:root:Ep 95: Collision
INFO:root:Total_episodes: 95, Total_steps: 10448, episode_steps: 213

INFO:root:Initializing new episode ...
INFO:root:Ep 96 robot pose [x,y,yaw]: [4.5, 1.5, 3.1416]
INFO:root:Ep 96 goal pose [x, y]: [0.0, 0.0]
INFO:root:Ep 96: Collision
INFO:root:Total_episodes: 96, Total_steps: 10666, episode_steps: 218

INFO:root:Initializing new episode ...
INFO:root:Ep 97 robot pose [x,y,yaw]: [4.5, 1.5, 3.1416]
INFO:root:Ep 97 goal pose [x, y]: [0.0, 0.0]
INFO:root:Ep 97: Collision
INFO:root:Total_episodes: 97, Total_steps: 10858, episode_steps: 192

INFO:root:Initializing new episode ...
INFO:root:Ep 98 robot pose [x,y,yaw]: [4.5, 1.5, 3.1416]
INFO:root:Ep 98 goal pose [x, y]: [0.0, 0.0]
INFO:root:Ep 98: Collision
INFO:root:Total_episodes: 98, Total_steps: 11063, episode_steps: 205

INFO:root:Initializing new episode ...
INFO:root:Ep 99 robot pose [x,y,yaw]: [4.5, 1.5, 3.1416]
INFO:root:Ep 99 goal pose [x, y]: [0.0, 0.0]
INFO:root:Ep 99: Collision
INFO:root:Total_episodes: 99, Total_steps: 11252, episode_steps: 189

INFO:root:Initializing new episode ...
INFO:root:Ep 100 robot pose [x,y,yaw]: [4.5, 1.5, 3.1416]
INFO:root:Ep 100 goal pose [x, y]: [0.0, 0.0]
INFO:root:Ep 100: Collision
INFO:root:Total_episodes: 100, Total_steps: 11436, episode_steps: 184

INFO:root:Initializing new episode ...
INFO:root:Ep 101 robot pose [x,y,yaw]: [4.5, 1.5, 3.1416]
INFO:root:Ep 101 goal pose [x, y]: [0.0, 0.0]
INFO:root:Ep 101: Collision
INFO:root:Total_episodes: 101, Total_steps: 11594, episode_steps: 158

INFO:root:Initializing new episode ...
INFO:root:Ep 102 robot pose [x,y,yaw]: [4.5, 1.5, 3.1416]
INFO:root:Ep 102 goal pose [x, y]: [0.0, 0.0]
INFO:root:Ep 102: Collision
INFO:root:Total_episodes: 102, Total_steps: 11781, episode_steps: 187

INFO:root:Initializing new episode ...
INFO:root:Ep 103 robot pose [x,y,yaw]: [4.5, 1.5, 3.1416]
INFO:root:Ep 103 goal pose [x, y]: [0.0, 0.0]
INFO:root:Ep 103: Collision
INFO:root:Total_episodes: 103, Total_steps: 12007, episode_steps: 226

INFO:root:Initializing new episode ...
INFO:root:Ep 104 robot pose [x,y,yaw]: [4.5, 1.5, 3.1416]
INFO:root:Ep 104 goal pose [x, y]: [0.0, 0.0]
INFO:root:Ep 104: Collision
INFO:root:Total_episodes: 104, Total_steps: 12166, episode_steps: 159

INFO:root:Initializing new episode ...
INFO:root:Ep 105 robot pose [x,y,yaw]: [4.5, 1.5, 3.1416]
INFO:root:Ep 105 goal pose [x, y]: [0.0, 0.0]
INFO:root:Ep 105: Collision
INFO:root:Total_episodes: 105, Total_steps: 12313, episode_steps: 147

INFO:root:Initializing new episode ...
INFO:root:Ep 106 robot pose [x,y,yaw]: [4.5, 1.5, 3.1416]
INFO:root:Ep 106 goal pose [x, y]: [0.0, 0.0]
INFO:root:Ep 106: Collision
INFO:root:Total_episodes: 106, Total_steps: 12414, episode_steps: 101

INFO:root:Initializing new episode ...
INFO:root:Ep 107 robot pose [x,y,yaw]: [4.5, 1.5, 3.1416]
INFO:root:Ep 107 goal pose [x, y]: [0.0, 0.0]
INFO:root:Ep 107: Collision
INFO:root:Total_episodes: 107, Total_steps: 12546, episode_steps: 132

INFO:root:Initializing new episode ...
INFO:root:Ep 108 robot pose [x,y,yaw]: [4.5, 1.5, 3.1416]
INFO:root:Ep 108 goal pose [x, y]: [0.0, 0.0]
INFO:root:Ep 108: Collision
INFO:root:Total_episodes: 108, Total_steps: 12665, episode_steps: 119

INFO:root:Initializing new episode ...
INFO:root:Ep 109 robot pose [x,y,yaw]: [4.5, 1.5, 3.1416]
INFO:root:Ep 109 goal pose [x, y]: [0.0, 0.0]
INFO:root:Ep 109: Collision
INFO:root:Total_episodes: 109, Total_steps: 12764, episode_steps: 99

INFO:root:Initializing new episode ...
INFO:root:Ep 110 robot pose [x,y,yaw]: [4.5, 1.5, 3.1416]
INFO:root:Ep 110 goal pose [x, y]: [0.0, 0.0]
INFO:root:Ep 110: Collision
INFO:root:Total_episodes: 110, Total_steps: 12887, episode_steps: 123

INFO:root:Initializing new episode ...
INFO:root:Ep 111 robot pose [x,y,yaw]: [4.5, 1.5, 3.1416]
INFO:root:Ep 111 goal pose [x, y]: [0.0, 0.0]
INFO:root:Ep 111: Collision
INFO:root:Total_episodes: 111, Total_steps: 12992, episode_steps: 105

INFO:root:Initializing new episode ...
INFO:root:Ep 112 robot pose [x,y,yaw]: [4.5, 1.5, 3.1416]
INFO:root:Ep 112 goal pose [x, y]: [0.0, 0.0]
INFO:root:Ep 112: Collision
INFO:root:Total_episodes: 112, Total_steps: 13109, episode_steps: 117

INFO:root:Initializing new episode ...
INFO:root:Ep 113 robot pose [x,y,yaw]: [4.5, 1.5, 3.1416]
INFO:root:Ep 113 goal pose [x, y]: [0.0, 0.0]
INFO:root:Ep 113: Collision
INFO:root:Total_episodes: 113, Total_steps: 13218, episode_steps: 109

INFO:root:Initializing new episode ...
INFO:root:Ep 114 robot pose [x,y,yaw]: [4.5, 1.5, 3.1416]
INFO:root:Ep 114 goal pose [x, y]: [0.0, 0.0]
INFO:root:Ep 114: Collision
INFO:root:Total_episodes: 114, Total_steps: 13350, episode_steps: 132

INFO:root:Initializing new episode ...
INFO:root:Ep 115 robot pose [x,y,yaw]: [4.5, 1.5, 3.1416]
INFO:root:Ep 115 goal pose [x, y]: [0.0, 0.0]
INFO:root:Ep 115: Collision
INFO:root:Total_episodes: 115, Total_steps: 13484, episode_steps: 134

INFO:root:Initializing new episode ...
INFO:root:Ep 116 robot pose [x,y,yaw]: [4.5, 1.5, 3.1416]
INFO:root:Ep 116 goal pose [x, y]: [0.0, 0.0]
INFO:root:Ep 116: Collision
INFO:root:Total_episodes: 116, Total_steps: 13551, episode_steps: 67

INFO:root:Initializing new episode ...
INFO:root:Ep 117 robot pose [x,y,yaw]: [4.5, 1.5, 3.1416]
INFO:root:Ep 117 goal pose [x, y]: [0.0, 0.0]
INFO:root:Ep 117: Collision
INFO:root:Total_episodes: 117, Total_steps: 13692, episode_steps: 141

INFO:root:Initializing new episode ...
INFO:root:Ep 118 robot pose [x,y,yaw]: [4.5, 1.5, 3.1416]
INFO:root:Ep 118 goal pose [x, y]: [0.0, 0.0]
INFO:root:Ep 118: Collision
INFO:root:Total_episodes: 118, Total_steps: 13835, episode_steps: 143

INFO:root:Initializing new episode ...
INFO:root:Ep 119 robot pose [x,y,yaw]: [4.5, 1.5, 3.1416]
INFO:root:Ep 119 goal pose [x, y]: [0.0, 0.0]
INFO:root:Ep 119: Collision
INFO:root:Total_episodes: 119, Total_steps: 13972, episode_steps: 137

INFO:root:Initializing new episode ...
INFO:root:Ep 120 robot pose [x,y,yaw]: [4.5, 1.5, 3.1416]
INFO:root:Ep 120 goal pose [x, y]: [0.0, 0.0]
INFO:root:Ep 120: Collision
INFO:root:Total_episodes: 120, Total_steps: 14124, episode_steps: 152

INFO:root:Initializing new episode ...
INFO:root:Ep 121 robot pose [x,y,yaw]: [4.5, 1.5, 3.1416]
INFO:root:Ep 121 goal pose [x, y]: [0.0, 0.0]
INFO:root:Ep 121: Collision
INFO:root:Total_episodes: 121, Total_steps: 14318, episode_steps: 194

INFO:root:Initializing new episode ...
INFO:root:Ep 122 robot pose [x,y,yaw]: [4.5, 1.5, 3.1416]
INFO:root:Ep 122 goal pose [x, y]: [0.0, 0.0]
INFO:root:Ep 122: Collision
INFO:root:Total_episodes: 122, Total_steps: 14513, episode_steps: 195

INFO:root:Initializing new episode ...
INFO:root:Ep 123 robot pose [x,y,yaw]: [4.5, 1.5, 3.1416]
INFO:root:Ep 123 goal pose [x, y]: [0.0, 0.0]
INFO:root:Ep 123: Collision
INFO:root:Total_episodes: 123, Total_steps: 14691, episode_steps: 178

INFO:root:Initializing new episode ...
INFO:root:Ep 124 robot pose [x,y,yaw]: [4.5, 1.5, 3.1416]
INFO:root:Ep 124 goal pose [x, y]: [0.0, 0.0]
INFO:root:Ep 124: Collision
INFO:root:Total_episodes: 124, Total_steps: 14877, episode_steps: 186

INFO:root:Initializing new episode ...
INFO:root:Ep 125 robot pose [x,y,yaw]: [4.5, 1.5, 3.1416]
INFO:root:Ep 125 goal pose [x, y]: [0.0, 0.0]
INFO:root:Ep 125: Collision
INFO:root:Total_episodes: 125, Total_steps: 15031, episode_steps: 154

INFO:root:Initializing new episode ...
INFO:root:Ep 126 robot pose [x,y,yaw]: [4.5, 1.5, 3.1416]
INFO:root:Ep 126 goal pose [x, y]: [0.0, 0.0]
INFO:root:Ep 126: Collision
INFO:root:Total_episodes: 126, Total_steps: 15182, episode_steps: 151

INFO:root:Initializing new episode ...
INFO:root:Ep 127 robot pose [x,y,yaw]: [4.5, 1.5, 3.1416]
INFO:root:Ep 127 goal pose [x, y]: [0.0, 0.0]
INFO:root:Ep 127: Collision
INFO:root:Total_episodes: 127, Total_steps: 15357, episode_steps: 175

INFO:root:Initializing new episode ...
INFO:root:Ep 128 robot pose [x,y,yaw]: [4.5, 1.5, 3.1416]
INFO:root:Ep 128 goal pose [x, y]: [0.0, 0.0]
INFO:root:Ep 128: Collision
INFO:root:Total_episodes: 128, Total_steps: 15569, episode_steps: 212

INFO:root:Initializing new episode ...
INFO:root:Ep 129 robot pose [x,y,yaw]: [4.5, 1.5, 3.1416]
INFO:root:Ep 129 goal pose [x, y]: [0.0, 0.0]
INFO:root:Ep 129: Collision
INFO:root:Total_episodes: 129, Total_steps: 15784, episode_steps: 215

INFO:root:Initializing new episode ...
INFO:root:Ep 130 robot pose [x,y,yaw]: [4.5, 1.5, 3.1416]
INFO:root:Ep 130 goal pose [x, y]: [0.0, 0.0]
INFO:root:Ep 130: Collision
INFO:root:Total_episodes: 130, Total_steps: 15993, episode_steps: 209

INFO:root:Initializing new episode ...
INFO:root:Ep 131 robot pose [x,y,yaw]: [4.5, 1.5, 3.1416]
INFO:root:Ep 131 goal pose [x, y]: [0.0, 0.0]
INFO:root:Ep 131: Collision
INFO:root:Total_episodes: 131, Total_steps: 16165, episode_steps: 172

INFO:root:Initializing new episode ...
INFO:root:Ep 132 robot pose [x,y,yaw]: [4.5, 1.5, 3.1416]
INFO:root:Ep 132 goal pose [x, y]: [0.0, 0.0]
INFO:root:Ep 132: Collision
INFO:root:Total_episodes: 132, Total_steps: 16344, episode_steps: 179

INFO:root:Initializing new episode ...
INFO:root:Ep 133 robot pose [x,y,yaw]: [4.5, 1.5, 3.1416]
INFO:root:Ep 133 goal pose [x, y]: [0.0, 0.0]
INFO:root:Ep 133: Collision
INFO:root:Total_episodes: 133, Total_steps: 16533, episode_steps: 189

INFO:root:Initializing new episode ...
INFO:root:Ep 134 robot pose [x,y,yaw]: [4.5, 1.5, 3.1416]
INFO:root:Ep 134 goal pose [x, y]: [0.0, 0.0]
INFO:root:Ep 134: Collision
INFO:root:Total_episodes: 134, Total_steps: 16762, episode_steps: 229

INFO:root:Initializing new episode ...
INFO:root:Ep 135 robot pose [x,y,yaw]: [4.5, 1.5, 3.1416]
INFO:root:Ep 135 goal pose [x, y]: [0.0, 0.0]
INFO:root:Ep 135: Collision
INFO:root:Total_episodes: 135, Total_steps: 16979, episode_steps: 217

INFO:root:Initializing new episode ...
INFO:root:Ep 136 robot pose [x,y,yaw]: [4.5, 1.5, 3.1416]
INFO:root:Ep 136 goal pose [x, y]: [0.0, 0.0]
INFO:root:Ep 136: Collision
INFO:root:Total_episodes: 136, Total_steps: 17248, episode_steps: 269

INFO:root:Initializing new episode ...
INFO:root:Ep 137 robot pose [x,y,yaw]: [4.5, 1.5, 3.1416]
INFO:root:Ep 137 goal pose [x, y]: [0.0, 0.0]
INFO:root:Ep 137: Collision
INFO:root:Total_episodes: 137, Total_steps: 17471, episode_steps: 223

INFO:root:Initializing new episode ...
INFO:root:Ep 138 robot pose [x,y,yaw]: [4.5, 1.5, 3.1416]
INFO:root:Ep 138 goal pose [x, y]: [0.0, 0.0]
INFO:root:Ep 138: Collision
INFO:root:Total_episodes: 138, Total_steps: 17614, episode_steps: 143

INFO:root:Initializing new episode ...
INFO:root:Ep 139 robot pose [x,y,yaw]: [4.5, 1.5, 3.1416]
INFO:root:Ep 139 goal pose [x, y]: [0.0, 0.0]
INFO:root:Ep 139: Collision
INFO:root:Total_episodes: 139, Total_steps: 17841, episode_steps: 227

INFO:root:Initializing new episode ...
INFO:root:Ep 140 robot pose [x,y,yaw]: [4.5, 1.5, 3.1416]
INFO:root:Ep 140 goal pose [x, y]: [0.0, 0.0]
INFO:root:Ep 140: Collision
INFO:root:Total_episodes: 140, Total_steps: 18139, episode_steps: 298

INFO:root:Initializing new episode ...
INFO:root:Ep 141 robot pose [x,y,yaw]: [4.5, 1.5, 3.1416]
INFO:root:Ep 141 goal pose [x, y]: [0.0, 0.0]
INFO:root:Ep 141: Collision
INFO:root:Total_episodes: 141, Total_steps: 18390, episode_steps: 251

INFO:root:Initializing new episode ...
INFO:root:Ep 142 robot pose [x,y,yaw]: [4.5, 1.5, 3.1416]
INFO:root:Ep 142 goal pose [x, y]: [0.0, 0.0]
INFO:root:Ep 142: Collision
INFO:root:Total_episodes: 142, Total_steps: 18591, episode_steps: 201

INFO:root:Initializing new episode ...
INFO:root:Ep 143 robot pose [x,y,yaw]: [4.5, 1.5, 3.1416]
INFO:root:Ep 143 goal pose [x, y]: [0.0, 0.0]
INFO:root:Ep 143: Collision
INFO:root:Total_episodes: 143, Total_steps: 18869, episode_steps: 278

INFO:root:Initializing new episode ...
INFO:root:Ep 144 robot pose [x,y,yaw]: [4.5, 1.5, 3.1416]
INFO:root:Ep 144 goal pose [x, y]: [0.0, 0.0]
INFO:root:Ep 144: Collision
INFO:root:Total_episodes: 144, Total_steps: 19122, episode_steps: 253

INFO:root:Initializing new episode ...
INFO:root:Ep 145 robot pose [x,y,yaw]: [4.5, 1.5, 3.1416]
INFO:root:Ep 145 goal pose [x, y]: [0.0, 0.0]
INFO:root:Ep 145: Collision
INFO:root:Total_episodes: 145, Total_steps: 19245, episode_steps: 123

INFO:root:Initializing new episode ...
INFO:root:Ep 146 robot pose [x,y,yaw]: [4.5, 1.5, 3.1416]
INFO:root:Ep 146 goal pose [x, y]: [0.0, 0.0]
INFO:root:Ep 146: Collision
INFO:root:Total_episodes: 146, Total_steps: 19496, episode_steps: 251

INFO:root:Initializing new episode ...
INFO:root:Ep 147 robot pose [x,y,yaw]: [4.5, 1.5, 3.1416]
INFO:root:Ep 147 goal pose [x, y]: [0.0, 0.0]
INFO:root:Ep 147: Collision
INFO:root:Total_episodes: 147, Total_steps: 19730, episode_steps: 234

INFO:root:Initializing new episode ...
INFO:root:Ep 148 robot pose [x,y,yaw]: [4.5, 1.5, 3.1416]
INFO:root:Ep 148 goal pose [x, y]: [0.0, 0.0]
INFO:root:Ep 148: Collision
INFO:root:Total_episodes: 148, Total_steps: 19972, episode_steps: 242

INFO:root:Initializing new episode ...
INFO:root:Ep 149 robot pose [x,y,yaw]: [4.5, 1.5, 3.1416]
INFO:root:Ep 149 goal pose [x, y]: [0.0, 0.0]
INFO:root:Total_episodes: 148 evaluation episode, Total_steps: 20000, episode_steps: 28

INFO:root:Initializing new episode ...
INFO:root:Ep evaluate robot pose [x,y,yaw]: [4.5, 1.5, 3.1416]
INFO:root:Ep evaluate goal pose [x, y]: [0.0, 0.0]
INFO:root:Ep evaluate: Timeout
INFO:root:Total_episodes: 148, Total_steps: 20000, episode_steps: 750

INFO:root:Initializing new episode ...
INFO:root:Ep 149 robot pose [x,y,yaw]: [4.5, 1.5, 3.1416]
INFO:root:Ep 149 goal pose [x, y]: [0.0, 0.0]
INFO:root:Ep 149: Collision
INFO:root:Total_episodes: 149, Total_steps: 20231, episode_steps: 259

INFO:root:Initializing new episode ...
INFO:root:Ep 150 robot pose [x,y,yaw]: [4.5, 1.5, 3.1416]
INFO:root:Ep 150 goal pose [x, y]: [0.0, 0.0]
INFO:root:Ep 150: Collision
INFO:root:Total_episodes: 150, Total_steps: 20448, episode_steps: 217

INFO:root:Initializing new episode ...
INFO:root:Ep 151 robot pose [x,y,yaw]: [4.5, 1.5, 3.1416]
INFO:root:Ep 151 goal pose [x, y]: [0.0, 0.0]
INFO:root:Ep 151: Collision
INFO:root:Total_episodes: 151, Total_steps: 20676, episode_steps: 228

INFO:root:Initializing new episode ...
INFO:root:Ep 152 robot pose [x,y,yaw]: [4.5, 1.5, 3.1416]
INFO:root:Ep 152 goal pose [x, y]: [0.0, 0.0]
INFO:root:Ep 152: Collision
INFO:root:Total_episodes: 152, Total_steps: 20916, episode_steps: 240

INFO:root:Initializing new episode ...
INFO:root:Ep 153 robot pose [x,y,yaw]: [4.5, 1.5, 3.1416]
INFO:root:Ep 153 goal pose [x, y]: [0.0, 0.0]
INFO:root:Ep 153: Collision
INFO:root:Total_episodes: 153, Total_steps: 21133, episode_steps: 217

INFO:root:Initializing new episode ...
INFO:root:Ep 154 robot pose [x,y,yaw]: [4.5, 1.5, 3.1416]
INFO:root:Ep 154 goal pose [x, y]: [0.0, 0.0]
INFO:root:Ep 154: Collision
INFO:root:Total_episodes: 154, Total_steps: 21412, episode_steps: 279

INFO:root:Initializing new episode ...
INFO:root:Ep 155 robot pose [x,y,yaw]: [4.5, 1.5, 3.1416]
INFO:root:Ep 155 goal pose [x, y]: [0.0, 0.0]
INFO:root:Ep 155: Collision
INFO:root:Total_episodes: 155, Total_steps: 21676, episode_steps: 264

INFO:root:Initializing new episode ...
INFO:root:Ep 156 robot pose [x,y,yaw]: [4.5, 1.5, 3.1416]
INFO:root:Ep 156 goal pose [x, y]: [0.0, 0.0]
INFO:root:Ep 156: Collision
INFO:root:Total_episodes: 156, Total_steps: 21817, episode_steps: 141

INFO:root:Initializing new episode ...
INFO:root:Ep 157 robot pose [x,y,yaw]: [4.5, 1.5, 3.1416]
INFO:root:Ep 157 goal pose [x, y]: [0.0, 0.0]
INFO:root:Ep 157: Collision
INFO:root:Total_episodes: 157, Total_steps: 22071, episode_steps: 254

INFO:root:Initializing new episode ...
INFO:root:Ep 158 robot pose [x,y,yaw]: [4.5, 1.5, 3.1416]
INFO:root:Ep 158 goal pose [x, y]: [0.0, 0.0]
INFO:root:Ep 158: Collision
INFO:root:Total_episodes: 158, Total_steps: 22367, episode_steps: 296

INFO:root:Initializing new episode ...
INFO:root:Ep 159 robot pose [x,y,yaw]: [4.5, 1.5, 3.1416]
INFO:root:Ep 159 goal pose [x, y]: [0.0, 0.0]
INFO:root:Ep 159: Collision
INFO:root:Total_episodes: 159, Total_steps: 22589, episode_steps: 222

INFO:root:Initializing new episode ...
INFO:root:Ep 160 robot pose [x,y,yaw]: [4.5, 1.5, 3.1416]
INFO:root:Ep 160 goal pose [x, y]: [0.0, 0.0]
INFO:root:Ep 160: Collision
INFO:root:Total_episodes: 160, Total_steps: 22854, episode_steps: 265

INFO:root:Initializing new episode ...
INFO:root:Ep 161 robot pose [x,y,yaw]: [4.5, 1.5, 3.1416]
INFO:root:Ep 161 goal pose [x, y]: [0.0, 0.0]
