INFO:root:Total_episodes: 0, Total_steps: 0, episode_steps: 1

INFO:root:Initializing new episode ...
INFO:root:Ep 1 robot pose [x,y,yaw]: [4.5, 1.5, 3.1416]
INFO:root:Ep 1 goal pose [x, y]: [5.05, 2.05]
INFO:root:Ep 1: Collision
INFO:root:Total_episodes: 1, Total_steps: 54, episode_steps: 54

INFO:root:Initializing new episode ...
INFO:root:Ep 2 robot pose [x,y,yaw]: [4.5, 1.5, 3.1416]
INFO:root:Ep 2 goal pose [x, y]: [0.0, 0.0]
INFO:root:Ep 2: Collision
INFO:root:Total_episodes: 2, Total_steps: 101, episode_steps: 47

INFO:root:Initializing new episode ...
INFO:root:Ep 3 robot pose [x,y,yaw]: [4.5, 1.5, 3.1416]
INFO:root:Ep 3 goal pose [x, y]: [0.0, 0.0]
INFO:root:Ep 3: Goal
INFO:root:Total_episodes: 3, Total_steps: 143, episode_steps: 42

INFO:root:Initializing new episode ...
INFO:root:Ep 4 robot pose [x,y,yaw]: [4.5, 1.5, 3.1416]
INFO:root:Ep 4 goal pose [x, y]: [0.0, 0.0]
INFO:root:Ep 4: Collision
INFO:root:Total_episodes: 4, Total_steps: 183, episode_steps: 40

INFO:root:Initializing new episode ...
INFO:root:Ep 5 robot pose [x,y,yaw]: [4.5, 1.5, 3.1416]
INFO:root:Ep 5 goal pose [x, y]: [0.0, 0.0]
INFO:root:Ep 5: Collision
INFO:root:Total_episodes: 5, Total_steps: 219, episode_steps: 36

INFO:root:Initializing new episode ...
INFO:root:Ep 6 robot pose [x,y,yaw]: [4.5, 1.5, 3.1416]
INFO:root:Ep 6 goal pose [x, y]: [0.0, 0.0]
INFO:root:Ep 6: Collision
INFO:root:Total_episodes: 6, Total_steps: 272, episode_steps: 53

INFO:root:Initializing new episode ...
INFO:root:Ep 7 robot pose [x,y,yaw]: [4.5, 1.5, 3.1416]
INFO:root:Ep 7 goal pose [x, y]: [0.0, 0.0]
INFO:root:Ep 7: Collision
INFO:root:Total_episodes: 7, Total_steps: 323, episode_steps: 51

INFO:root:Initializing new episode ...
INFO:root:Ep 8 robot pose [x,y,yaw]: [4.5, 1.5, 3.1416]
INFO:root:Ep 8 goal pose [x, y]: [0.0, 0.0]
INFO:root:Ep 8: Collision
INFO:root:Total_episodes: 8, Total_steps: 379, episode_steps: 56

INFO:root:Initializing new episode ...
INFO:root:Ep 9 robot pose [x,y,yaw]: [4.5, 1.5, 3.1416]
INFO:root:Ep 9 goal pose [x, y]: [0.0, 0.0]
INFO:root:Ep 9: Collision
INFO:root:Total_episodes: 9, Total_steps: 479, episode_steps: 100

INFO:root:Initializing new episode ...
INFO:root:Ep 10 robot pose [x,y,yaw]: [4.5, 1.5, 3.1416]
INFO:root:Ep 10 goal pose [x, y]: [0.0, 0.0]
INFO:root:Ep 10: Collision
INFO:root:Total_episodes: 10, Total_steps: 576, episode_steps: 97

INFO:root:Initializing new episode ...
INFO:root:Ep 11 robot pose [x,y,yaw]: [4.5, 1.5, 3.1416]
INFO:root:Ep 11 goal pose [x, y]: [0.0, 0.0]
INFO:root:Ep 11: Collision
INFO:root:Total_episodes: 11, Total_steps: 648, episode_steps: 72

INFO:root:Initializing new episode ...
INFO:root:Ep 12 robot pose [x,y,yaw]: [4.5, 1.5, 3.1416]
INFO:root:Ep 12 goal pose [x, y]: [0.0, 0.0]
INFO:root:Ep 12: Collision
INFO:root:Total_episodes: 12, Total_steps: 713, episode_steps: 65

INFO:root:Initializing new episode ...
INFO:root:Ep 13 robot pose [x,y,yaw]: [4.5, 1.5, 3.1416]
INFO:root:Ep 13 goal pose [x, y]: [0.0, 0.0]
INFO:root:Ep 13: Collision
INFO:root:Total_episodes: 13, Total_steps: 790, episode_steps: 77

INFO:root:Initializing new episode ...
INFO:root:Ep 14 robot pose [x,y,yaw]: [4.5, 1.5, 3.1416]
INFO:root:Ep 14 goal pose [x, y]: [0.0, 0.0]
INFO:root:Ep 14: Collision
INFO:root:Total_episodes: 14, Total_steps: 946, episode_steps: 156

INFO:root:Initializing new episode ...
INFO:root:Ep 15 robot pose [x,y,yaw]: [4.5, 1.5, 3.1416]
INFO:root:Ep 15 goal pose [x, y]: [0.0, 0.0]
INFO:root:Ep 15: Collision
INFO:root:Total_episodes: 15, Total_steps: 1086, episode_steps: 140

INFO:root:Initializing new episode ...
INFO:root:Ep 16 robot pose [x,y,yaw]: [4.5, 1.5, 3.1416]
INFO:root:Ep 16 goal pose [x, y]: [0.0, 0.0]
INFO:root:Ep 16: Goal
INFO:root:Total_episodes: 16, Total_steps: 1131, episode_steps: 45

INFO:root:Initializing new episode ...
INFO:root:Ep 17 robot pose [x,y,yaw]: [4.5, 1.5, 3.1416]
INFO:root:Ep 17 goal pose [x, y]: [0.0, 0.0]
INFO:root:Ep 17: Collision
INFO:root:Total_episodes: 17, Total_steps: 1200, episode_steps: 69

INFO:root:Initializing new episode ...
INFO:root:Ep 18 robot pose [x,y,yaw]: [4.5, 1.5, 3.1416]
INFO:root:Ep 18 goal pose [x, y]: [0.0, 0.0]
INFO:root:Ep 18: Goal
INFO:root:Total_episodes: 18, Total_steps: 1252, episode_steps: 52

INFO:root:Initializing new episode ...
INFO:root:Ep 19 robot pose [x,y,yaw]: [4.5, 1.5, 3.1416]
INFO:root:Ep 19 goal pose [x, y]: [0.0, 0.0]
INFO:root:Ep 19: Goal
INFO:root:Total_episodes: 19, Total_steps: 1309, episode_steps: 57

INFO:root:Initializing new episode ...
INFO:root:Ep 20 robot pose [x,y,yaw]: [4.5, 1.5, 3.1416]
INFO:root:Ep 20 goal pose [x, y]: [0.0, 0.0]
INFO:root:Ep 20: Collision
INFO:root:Total_episodes: 20, Total_steps: 1369, episode_steps: 60

INFO:root:Initializing new episode ...
INFO:root:Ep 21 robot pose [x,y,yaw]: [4.5, 1.5, 3.1416]
INFO:root:Ep 21 goal pose [x, y]: [0.0, 0.0]
INFO:root:Ep 21: Collision
INFO:root:Total_episodes: 21, Total_steps: 1428, episode_steps: 59

INFO:root:Initializing new episode ...
INFO:root:Ep 22 robot pose [x,y,yaw]: [4.5, 1.5, 3.1416]
INFO:root:Ep 22 goal pose [x, y]: [0.0, 0.0]
INFO:root:Ep 22: Collision
INFO:root:Total_episodes: 22, Total_steps: 1531, episode_steps: 103

INFO:root:Initializing new episode ...
INFO:root:Ep 23 robot pose [x,y,yaw]: [4.5, 1.5, 3.1416]
INFO:root:Ep 23 goal pose [x, y]: [0.0, 0.0]
INFO:root:Ep 23: Collision
INFO:root:Total_episodes: 23, Total_steps: 1600, episode_steps: 69

INFO:root:Initializing new episode ...
INFO:root:Ep 24 robot pose [x,y,yaw]: [4.5, 1.5, 3.1416]
INFO:root:Ep 24 goal pose [x, y]: [0.0, 0.0]
INFO:root:Ep 24: Collision
INFO:root:Total_episodes: 24, Total_steps: 1670, episode_steps: 70

INFO:root:Initializing new episode ...
INFO:root:Ep 25 robot pose [x,y,yaw]: [4.5, 1.5, 3.1416]
INFO:root:Ep 25 goal pose [x, y]: [0.0, 0.0]
INFO:root:Ep 25: Goal
INFO:root:Total_episodes: 25, Total_steps: 1744, episode_steps: 74

INFO:root:Initializing new episode ...
INFO:root:Ep 26 robot pose [x,y,yaw]: [4.5, 1.5, 3.1416]
INFO:root:Ep 26 goal pose [x, y]: [0.0, 0.0]
INFO:root:Ep 26: Collision
INFO:root:Total_episodes: 26, Total_steps: 1824, episode_steps: 80

INFO:root:Initializing new episode ...
INFO:root:Ep 27 robot pose [x,y,yaw]: [4.5, 1.5, 3.1416]
INFO:root:Ep 27 goal pose [x, y]: [0.0, 0.0]
INFO:root:Ep 27: Collision
INFO:root:Total_episodes: 27, Total_steps: 1897, episode_steps: 73

INFO:root:Initializing new episode ...
INFO:root:Ep 28 robot pose [x,y,yaw]: [4.5, 1.5, 3.1416]
INFO:root:Ep 28 goal pose [x, y]: [0.0, 0.0]
INFO:root:Ep 28: Collision
INFO:root:Total_episodes: 28, Total_steps: 1982, episode_steps: 85

INFO:root:Initializing new episode ...
INFO:root:Ep 29 robot pose [x,y,yaw]: [4.5, 1.5, 3.1416]
INFO:root:Ep 29 goal pose [x, y]: [0.0, 0.0]
INFO:root:Ep 29: Collision
INFO:root:Total_episodes: 29, Total_steps: 2068, episode_steps: 86

INFO:root:Initializing new episode ...
INFO:root:Ep 30 robot pose [x,y,yaw]: [4.5, 1.5, 3.1416]
INFO:root:Ep 30 goal pose [x, y]: [0.0, 0.0]
INFO:root:Ep 30: Goal
INFO:root:Total_episodes: 30, Total_steps: 2156, episode_steps: 88

INFO:root:Initializing new episode ...
INFO:root:Ep 31 robot pose [x,y,yaw]: [4.5, 1.5, 3.1416]
INFO:root:Ep 31 goal pose [x, y]: [0.0, 0.0]
INFO:root:Ep 31: Collision
INFO:root:Total_episodes: 31, Total_steps: 2252, episode_steps: 96

INFO:root:Initializing new episode ...
INFO:root:Ep 32 robot pose [x,y,yaw]: [4.5, 1.5, 3.1416]
INFO:root:Ep 32 goal pose [x, y]: [0.0, 0.0]
INFO:root:Ep 32: Collision
INFO:root:Total_episodes: 32, Total_steps: 2409, episode_steps: 157

INFO:root:Initializing new episode ...
INFO:root:Ep 33 robot pose [x,y,yaw]: [4.5, 1.5, 3.1416]
INFO:root:Ep 33 goal pose [x, y]: [0.0, 0.0]
INFO:root:Ep 33: Collision
INFO:root:Total_episodes: 33, Total_steps: 2490, episode_steps: 81

INFO:root:Initializing new episode ...
INFO:root:Ep 34 robot pose [x,y,yaw]: [4.5, 1.5, 3.1416]
INFO:root:Ep 34 goal pose [x, y]: [0.0, 0.0]
INFO:root:Ep 34: Goal
INFO:root:Total_episodes: 34, Total_steps: 2589, episode_steps: 99

INFO:root:Initializing new episode ...
INFO:root:Ep 35 robot pose [x,y,yaw]: [4.5, 1.5, 3.1416]
INFO:root:Ep 35 goal pose [x, y]: [0.0, 0.0]
INFO:root:Ep 35: Collision
INFO:root:Total_episodes: 35, Total_steps: 2682, episode_steps: 93

INFO:root:Initializing new episode ...
INFO:root:Ep 36 robot pose [x,y,yaw]: [4.5, 1.5, 3.1416]
INFO:root:Ep 36 goal pose [x, y]: [0.0, 0.0]
INFO:root:Ep 36: Goal
INFO:root:Total_episodes: 36, Total_steps: 2755, episode_steps: 73

INFO:root:Initializing new episode ...
INFO:root:Ep 37 robot pose [x,y,yaw]: [4.5, 1.5, 3.1416]
INFO:root:Ep 37 goal pose [x, y]: [0.0, 0.0]
INFO:root:Ep 37: Collision
INFO:root:Total_episodes: 37, Total_steps: 2835, episode_steps: 80

INFO:root:Initializing new episode ...
INFO:root:Ep 38 robot pose [x,y,yaw]: [4.5, 1.5, 3.1416]
INFO:root:Ep 38 goal pose [x, y]: [0.0, 0.0]
INFO:root:Ep 38: Goal
INFO:root:Total_episodes: 38, Total_steps: 2927, episode_steps: 92

INFO:root:Initializing new episode ...
INFO:root:Ep 39 robot pose [x,y,yaw]: [4.5, 1.5, 3.1416]
INFO:root:Ep 39 goal pose [x, y]: [0.0, 0.0]
INFO:root:Ep 39: Collision
INFO:root:Total_episodes: 39, Total_steps: 3029, episode_steps: 102

INFO:root:Initializing new episode ...
INFO:root:Ep 40 robot pose [x,y,yaw]: [4.5, 1.5, 3.1416]
INFO:root:Ep 40 goal pose [x, y]: [0.0, 0.0]
INFO:root:Ep 40: Collision
INFO:root:Total_episodes: 40, Total_steps: 3094, episode_steps: 65

INFO:root:Initializing new episode ...
INFO:root:Ep 41 robot pose [x,y,yaw]: [4.5, 1.5, 3.1416]
INFO:root:Ep 41 goal pose [x, y]: [0.0, 0.0]
INFO:root:Ep 41: Collision
INFO:root:Total_episodes: 41, Total_steps: 3183, episode_steps: 89

INFO:root:Initializing new episode ...
INFO:root:Ep 42 robot pose [x,y,yaw]: [4.5, 1.5, 3.1416]
INFO:root:Ep 42 goal pose [x, y]: [0.0, 0.0]
INFO:root:Ep 42: Goal
INFO:root:Total_episodes: 42, Total_steps: 3281, episode_steps: 98

INFO:root:Initializing new episode ...
INFO:root:Ep 43 robot pose [x,y,yaw]: [4.5, 1.5, 3.1416]
INFO:root:Ep 43 goal pose [x, y]: [0.0, 0.0]
