18:40:47.385 [DEBUG] (trainer.py:107) Try to restore model
18:40:47.385 [DEBUG] (trainer.py:109) model_dir not empty
18:40:47.385 [INFO] (trainer.py:110) Model directory path /root/Active_SLAM_with_DRL/cisc856_ws/install/pic4rl/share/pic4rl/../../../../src/Results/maze_v1/20260126_172129.053760_lidar_SAC/20260126T172129.374931_SAC_
18:40:47.419 [INFO] (trainer.py:114) Restored /root/Active_SLAM_with_DRL/cisc856_ws/install/pic4rl/share/pic4rl/../../../../src/Results/maze_v1/20260126_172129.053760_lidar_SAC/20260126T172129.374931_SAC_/ckpt-94
18:41:24.642 [INFO] (trainer.py:172) Total Epi:     1 Steps:   349 Episode Steps:   349 Return:  211.2772 Eps:   0.6 FPS:  9.38
18:42:41.967 [INFO] (trainer.py:172) Total Epi:     2 Steps:  1088 Episode Steps:   739 Return:  467.0265 Eps:  0.5976 FPS: 10.00
18:43:31.278 [INFO] (trainer.py:172) Total Epi:     3 Steps:  1547 Episode Steps:   459 Return:  215.0159 Eps:  0.5952096 FPS: 10.00
18:44:31.390 [INFO] (trainer.py:172) Total Epi:     4 Steps:  2114 Episode Steps:   567 Return:  256.4978 Eps:  0.5928287616 FPS: 10.00
18:45:31.103 [INFO] (trainer.py:172) Total Epi:     5 Steps:  2667 Episode Steps:   553 Return:  260.1162 Eps:  0.5904574465536 FPS: 10.01
18:46:50.511 [INFO] (trainer.py:172) Total Epi:     6 Steps:  3417 Episode Steps:   750 Return:  349.8600 Eps:  0.5880956167673856 FPS: 10.00
18:47:39.854 [INFO] (trainer.py:172) Total Epi:     7 Steps:  3873 Episode Steps:   456 Return:  219.9136 Eps:  0.585743234300316 FPS: 10.00
18:48:33.764 [INFO] (trainer.py:172) Total Epi:     8 Steps:  4368 Episode Steps:   495 Return:  230.8636 Eps:  0.5834002613631147 FPS: 10.01
18:49:33.574 [INFO] (trainer.py:172) Total Epi:     9 Steps:  4922 Episode Steps:   554 Return:  235.2631 Eps:  0.5810666603176623 FPS: 10.01
18:50:30.613 [INFO] (trainer.py:172) Total Epi:    10 Steps:  5445 Episode Steps:   523 Return:  240.9753 Eps:  0.5787423936763917 FPS: 10.01
18:51:11.656 [INFO] (trainer.py:172) Total Epi:    11 Steps:  5818 Episode Steps:   373 Return:  216.0952 Eps:  0.5764274241016861 FPS: 10.00
18:51:53.870 [INFO] (trainer.py:172) Total Epi:    12 Steps:  6206 Episode Steps:   388 Return:  215.0135 Eps:  0.5741217144052794 FPS: 10.00
18:52:37.284 [INFO] (trainer.py:172) Total Epi:    13 Steps:  6596 Episode Steps:   390 Return:  205.7030 Eps:  0.5718252275476583 FPS: 10.01
18:53:18.696 [INFO] (trainer.py:172) Total Epi:    14 Steps:  6976 Episode Steps:   380 Return:  211.6221 Eps:  0.5695379266374677 FPS: 10.00
18:53:56.009 [INFO] (trainer.py:172) Total Epi:    15 Steps:  7315 Episode Steps:   339 Return:  202.0756 Eps:  0.5672597749309178 FPS: 10.00
18:54:33.222 [INFO] (trainer.py:172) Total Epi:    16 Steps:  7653 Episode Steps:   338 Return:  205.5156 Eps:  0.5649907358311942 FPS: 10.00
18:55:10.130 [INFO] (trainer.py:172) Total Epi:    17 Steps:  7988 Episode Steps:   335 Return:  206.5652 Eps:  0.5627307728878694 FPS: 10.00
18:55:47.239 [INFO] (trainer.py:172) Total Epi:    18 Steps:  8325 Episode Steps:   337 Return:  200.7144 Eps:  0.5604798497963179 FPS: 10.00
18:56:23.550 [INFO] (trainer.py:172) Total Epi:    19 Steps:  8654 Episode Steps:   329 Return:  196.3225 Eps:  0.5582379303971327 FPS: 10.00
18:57:01.991 [INFO] (trainer.py:172) Total Epi:    20 Steps:  8991 Episode Steps:   337 Return:  211.1948 Eps:  0.5560049786755441 FPS: 10.01
18:57:39.906 [INFO] (trainer.py:172) Total Epi:    21 Steps:  9336 Episode Steps:   345 Return:  216.9809 Eps:  0.5537809587608419 FPS: 10.00
