INFO:root:Total_episodes: 0, Total_steps: 0, episode_steps: 1

INFO:root:Initializing new episode ...
INFO:root:Ep 1 robot pose [x,y,yaw]: [4.5, 1.5, 3.1416]
INFO:root:Ep 1 goal pose [x, y]: [5.05, 2.05]
INFO:root:Ep 1: Collision
INFO:root:Total_episodes: 1, Total_steps: 40, episode_steps: 40

INFO:root:Initializing new episode ...
INFO:root:Ep 2 robot pose [x,y,yaw]: [4.5, 1.5, 3.1416]
INFO:root:Ep 2 goal pose [x, y]: [0.0, 0.0]
INFO:root:Ep 2: Collision
INFO:root:Total_episodes: 2, Total_steps: 73, episode_steps: 33

INFO:root:Initializing new episode ...
INFO:root:Ep 3 robot pose [x,y,yaw]: [4.5, 1.5, 3.1416]
INFO:root:Ep 3 goal pose [x, y]: [0.0, 0.0]
INFO:root:Ep 3: Collision
INFO:root:Total_episodes: 3, Total_steps: 109, episode_steps: 36

INFO:root:Initializing new episode ...
INFO:root:Ep 4 robot pose [x,y,yaw]: [4.5, 1.5, 3.1416]
INFO:root:Ep 4 goal pose [x, y]: [0.0, 0.0]
INFO:root:Ep 4: Collision
INFO:root:Total_episodes: 4, Total_steps: 139, episode_steps: 30

INFO:root:Initializing new episode ...
INFO:root:Ep 5 robot pose [x,y,yaw]: [4.5, 1.5, 3.1416]
INFO:root:Ep 5 goal pose [x, y]: [0.0, 0.0]
INFO:root:Ep 5: Collision
INFO:root:Total_episodes: 5, Total_steps: 174, episode_steps: 35

INFO:root:Initializing new episode ...
INFO:root:Ep 6 robot pose [x,y,yaw]: [4.5, 1.5, 3.1416]
INFO:root:Ep 6 goal pose [x, y]: [0.0, 0.0]
INFO:root:Ep 6: Collision
INFO:root:Total_episodes: 6, Total_steps: 208, episode_steps: 34

INFO:root:Initializing new episode ...
INFO:root:Ep 7 robot pose [x,y,yaw]: [4.5, 1.5, 3.1416]
INFO:root:Ep 7 goal pose [x, y]: [0.0, 0.0]
INFO:root:Ep 7: Collision
INFO:root:Total_episodes: 7, Total_steps: 245, episode_steps: 37

INFO:root:Initializing new episode ...
INFO:root:Ep 8 robot pose [x,y,yaw]: [4.5, 1.5, 3.1416]
INFO:root:Ep 8 goal pose [x, y]: [0.0, 0.0]
INFO:root:Ep 8: Collision
INFO:root:Total_episodes: 8, Total_steps: 274, episode_steps: 29

INFO:root:Initializing new episode ...
INFO:root:Ep 9 robot pose [x,y,yaw]: [4.5, 1.5, 3.1416]
INFO:root:Ep 9 goal pose [x, y]: [0.0, 0.0]
INFO:root:Ep 9: Collision
INFO:root:Total_episodes: 9, Total_steps: 323, episode_steps: 49

INFO:root:Initializing new episode ...
INFO:root:Ep 10 robot pose [x,y,yaw]: [4.5, 1.5, 3.1416]
INFO:root:Ep 10 goal pose [x, y]: [0.0, 0.0]
INFO:root:Ep 10: Collision
INFO:root:Total_episodes: 10, Total_steps: 387, episode_steps: 64

INFO:root:Initializing new episode ...
INFO:root:Ep 11 robot pose [x,y,yaw]: [4.5, 1.5, 3.1416]
INFO:root:Ep 11 goal pose [x, y]: [0.0, 0.0]
INFO:root:Ep 11: Collision
INFO:root:Total_episodes: 11, Total_steps: 429, episode_steps: 42

INFO:root:Initializing new episode ...
INFO:root:Ep 12 robot pose [x,y,yaw]: [4.5, 1.5, 3.1416]
INFO:root:Ep 12 goal pose [x, y]: [0.0, 0.0]
INFO:root:Ep 12: Collision
INFO:root:Total_episodes: 12, Total_steps: 456, episode_steps: 27

INFO:root:Initializing new episode ...
INFO:root:Ep 13 robot pose [x,y,yaw]: [4.5, 1.5, 3.1416]
INFO:root:Ep 13 goal pose [x, y]: [0.0, 0.0]
INFO:root:Ep 13: Collision
INFO:root:Total_episodes: 13, Total_steps: 538, episode_steps: 82

INFO:root:Initializing new episode ...
INFO:root:Ep 14 robot pose [x,y,yaw]: [4.5, 1.5, 3.1416]
INFO:root:Ep 14 goal pose [x, y]: [0.0, 0.0]
INFO:root:Ep 14: Collision
INFO:root:Total_episodes: 14, Total_steps: 620, episode_steps: 82

INFO:root:Initializing new episode ...
INFO:root:Ep 15 robot pose [x,y,yaw]: [4.5, 1.5, 3.1416]
INFO:root:Ep 15 goal pose [x, y]: [0.0, 0.0]
INFO:root:Ep 15: Goal
INFO:root:Total_episodes: 15, Total_steps: 664, episode_steps: 44

INFO:root:Initializing new episode ...
INFO:root:Ep 16 robot pose [x,y,yaw]: [4.5, 1.5, 3.1416]
INFO:root:Ep 16 goal pose [x, y]: [0.0, 0.0]
INFO:root:Ep 16: Goal
INFO:root:Total_episodes: 16, Total_steps: 711, episode_steps: 47

INFO:root:Initializing new episode ...
INFO:root:Ep 17 robot pose [x,y,yaw]: [4.5, 1.5, 3.1416]
INFO:root:Ep 17 goal pose [x, y]: [0.0, 0.0]
INFO:root:Ep 17: Collision
INFO:root:Total_episodes: 17, Total_steps: 783, episode_steps: 72

INFO:root:Initializing new episode ...
INFO:root:Ep 18 robot pose [x,y,yaw]: [4.5, 1.5, 3.1416]
INFO:root:Ep 18 goal pose [x, y]: [0.0, 0.0]
INFO:root:Ep 18: Collision
INFO:root:Total_episodes: 18, Total_steps: 867, episode_steps: 84

INFO:root:Initializing new episode ...
INFO:root:Ep 19 robot pose [x,y,yaw]: [4.5, 1.5, 3.1416]
INFO:root:Ep 19 goal pose [x, y]: [0.0, 0.0]
INFO:root:Ep 19: Collision
INFO:root:Total_episodes: 19, Total_steps: 885, episode_steps: 18

INFO:root:Initializing new episode ...
INFO:root:Ep 20 robot pose [x,y,yaw]: [4.5, 1.5, 3.1416]
INFO:root:Ep 20 goal pose [x, y]: [0.0, 0.0]
INFO:root:Ep 20: Collision
INFO:root:Total_episodes: 20, Total_steps: 955, episode_steps: 70

INFO:root:Initializing new episode ...
INFO:root:Ep 21 robot pose [x,y,yaw]: [4.5, 1.5, 3.1416]
INFO:root:Ep 21 goal pose [x, y]: [0.0, 0.0]
INFO:root:Ep 21: Collision
INFO:root:Total_episodes: 21, Total_steps: 1024, episode_steps: 69

INFO:root:Initializing new episode ...
INFO:root:Ep 22 robot pose [x,y,yaw]: [4.5, 1.5, 3.1416]
INFO:root:Ep 22 goal pose [x, y]: [0.0, 0.0]
INFO:root:Ep 22: Goal
INFO:root:Total_episodes: 22, Total_steps: 1072, episode_steps: 48

INFO:root:Initializing new episode ...
INFO:root:Ep 23 robot pose [x,y,yaw]: [4.5, 1.5, 3.1416]
INFO:root:Ep 23 goal pose [x, y]: [0.0, 0.0]
INFO:root:Ep 23: Goal
INFO:root:Total_episodes: 23, Total_steps: 1115, episode_steps: 43

INFO:root:Initializing new episode ...
INFO:root:Ep 24 robot pose [x,y,yaw]: [4.5, 1.5, 3.1416]
INFO:root:Ep 24 goal pose [x, y]: [0.0, 0.0]
INFO:root:Ep 24: Collision
INFO:root:Total_episodes: 24, Total_steps: 1202, episode_steps: 87

INFO:root:Initializing new episode ...
INFO:root:Ep 25 robot pose [x,y,yaw]: [4.5, 1.5, 3.1416]
INFO:root:Ep 25 goal pose [x, y]: [0.0, 0.0]
INFO:root:Ep 25: Goal
INFO:root:Total_episodes: 25, Total_steps: 1246, episode_steps: 44

INFO:root:Initializing new episode ...
INFO:root:Ep 26 robot pose [x,y,yaw]: [4.5, 1.5, 3.1416]
INFO:root:Ep 26 goal pose [x, y]: [0.0, 0.0]
INFO:root:Ep 26: Collision
INFO:root:Total_episodes: 26, Total_steps: 1291, episode_steps: 45

INFO:root:Initializing new episode ...
INFO:root:Ep 27 robot pose [x,y,yaw]: [4.5, 1.5, 3.1416]
INFO:root:Ep 27 goal pose [x, y]: [0.0, 0.0]
INFO:root:Ep 27: Collision
INFO:root:Total_episodes: 27, Total_steps: 1380, episode_steps: 89

INFO:root:Initializing new episode ...
INFO:root:Ep 28 robot pose [x,y,yaw]: [4.5, 1.5, 3.1416]
INFO:root:Ep 28 goal pose [x, y]: [0.0, 0.0]
INFO:root:Ep 28: Collision
INFO:root:Total_episodes: 28, Total_steps: 1488, episode_steps: 108

INFO:root:Initializing new episode ...
INFO:root:Ep 29 robot pose [x,y,yaw]: [4.5, 1.5, 3.1416]
INFO:root:Ep 29 goal pose [x, y]: [0.0, 0.0]
INFO:root:Ep 29: Collision
INFO:root:Total_episodes: 29, Total_steps: 1564, episode_steps: 76

INFO:root:Initializing new episode ...
INFO:root:Ep 30 robot pose [x,y,yaw]: [4.5, 1.5, 3.1416]
INFO:root:Ep 30 goal pose [x, y]: [0.0, 0.0]
INFO:root:Ep 30: Goal
INFO:root:Total_episodes: 30, Total_steps: 1598, episode_steps: 34

INFO:root:Initializing new episode ...
INFO:root:Ep 31 robot pose [x,y,yaw]: [4.5, 1.5, 3.1416]
INFO:root:Ep 31 goal pose [x, y]: [0.0, 0.0]
INFO:root:Ep 31: Goal
INFO:root:Total_episodes: 31, Total_steps: 1639, episode_steps: 41

INFO:root:Initializing new episode ...
INFO:root:Ep 32 robot pose [x,y,yaw]: [4.5, 1.5, 3.1416]
INFO:root:Ep 32 goal pose [x, y]: [0.0, 0.0]
INFO:root:Ep 32: Collision
INFO:root:Total_episodes: 32, Total_steps: 1679, episode_steps: 40

INFO:root:Initializing new episode ...
INFO:root:Ep 33 robot pose [x,y,yaw]: [4.5, 1.5, 3.1416]
INFO:root:Ep 33 goal pose [x, y]: [0.0, 0.0]
INFO:root:Ep 33: Collision
INFO:root:Total_episodes: 33, Total_steps: 1771, episode_steps: 92

INFO:root:Initializing new episode ...
INFO:root:Ep 34 robot pose [x,y,yaw]: [4.5, 1.5, 3.1416]
INFO:root:Ep 34 goal pose [x, y]: [0.0, 0.0]
INFO:root:Ep 34: Goal
INFO:root:Total_episodes: 34, Total_steps: 1806, episode_steps: 35

INFO:root:Initializing new episode ...
INFO:root:Ep 35 robot pose [x,y,yaw]: [4.5, 1.5, 3.1416]
INFO:root:Ep 35 goal pose [x, y]: [0.0, 0.0]
INFO:root:Ep 35: Collision
INFO:root:Total_episodes: 35, Total_steps: 1895, episode_steps: 89

INFO:root:Initializing new episode ...
INFO:root:Ep 36 robot pose [x,y,yaw]: [4.5, 1.5, 3.1416]
INFO:root:Ep 36 goal pose [x, y]: [0.0, 0.0]
INFO:root:Ep 36: Collision
INFO:root:Total_episodes: 36, Total_steps: 1987, episode_steps: 92

INFO:root:Initializing new episode ...
INFO:root:Ep 37 robot pose [x,y,yaw]: [4.5, 1.5, 3.1416]
INFO:root:Ep 37 goal pose [x, y]: [0.0, 0.0]
INFO:root:Ep 37: Collision
INFO:root:Total_episodes: 37, Total_steps: 2068, episode_steps: 81

INFO:root:Initializing new episode ...
INFO:root:Ep 38 robot pose [x,y,yaw]: [4.5, 1.5, 3.1416]
INFO:root:Ep 38 goal pose [x, y]: [0.0, 0.0]
INFO:root:Ep 38: Collision
INFO:root:Total_episodes: 38, Total_steps: 2162, episode_steps: 94

INFO:root:Initializing new episode ...
INFO:root:Ep 39 robot pose [x,y,yaw]: [4.5, 1.5, 3.1416]
INFO:root:Ep 39 goal pose [x, y]: [0.0, 0.0]
INFO:root:Ep 39: Collision
INFO:root:Total_episodes: 39, Total_steps: 2257, episode_steps: 95

INFO:root:Initializing new episode ...
INFO:root:Ep 40 robot pose [x,y,yaw]: [4.5, 1.5, 3.1416]
INFO:root:Ep 40 goal pose [x, y]: [0.0, 0.0]
INFO:root:Ep 40: Collision
INFO:root:Total_episodes: 40, Total_steps: 2342, episode_steps: 85

INFO:root:Initializing new episode ...
INFO:root:Ep 41 robot pose [x,y,yaw]: [4.5, 1.5, 3.1416]
INFO:root:Ep 41 goal pose [x, y]: [0.0, 0.0]
INFO:root:Ep 41: Collision
INFO:root:Total_episodes: 41, Total_steps: 2405, episode_steps: 63

INFO:root:Initializing new episode ...
INFO:root:Ep 42 robot pose [x,y,yaw]: [4.5, 1.5, 3.1416]
INFO:root:Ep 42 goal pose [x, y]: [0.0, 0.0]
INFO:root:Ep 42: Collision
INFO:root:Total_episodes: 42, Total_steps: 2492, episode_steps: 87

INFO:root:Initializing new episode ...
INFO:root:Ep 43 robot pose [x,y,yaw]: [4.5, 1.5, 3.1416]
INFO:root:Ep 43 goal pose [x, y]: [0.0, 0.0]
INFO:root:Ep 43: Collision
INFO:root:Total_episodes: 43, Total_steps: 2570, episode_steps: 78

INFO:root:Initializing new episode ...
INFO:root:Ep 44 robot pose [x,y,yaw]: [4.5, 1.5, 3.1416]
INFO:root:Ep 44 goal pose [x, y]: [0.0, 0.0]
INFO:root:Ep 44: Collision
INFO:root:Total_episodes: 44, Total_steps: 2645, episode_steps: 75

INFO:root:Initializing new episode ...
INFO:root:Ep 45 robot pose [x,y,yaw]: [4.5, 1.5, 3.1416]
INFO:root:Ep 45 goal pose [x, y]: [0.0, 0.0]
INFO:root:Ep 45: Collision
INFO:root:Total_episodes: 45, Total_steps: 2704, episode_steps: 59

INFO:root:Initializing new episode ...
INFO:root:Ep 46 robot pose [x,y,yaw]: [4.5, 1.5, 3.1416]
INFO:root:Ep 46 goal pose [x, y]: [0.0, 0.0]
INFO:root:Ep 46: Collision
INFO:root:Total_episodes: 46, Total_steps: 2771, episode_steps: 67

INFO:root:Initializing new episode ...
INFO:root:Ep 47 robot pose [x,y,yaw]: [4.5, 1.5, 3.1416]
INFO:root:Ep 47 goal pose [x, y]: [0.0, 0.0]
INFO:root:Ep 47: Collision
INFO:root:Total_episodes: 47, Total_steps: 2829, episode_steps: 58

INFO:root:Initializing new episode ...
INFO:root:Ep 48 robot pose [x,y,yaw]: [4.5, 1.5, 3.1416]
INFO:root:Ep 48 goal pose [x, y]: [0.0, 0.0]
