17:05:59.584 [DEBUG] (trainer.py:107) Try to restore model
17:05:59.584 [DEBUG] (trainer.py:109) model_dir not empty
17:05:59.584 [INFO] (trainer.py:110) Model directory path /root/Active_SLAM_with_DRL/cisc856_ws/install/pic4rl/share/pic4rl/../../../../src/Results/maze_v4
17:05:59.587 [INFO] (trainer.py:114) Restored None
17:06:45.563 [INFO] (trainer.py:172) Total Epi:     1 Steps:    52 Episode Steps:    52 Return: -12.0574 Eps:   0.6 FPS:  1.13
17:07:34.617 [INFO] (trainer.py:172) Total Epi:     2 Steps:    97 Episode Steps:    45 Return: -15.0210 Eps:  0.5976 FPS:  0.99
17:08:23.867 [INFO] (trainer.py:172) Total Epi:     3 Steps:   142 Episode Steps:    45 Return: -44.7007 Eps:  0.5952096 FPS:  0.99
17:09:16.595 [INFO] (trainer.py:172) Total Epi:     4 Steps:   191 Episode Steps:    49 Return: -90.0668 Eps:  0.5928287616 FPS:  0.99
17:09:48.747 [INFO] (trainer.py:172) Total Epi:     5 Steps:   219 Episode Steps:    28 Return: -116.3567 Eps:  0.5904574465536 FPS:  0.99
17:10:33.930 [INFO] (trainer.py:172) Total Epi:     6 Steps:   260 Episode Steps:    41 Return: -20.2934 Eps:  0.5880956167673856 FPS:  0.99
17:11:23.665 [INFO] (trainer.py:172) Total Epi:     7 Steps:   306 Episode Steps:    46 Return: -27.5723 Eps:  0.585743234300316 FPS:  0.99
17:12:11.688 [INFO] (trainer.py:172) Total Epi:     8 Steps:   350 Episode Steps:    44 Return: -31.0416 Eps:  0.5834002613631147 FPS:  0.99
17:13:05.416 [INFO] (trainer.py:172) Total Epi:     9 Steps:   400 Episode Steps:    50 Return: -33.4642 Eps:  0.5810666603176623 FPS:  0.99
17:13:40.648 [INFO] (trainer.py:172) Total Epi:    10 Steps:   431 Episode Steps:    31 Return: -109.9989 Eps:  0.5787423936763917 FPS:  0.99
17:14:12.558 [INFO] (trainer.py:172) Total Epi:    11 Steps:   459 Episode Steps:    28 Return: -129.1332 Eps:  0.5764274241016861 FPS:  0.99
17:14:45.394 [INFO] (trainer.py:172) Total Epi:    12 Steps:   488 Episode Steps:    29 Return: -125.7431 Eps:  0.5741217144052794 FPS:  0.99
17:15:28.581 [INFO] (trainer.py:172) Total Epi:    13 Steps:   527 Episode Steps:    39 Return: -63.3586 Eps:  0.5718252275476583 FPS:  0.99
17:16:01.766 [INFO] (trainer.py:172) Total Epi:    14 Steps:   556 Episode Steps:    29 Return: -110.6755 Eps:  0.5695379266374677 FPS:  0.99
17:16:37.701 [INFO] (trainer.py:172) Total Epi:    15 Steps:   588 Episode Steps:    32 Return: -119.3464 Eps:  0.5672597749309178 FPS:  0.99
17:17:14.672 [INFO] (trainer.py:172) Total Epi:    16 Steps:   621 Episode Steps:    33 Return: -118.8593 Eps:  0.5649907358311942 FPS:  0.99
17:18:02.889 [INFO] (trainer.py:172) Total Epi:    17 Steps:   665 Episode Steps:    44 Return: -114.6621 Eps:  0.5627307728878694 FPS:  0.99
17:18:39.503 [INFO] (trainer.py:172) Total Epi:    18 Steps:   698 Episode Steps:    33 Return: -103.1686 Eps:  0.5604798497963179 FPS:  0.99
17:19:16.681 [INFO] (trainer.py:172) Total Epi:    19 Steps:   731 Episode Steps:    33 Return: -102.7595 Eps:  0.5582379303971327 FPS:  0.99
17:19:52.615 [INFO] (trainer.py:172) Total Epi:    20 Steps:   763 Episode Steps:    32 Return: -97.3492 Eps:  0.5560049786755441 FPS:  0.99
17:20:21.763 [INFO] (trainer.py:172) Total Epi:    21 Steps:   788 Episode Steps:    25 Return: -90.5387 Eps:  0.5537809587608419 FPS:  0.99
17:20:48.878 [INFO] (trainer.py:172) Total Epi:    22 Steps:   811 Episode Steps:    23 Return: -117.1995 Eps:  0.5515658349257985 FPS:  0.99
17:21:32.542 [INFO] (trainer.py:172) Total Epi:    23 Steps:   851 Episode Steps:    40 Return: -81.2955 Eps:  0.5493595715860953 FPS:  0.99
17:22:01.103 [INFO] (trainer.py:172) Total Epi:    24 Steps:   876 Episode Steps:    25 Return: -101.2442 Eps:  0.5471621332997509 FPS:  0.99
17:22:39.260 [INFO] (trainer.py:172) Total Epi:    25 Steps:   910 Episode Steps:    34 Return: -114.3540 Eps:  0.5449734847665519 FPS:  0.99
17:23:19.930 [INFO] (trainer.py:172) Total Epi:    26 Steps:   947 Episode Steps:    37 Return: -123.0900 Eps:  0.5427935908274857 FPS:  0.99
17:24:08.153 [INFO] (trainer.py:172) Total Epi:    27 Steps:   991 Episode Steps:    44 Return: -31.2250 Eps:  0.5406224164641757 FPS:  0.99
17:24:54.875 [INFO] (trainer.py:172) Total Epi:    28 Steps:  1034 Episode Steps:    43 Return: -121.0693 Eps:  0.538459926798319 FPS:  0.99
17:25:47.125 [INFO] (trainer.py:172) Total Epi:    29 Steps:  1082 Episode Steps:    48 Return:  20.0579 Eps:  0.5363060870911257 FPS:  0.99
17:26:56.301 [INFO] (trainer.py:172) Total Epi:    30 Steps:  1147 Episode Steps:    65 Return:  22.8662 Eps:  0.5341608627427612 FPS:  0.99
17:27:54.142 [INFO] (trainer.py:172) Total Epi:    31 Steps:  1201 Episode Steps:    54 Return: -32.7867 Eps:  0.5320242192917901 FPS:  0.99
17:29:15.094 [INFO] (trainer.py:172) Total Epi:    32 Steps:  1278 Episode Steps:    77 Return:  13.9214 Eps:  0.5298961224146229 FPS:  0.99
17:30:23.000 [INFO] (trainer.py:172) Total Epi:    33 Steps:  1342 Episode Steps:    64 Return: -32.7992 Eps:  0.5277765379249644 FPS:  0.99
17:30:52.069 [INFO] (trainer.py:172) Total Epi:    34 Steps:  1367 Episode Steps:    25 Return: -98.7122 Eps:  0.5256654317732645 FPS:  0.99
17:31:19.628 [INFO] (trainer.py:172) Total Epi:    35 Steps:  1391 Episode Steps:    24 Return: -111.6108 Eps:  0.5235627700461715 FPS:  0.99
17:32:52.733 [INFO] (trainer.py:172) Total Epi:    36 Steps:  1480 Episode Steps:    89 Return: -6.1426 Eps:  0.5214685189659868 FPS:  0.99
17:34:06.254 [INFO] (trainer.py:172) Total Epi:    37 Steps:  1549 Episode Steps:    69 Return:  16.9639 Eps:  0.5193826448901229 FPS:  0.99
17:35:54.037 [INFO] (trainer.py:172) Total Epi:    38 Steps:  1652 Episode Steps:   103 Return: -264.7079 Eps:  0.5173051143105624 FPS:  0.99
17:36:58.407 [INFO] (trainer.py:172) Total Epi:    39 Steps:  1712 Episode Steps:    60 Return: -15.4798 Eps:  0.5152358938533201 FPS:  0.99
17:38:54.191 [INFO] (trainer.py:172) Total Epi:    40 Steps:  1823 Episode Steps:   111 Return: -71.3148 Eps:  0.5131749502779068 FPS:  0.99
17:39:26.814 [INFO] (trainer.py:172) Total Epi:    41 Steps:  1852 Episode Steps:    29 Return: -120.8970 Eps:  0.5111222504767952 FPS:  0.99
17:40:39.054 [INFO] (trainer.py:172) Total Epi:    42 Steps:  1920 Episode Steps:    68 Return: -139.1466 Eps:  0.5090777614748879 FPS:  0.99
17:41:13.658 [INFO] (trainer.py:172) Total Epi:    43 Steps:  1951 Episode Steps:    31 Return: -90.7818 Eps:  0.5070414504289884 FPS:  0.99
17:42:29.953 [INFO] (trainer.py:172) Total Epi:    44 Steps:  2023 Episode Steps:    72 Return: -124.4616 Eps:  0.5050132846272725 FPS:  0.99
17:42:58.540 [INFO] (trainer.py:172) Total Epi:    45 Steps:  2048 Episode Steps:    25 Return: -117.5473 Eps:  0.5029932314887634 FPS:  0.99
17:44:17.007 [INFO] (trainer.py:172) Total Epi:    46 Steps:  2122 Episode Steps:    74 Return: -143.4699 Eps:  0.5009812585628084 FPS:  0.99
17:44:46.097 [INFO] (trainer.py:172) Total Epi:    47 Steps:  2147 Episode Steps:    25 Return: -104.0678 Eps:  0.49897733352855717 FPS:  0.99
17:45:23.722 [INFO] (trainer.py:172) Total Epi:    48 Steps:  2181 Episode Steps:    34 Return: -109.7603 Eps:  0.4969814241944429 FPS:  0.99
17:46:38.177 [INFO] (trainer.py:172) Total Epi:    49 Steps:  2251 Episode Steps:    70 Return: -135.7786 Eps:  0.49499349849766516 FPS:  0.99
17:47:08.753 [INFO] (trainer.py:172) Total Epi:    50 Steps:  2278 Episode Steps:    27 Return: -129.2678 Eps:  0.4930135245036745 FPS:  0.99
17:47:45.935 [INFO] (trainer.py:172) Total Epi:    51 Steps:  2311 Episode Steps:    33 Return: -93.6157 Eps:  0.4910414704056598 FPS:  0.99
17:48:19.532 [INFO] (trainer.py:172) Total Epi:    52 Steps:  2341 Episode Steps:    30 Return: -130.1719 Eps:  0.4890773045240372 FPS:  0.99
17:50:36.021 [INFO] (trainer.py:172) Total Epi:    53 Steps:  2473 Episode Steps:   132 Return: -193.5838 Eps:  0.48712099530594105 FPS:  0.99
17:52:36.371 [INFO] (trainer.py:172) Total Epi:    54 Steps:  2589 Episode Steps:   116 Return: -190.1119 Eps:  0.4851725113247173 FPS:  0.99
17:53:59.874 [INFO] (trainer.py:172) Total Epi:    55 Steps:  2668 Episode Steps:    79 Return: -32.1899 Eps:  0.4832318212794184 FPS:  0.99
17:55:18.174 [INFO] (trainer.py:172) Total Epi:    56 Steps:  2742 Episode Steps:    74 Return: -34.6877 Eps:  0.4812988939943007 FPS:  0.99
17:56:27.077 [INFO] (trainer.py:172) Total Epi:    57 Steps:  2807 Episode Steps:    65 Return: -7.7746 Eps:  0.4793736984183235 FPS:  0.99
17:57:40.960 [INFO] (trainer.py:172) Total Epi:    58 Steps:  2877 Episode Steps:    70 Return: -67.5719 Eps:  0.4774562036246502 FPS:  0.99
17:59:16.064 [INFO] (trainer.py:172) Total Epi:    59 Steps:  2968 Episode Steps:    91 Return:  76.6037 Eps:  0.4755463788101516 FPS:  0.99
18:00:36.518 [INFO] (trainer.py:172) Total Epi:    60 Steps:  3044 Episode Steps:    76 Return: -25.5076 Eps:  0.473644193294911 FPS:  0.99
18:02:09.593 [INFO] (trainer.py:172) Total Epi:    61 Steps:  3133 Episode Steps:    89 Return: -5.3511 Eps:  0.4717496165217313 FPS:  0.99
18:03:19.956 [INFO] (trainer.py:172) Total Epi:    62 Steps:  3199 Episode Steps:    66 Return: -36.7962 Eps:  0.4698626180556444 FPS:  0.99
18:04:49.490 [INFO] (trainer.py:172) Total Epi:    63 Steps:  3284 Episode Steps:    85 Return: -7.1477 Eps:  0.4679831675834218 FPS:  0.99
18:06:34.636 [INFO] (trainer.py:172) Total Epi:    64 Steps:  3385 Episode Steps:   101 Return: -44.2332 Eps:  0.4661112349130881 FPS:  0.99
18:07:37.972 [INFO] (trainer.py:172) Total Epi:    65 Steps:  3444 Episode Steps:    59 Return:  74.0687 Eps:  0.4642467899734357 FPS:  0.99
18:09:03.460 [INFO] (trainer.py:172) Total Epi:    66 Steps:  3525 Episode Steps:    81 Return: -10.4527 Eps:  0.462389802813542 FPS:  0.99
18:10:32.500 [INFO] (trainer.py:172) Total Epi:    67 Steps:  3610 Episode Steps:    85 Return: -25.9186 Eps:  0.4605402436022878 FPS:  0.99
18:12:05.563 [INFO] (trainer.py:172) Total Epi:    68 Steps:  3698 Episode Steps:    88 Return: -35.2086 Eps:  0.45869808262787864 FPS:  0.99
18:13:23.590 [INFO] (trainer.py:172) Total Epi:    69 Steps:  3771 Episode Steps:    73 Return: -53.7467 Eps:  0.4568632902973671 FPS:  0.99
18:14:40.523 [INFO] (trainer.py:172) Total Epi:    70 Steps:  3844 Episode Steps:    73 Return: -3.9371 Eps:  0.4550358371361776 FPS:  0.99
18:16:14.600 [INFO] (trainer.py:172) Total Epi:    71 Steps:  3934 Episode Steps:    90 Return: -58.3433 Eps:  0.45321569378763293 FPS:  0.99
18:17:46.659 [INFO] (trainer.py:172) Total Epi:    72 Steps:  4022 Episode Steps:    88 Return:  85.7901 Eps:  0.4514028310124824 FPS:  0.99
18:19:26.286 [INFO] (trainer.py:172) Total Epi:    73 Steps:  4117 Episode Steps:    95 Return: -34.2780 Eps:  0.44959721968843247 FPS:  0.99
18:20:43.716 [INFO] (trainer.py:172) Total Epi:    74 Steps:  4190 Episode Steps:    73 Return:  111.4043 Eps:  0.44779883080967875 FPS:  0.99
18:22:13.733 [INFO] (trainer.py:172) Total Epi:    75 Steps:  4276 Episode Steps:    86 Return: -69.6818 Eps:  0.44600763548644 FPS:  0.99
18:23:46.810 [INFO] (trainer.py:172) Total Epi:    76 Steps:  4365 Episode Steps:    89 Return: -25.8666 Eps:  0.44422360494449425 FPS:  0.99
18:25:15.369 [INFO] (trainer.py:172) Total Epi:    77 Steps:  4450 Episode Steps:    85 Return: -62.0176 Eps:  0.4424467105247163 FPS:  0.99
18:26:34.041 [INFO] (trainer.py:172) Total Epi:    78 Steps:  4524 Episode Steps:    74 Return: -18.0832 Eps:  0.4406769236826174 FPS:  0.99
18:28:01.533 [INFO] (trainer.py:172) Total Epi:    79 Steps:  4607 Episode Steps:    83 Return: -25.1473 Eps:  0.43891421598788694 FPS:  0.99
18:29:26.494 [INFO] (trainer.py:172) Total Epi:    80 Steps:  4688 Episode Steps:    81 Return: -21.7456 Eps:  0.43715855912393536 FPS:  0.99
18:30:46.475 [INFO] (trainer.py:172) Total Epi:    81 Steps:  4764 Episode Steps:    76 Return:  83.1563 Eps:  0.4354099248874396 FPS:  0.99
18:31:59.890 [INFO] (trainer.py:172) Total Epi:    82 Steps:  4833 Episode Steps:    69 Return: -14.8323 Eps:  0.43366828518788986 FPS:  0.99
18:33:26.918 [INFO] (trainer.py:172) Total Epi:    83 Steps:  4916 Episode Steps:    83 Return: -61.6584 Eps:  0.4319336120471383 FPS:  0.99
18:35:19.123 [INFO] (trainer.py:172) Total Epi:    84 Steps:  5024 Episode Steps:   108 Return: -33.9179 Eps:  0.43020587759894974 FPS:  0.99
18:36:41.091 [INFO] (trainer.py:172) Total Epi:    85 Steps:  5102 Episode Steps:    78 Return: -94.0807 Eps:  0.4284850540885539 FPS:  0.99
18:38:08.063 [INFO] (trainer.py:172) Total Epi:    86 Steps:  5185 Episode Steps:    83 Return: -48.2100 Eps:  0.4267711138721997 FPS:  0.99
18:39:23.002 [INFO] (trainer.py:172) Total Epi:    87 Steps:  5256 Episode Steps:    71 Return: -10.6252 Eps:  0.4250640294167109 FPS:  0.99
18:40:39.929 [INFO] (trainer.py:172) Total Epi:    88 Steps:  5329 Episode Steps:    73 Return: -20.9373 Eps:  0.42336377329904407 FPS:  0.99
18:42:06.430 [INFO] (trainer.py:172) Total Epi:    89 Steps:  5411 Episode Steps:    82 Return: -5.0739 Eps:  0.4216703182058479 FPS:  0.99
18:43:46.034 [INFO] (trainer.py:172) Total Epi:    90 Steps:  5506 Episode Steps:    95 Return: -117.6423 Eps:  0.4199836369330245 FPS:  0.99
18:45:25.174 [INFO] (trainer.py:172) Total Epi:    91 Steps:  5600 Episode Steps:    94 Return: -60.6599 Eps:  0.4183037023852924 FPS:  0.99
18:46:51.187 [INFO] (trainer.py:172) Total Epi:    92 Steps:  5682 Episode Steps:    82 Return:  78.8072 Eps:  0.4166304875757512 FPS:  0.99
18:48:11.411 [INFO] (trainer.py:172) Total Epi:    93 Steps:  5758 Episode Steps:    76 Return: -4.1816 Eps:  0.41496396562544824 FPS:  0.99
18:49:32.971 [INFO] (trainer.py:172) Total Epi:    94 Steps:  5835 Episode Steps:    77 Return: -51.2857 Eps:  0.41330410976294646 FPS:  0.99
18:51:32.731 [INFO] (trainer.py:172) Total Epi:    95 Steps:  5950 Episode Steps:   115 Return: -51.9568 Eps:  0.41165089332389465 FPS:  0.99
18:53:02.758 [INFO] (trainer.py:172) Total Epi:    96 Steps:  6036 Episode Steps:    86 Return: -35.3375 Eps:  0.41000428975059905 FPS:  0.99
18:54:46.435 [INFO] (trainer.py:172) Total Epi:    97 Steps:  6135 Episode Steps:    99 Return: -62.8321 Eps:  0.40836427259159663 FPS:  0.99
18:56:03.386 [INFO] (trainer.py:172) Total Epi:    98 Steps:  6208 Episode Steps:    73 Return: -24.9599 Eps:  0.40673081550123025 FPS:  0.99
18:57:50.022 [INFO] (trainer.py:172) Total Epi:    99 Steps:  6310 Episode Steps:   102 Return: -71.2837 Eps:  0.4051038922392253 FPS:  0.99
18:59:44.466 [INFO] (trainer.py:172) Total Epi:   100 Steps:  6420 Episode Steps:   110 Return: -27.5132 Eps:  0.4034834766702684 FPS:  0.99
19:01:08.415 [INFO] (trainer.py:172) Total Epi:   101 Steps:  6500 Episode Steps:    80 Return: -75.2155 Eps:  0.40186954276358733 FPS:  0.99
19:02:37.538 [INFO] (trainer.py:172) Total Epi:   102 Steps:  6584 Episode Steps:    84 Return: -23.2669 Eps:  0.400262064592533 FPS:  0.99
19:04:30.003 [INFO] (trainer.py:172) Total Epi:   103 Steps:  6692 Episode Steps:   108 Return: -55.8265 Eps:  0.39866101633416284 FPS:  0.99
19:06:10.178 [INFO] (trainer.py:172) Total Epi:   104 Steps:  6788 Episode Steps:    96 Return: -50.2627 Eps:  0.3970663722688262 FPS:  0.99
19:07:44.287 [INFO] (trainer.py:172) Total Epi:   105 Steps:  6878 Episode Steps:    90 Return: -41.7924 Eps:  0.39547810677975087 FPS:  0.99
19:08:59.813 [INFO] (trainer.py:172) Total Epi:   106 Steps:  6949 Episode Steps:    71 Return: -32.1162 Eps:  0.39389619435263185 FPS:  0.99
19:10:38.403 [INFO] (trainer.py:172) Total Epi:   107 Steps:  7043 Episode Steps:    94 Return: -38.3416 Eps:  0.3923206095752213 FPS:  0.99
19:12:09.444 [INFO] (trainer.py:172) Total Epi:   108 Steps:  7130 Episode Steps:    87 Return: -43.7434 Eps:  0.3907513271369204 FPS:  0.99
19:13:29.933 [INFO] (trainer.py:172) Total Epi:   109 Steps:  7206 Episode Steps:    76 Return: -23.8218 Eps:  0.3891883218283727 FPS:  0.99
19:15:20.134 [INFO] (trainer.py:172) Total Epi:   110 Steps:  7312 Episode Steps:   106 Return: -33.1111 Eps:  0.38763156854105923 FPS:  0.99
19:17:04.883 [INFO] (trainer.py:172) Total Epi:   111 Steps:  7412 Episode Steps:   100 Return: -40.9004 Eps:  0.386081042266895 FPS:  0.99
19:18:51.568 [INFO] (trainer.py:172) Total Epi:   112 Steps:  7514 Episode Steps:   102 Return: -44.6348 Eps:  0.3845367180978274 FPS:  0.99
19:20:52.847 [INFO] (trainer.py:172) Total Epi:   113 Steps:  7631 Episode Steps:   117 Return: -13.1454 Eps:  0.3829985712254361 FPS:  0.99
19:22:40.509 [INFO] (trainer.py:172) Total Epi:   114 Steps:  7734 Episode Steps:   103 Return: -108.1926 Eps:  0.3814665769405344 FPS:  0.99
19:24:09.535 [INFO] (trainer.py:172) Total Epi:   115 Steps:  7819 Episode Steps:    85 Return: -50.4230 Eps:  0.37994071063277224 FPS:  0.99
19:27:39.724 [INFO] (trainer.py:172) Total Epi:   116 Steps:  8024 Episode Steps:   205 Return:  1.5159 Eps:  0.37842094779024116 FPS:  0.99
19:29:44.509 [INFO] (trainer.py:172) Total Epi:   117 Steps:  8144 Episode Steps:   120 Return: -27.3603 Eps:  0.3769072639990802 FPS:  0.99
19:31:39.730 [INFO] (trainer.py:172) Total Epi:   118 Steps:  8255 Episode Steps:   111 Return: -20.4552 Eps:  0.37539963494308387 FPS:  0.99
19:33:08.757 [INFO] (trainer.py:172) Total Epi:   119 Steps:  8340 Episode Steps:    85 Return: -11.8597 Eps:  0.37389803640331154 FPS:  0.99
19:35:09.503 [INFO] (trainer.py:172) Total Epi:   120 Steps:  8456 Episode Steps:   116 Return: -90.6912 Eps:  0.3724024442576983 FPS:  0.99
19:38:52.049 [INFO] (trainer.py:172) Total Epi:   121 Steps:  8673 Episode Steps:   217 Return: -108.2882 Eps:  0.37091283448066753 FPS:  0.99
19:40:26.650 [INFO] (trainer.py:172) Total Epi:   122 Steps:  8763 Episode Steps:    90 Return: -60.7102 Eps:  0.36942918314274487 FPS:  0.99
19:42:07.767 [INFO] (trainer.py:172) Total Epi:   123 Steps:  8860 Episode Steps:    97 Return:  90.7770 Eps:  0.3679514664101739 FPS:  0.99
19:43:53.920 [INFO] (trainer.py:172) Total Epi:   124 Steps:  8962 Episode Steps:   102 Return: -22.6224 Eps:  0.3664796605445332 FPS:  0.99
19:48:25.330 [INFO] (trainer.py:172) Total Epi:   125 Steps:  9228 Episode Steps:   266 Return: -533.4196 Eps:  0.365013741902355 FPS:  0.99
19:50:26.592 [INFO] (trainer.py:172) Total Epi:   126 Steps:  9345 Episode Steps:   117 Return: -31.6123 Eps:  0.3635536869347456 FPS:  0.99
19:55:26.474 [INFO] (trainer.py:172) Total Epi:   127 Steps:  9639 Episode Steps:   294 Return:  157.3679 Eps:  0.3620994721870066 FPS:  0.99
20:00:35.700 [INFO] (trainer.py:172) Total Epi:   128 Steps:  9942 Episode Steps:   303 Return:  134.4944 Eps:  0.3606510742982586 FPS:  0.99
20:01:37.504 [INFO] (trainer.py:264) Testing Episode 1
20:02:56.285 [INFO] (trainer.py:206) Evaluation Total Steps:   10000 Average Reward  35.6972 over  1 episodes
20:08:45.648 [INFO] (trainer.py:172) Total Epi:   129 Steps:  10343 Episode Steps:   401 Return:  296.5801 Eps:  0.35920847000106554 FPS:  0.82
20:14:29.913 [INFO] (trainer.py:172) Total Epi:   130 Steps:  10681 Episode Steps:   338 Return:  253.3132 Eps:  0.3577716361210613 FPS:  0.99
20:20:22.332 [INFO] (trainer.py:172) Total Epi:   131 Steps:  11027 Episode Steps:   346 Return:  268.2149 Eps:  0.356340549576577 FPS:  0.99
20:26:21.675 [INFO] (trainer.py:172) Total Epi:   132 Steps:  11380 Episode Steps:   353 Return:  170.0026 Eps:  0.3549151873782707 FPS:  0.99
20:32:12.015 [INFO] (trainer.py:172) Total Epi:   133 Steps:  11724 Episode Steps:   344 Return:  306.4048 Eps:  0.3534955266287576 FPS:  0.99
20:37:00.826 [INFO] (trainer.py:172) Total Epi:   134 Steps:  12007 Episode Steps:   283 Return:  108.9211 Eps:  0.35208154452224255 FPS:  0.99
20:41:33.442 [INFO] (trainer.py:172) Total Epi:   135 Steps:  12274 Episode Steps:   267 Return:  141.3058 Eps:  0.3506732183441536 FPS:  0.99
20:46:43.404 [INFO] (trainer.py:172) Total Epi:   136 Steps:  12578 Episode Steps:   304 Return:  215.0340 Eps:  0.34927052547077697 FPS:  0.99
20:51:51.399 [INFO] (trainer.py:172) Total Epi:   137 Steps:  12880 Episode Steps:   302 Return:  163.6118 Eps:  0.34787344336889386 FPS:  0.99
20:57:41.639 [INFO] (trainer.py:172) Total Epi:   138 Steps:  13224 Episode Steps:   344 Return:  152.0285+0.0000j Eps:  0.3464819495954183 FPS:  0.99
21:02:37.025 [INFO] (trainer.py:172) Total Epi:   139 Steps:  13513 Episode Steps:   289 Return:  202.9725 Eps:  0.34509602179703663 FPS:  0.99
21:07:58.594 [INFO] (trainer.py:172) Total Epi:   140 Steps:  13828 Episode Steps:   315 Return:  47.6876+0.0000j Eps:  0.3437156377098485 FPS:  0.99
21:12:11.100 [INFO] (trainer.py:172) Total Epi:   141 Steps:  14074 Episode Steps:   246 Return:  167.8152 Eps:  0.34234077515900907 FPS:  0.99
21:16:55.872 [INFO] (trainer.py:172) Total Epi:   142 Steps:  14353 Episode Steps:   279 Return:  194.9989 Eps:  0.34097141205837306 FPS:  0.99
21:21:17.519 [INFO] (trainer.py:172) Total Epi:   143 Steps:  14609 Episode Steps:   256 Return:  206.9291 Eps:  0.3396075264101396 FPS:  0.99
21:26:25.540 [INFO] (trainer.py:172) Total Epi:   144 Steps:  14911 Episode Steps:   302 Return:  196.2113 Eps:  0.338249096304499 FPS:  0.99
21:31:14.294 [INFO] (trainer.py:172) Total Epi:   145 Steps:  15194 Episode Steps:   283 Return:  211.6194 Eps:  0.336896099919281 FPS:  0.99
21:35:47.435 [INFO] (trainer.py:172) Total Epi:   146 Steps:  15461 Episode Steps:   267 Return:  167.7190 Eps:  0.33554851551960385 FPS:  0.99
21:39:37.754 [INFO] (trainer.py:172) Total Epi:   147 Steps:  15686 Episode Steps:   225 Return:  287.0027 Eps:  0.33420632145752543 FPS:  0.99
21:43:58.309 [INFO] (trainer.py:172) Total Epi:   148 Steps:  15941 Episode Steps:   255 Return: -15.7378 Eps:  0.3328694961716953 FPS:  0.99
21:49:16.419 [INFO] (trainer.py:172) Total Epi:   149 Steps:  16253 Episode Steps:   312 Return:  114.2610 Eps:  0.3315380181870085 FPS:  0.99
21:53:17.882 [INFO] (trainer.py:172) Total Epi:   150 Steps:  16489 Episode Steps:   236 Return:  21.1697 Eps:  0.33021186611426045 FPS:  0.99
21:57:44.062 [INFO] (trainer.py:172) Total Epi:   151 Steps:  16749 Episode Steps:   260 Return:  55.1342 Eps:  0.3288910186498034 FPS:  0.99
22:00:15.587 [INFO] (trainer.py:172) Total Epi:   152 Steps:  16896 Episode Steps:   147 Return:  26.5715 Eps:  0.3275754545752042 FPS:  0.99
22:02:31.057 [INFO] (trainer.py:172) Total Epi:   153 Steps:  17027 Episode Steps:   131 Return:  16.4532 Eps:  0.3262651527569034 FPS:  0.99
22:06:27.426 [INFO] (trainer.py:172) Total Epi:   154 Steps:  17258 Episode Steps:   231 Return:  168.4257 Eps:  0.32496009214587573 FPS:  0.99
22:09:47.704 [INFO] (trainer.py:172) Total Epi:   155 Steps:  17453 Episode Steps:   195 Return:  211.5174 Eps:  0.32366025177729224 FPS:  0.99
22:13:49.560 [INFO] (trainer.py:172) Total Epi:   156 Steps:  17689 Episode Steps:   236 Return:  206.5866 Eps:  0.32236561077018305 FPS:  0.99
22:17:33.842 [INFO] (trainer.py:172) Total Epi:   157 Steps:  17908 Episode Steps:   219 Return:  201.1013 Eps:  0.3210761483271023 FPS:  0.99
22:20:40.204 [INFO] (trainer.py:172) Total Epi:   158 Steps:  18089 Episode Steps:   181 Return:  210.9846 Eps:  0.3197918437337939 FPS:  0.99
22:23:44.066 [INFO] (trainer.py:172) Total Epi:   159 Steps:  18268 Episode Steps:   179 Return:  154.6785 Eps:  0.3185126763588587 FPS:  0.99
22:27:01.027 [INFO] (trainer.py:172) Total Epi:   160 Steps:  18460 Episode Steps:   192 Return:  117.6495 Eps:  0.31723862565342326 FPS:  0.99
22:31:19.589 [INFO] (trainer.py:172) Total Epi:   161 Steps:  18713 Episode Steps:   253 Return:  125.6151 Eps:  0.31596967115080954 FPS:  0.99
22:33:51.101 [INFO] (trainer.py:172) Total Epi:   162 Steps:  18860 Episode Steps:   147 Return:  134.2312 Eps:  0.3147057924662063 FPS:  0.99
22:36:34.777 [INFO] (trainer.py:172) Total Epi:   163 Steps:  19019 Episode Steps:   159 Return:  94.9214 Eps:  0.31344696929634147 FPS:  0.99
22:40:08.905 [INFO] (trainer.py:172) Total Epi:   164 Steps:  19228 Episode Steps:   209 Return:  27.8393 Eps:  0.3121931814191561 FPS:  0.99
22:43:14.793 [INFO] (trainer.py:172) Total Epi:   165 Steps:  19409 Episode Steps:   181 Return:  158.9163 Eps:  0.31094440869347945 FPS:  0.99
22:46:46.929 [INFO] (trainer.py:172) Total Epi:   166 Steps:  19616 Episode Steps:   207 Return:  88.9168 Eps:  0.30970063105870554 FPS:  0.99
22:50:43.213 [INFO] (trainer.py:172) Total Epi:   167 Steps:  19847 Episode Steps:   231 Return:  82.3768 Eps:  0.30846182853447074 FPS:  0.99
22:53:20.767 [INFO] (trainer.py:264) Testing Episode 1
22:54:39.084 [INFO] (trainer.py:206) Evaluation Total Steps:   20000 Average Reward  56.3016 over  1 episodes
22:58:57.068 [INFO] (trainer.py:172) Total Epi:   168 Steps:  20252 Episode Steps:   405 Return:  405.9763 Eps:  0.30722798122033285 FPS:  0.83
23:02:37.216 [INFO] (trainer.py:172) Total Epi:   169 Steps:  20467 Episode Steps:   215 Return:  227.8628 Eps:  0.3059990692954515 FPS:  0.99
23:06:09.871 [INFO] (trainer.py:172) Total Epi:   170 Steps:  20674 Episode Steps:   207 Return:  246.2767 Eps:  0.3047750730182697 FPS:  0.99
23:08:56.563 [INFO] (trainer.py:172) Total Epi:   171 Steps:  20836 Episode Steps:   162 Return:  172.4171 Eps:  0.30355597272619667 FPS:  0.99
23:13:26.612 [INFO] (trainer.py:172) Total Epi:   172 Steps:  21100 Episode Steps:   264 Return:  57.8622 Eps:  0.30234174883529186 FPS:  0.99
23:17:12.896 [INFO] (trainer.py:172) Total Epi:   173 Steps:  21321 Episode Steps:   221 Return:  160.4857 Eps:  0.30113238183995067 FPS:  0.99
23:20:14.595 [INFO] (trainer.py:172) Total Epi:   174 Steps:  21498 Episode Steps:   177 Return:  149.0051 Eps:  0.2999278523125909 FPS:  0.99
23:23:29.093 [INFO] (trainer.py:172) Total Epi:   175 Steps:  21687 Episode Steps:   189 Return:  163.9641 Eps:  0.29872814090334054 FPS:  0.99
23:28:03.174 [INFO] (trainer.py:172) Total Epi:   176 Steps:  21955 Episode Steps:   268 Return: -59.9727 Eps:  0.2975332283397272 FPS:  0.99
23:31:22.747 [INFO] (trainer.py:172) Total Epi:   177 Steps:  22149 Episode Steps:   194 Return:  223.9929 Eps:  0.2963430954263683 FPS:  0.99
