INFO:root:Total_episodes: 0, Total_steps: 0, episode_steps: 1

INFO:root:Initializing new episode ...
INFO:root:Ep 1 robot pose [x,y,yaw]: [4.5, 1.5, 3.1416]
INFO:root:Ep 1 goal pose [x, y]: [5.05, 2.05]
INFO:root:Ep 1: Collision
INFO:root:Total_episodes: 1, Total_steps: 55, episode_steps: 55

INFO:root:Initializing new episode ...
INFO:root:Ep 2 robot pose [x,y,yaw]: [4.5, 1.5, 3.1416]
INFO:root:Ep 2 goal pose [x, y]: [0.0, 0.0]
INFO:root:Ep 2: Collision
INFO:root:Total_episodes: 2, Total_steps: 101, episode_steps: 46

INFO:root:Initializing new episode ...
INFO:root:Ep 3 robot pose [x,y,yaw]: [4.5, 1.5, 3.1416]
INFO:root:Ep 3 goal pose [x, y]: [0.0, 0.0]
INFO:root:Ep 3: Collision
INFO:root:Total_episodes: 3, Total_steps: 150, episode_steps: 49

INFO:root:Initializing new episode ...
INFO:root:Ep 4 robot pose [x,y,yaw]: [4.5, 1.5, 3.1416]
INFO:root:Ep 4 goal pose [x, y]: [0.0, 0.0]
INFO:root:Ep 4: Collision
INFO:root:Total_episodes: 4, Total_steps: 197, episode_steps: 47

INFO:root:Initializing new episode ...
INFO:root:Ep 5 robot pose [x,y,yaw]: [4.5, 1.5, 3.1416]
INFO:root:Ep 5 goal pose [x, y]: [0.0, 0.0]
INFO:root:Ep 5: Collision
INFO:root:Total_episodes: 5, Total_steps: 224, episode_steps: 27

INFO:root:Initializing new episode ...
INFO:root:Ep 6 robot pose [x,y,yaw]: [4.5, 1.5, 3.1416]
INFO:root:Ep 6 goal pose [x, y]: [0.0, 0.0]
INFO:root:Ep 6: Collision
INFO:root:Total_episodes: 6, Total_steps: 254, episode_steps: 30

INFO:root:Initializing new episode ...
INFO:root:Ep 7 robot pose [x,y,yaw]: [4.5, 1.5, 3.1416]
INFO:root:Ep 7 goal pose [x, y]: [0.0, 0.0]
INFO:root:Ep 7: Collision
INFO:root:Total_episodes: 7, Total_steps: 281, episode_steps: 27

INFO:root:Initializing new episode ...
INFO:root:Ep 8 robot pose [x,y,yaw]: [4.5, 1.5, 3.1416]
INFO:root:Ep 8 goal pose [x, y]: [0.0, 0.0]
INFO:root:Ep 8: Collision
INFO:root:Total_episodes: 8, Total_steps: 333, episode_steps: 52

INFO:root:Initializing new episode ...
INFO:root:Ep 9 robot pose [x,y,yaw]: [4.5, 1.5, 3.1416]
INFO:root:Ep 9 goal pose [x, y]: [0.0, 0.0]
INFO:root:Ep 9: Collision
INFO:root:Total_episodes: 9, Total_steps: 401, episode_steps: 68

INFO:root:Initializing new episode ...
INFO:root:Ep 10 robot pose [x,y,yaw]: [4.5, 1.5, 3.1416]
INFO:root:Ep 10 goal pose [x, y]: [0.0, 0.0]
INFO:root:Ep 10: Collision
INFO:root:Total_episodes: 10, Total_steps: 504, episode_steps: 103

INFO:root:Initializing new episode ...
INFO:root:Ep 11 robot pose [x,y,yaw]: [4.5, 1.5, 3.1416]
INFO:root:Ep 11 goal pose [x, y]: [0.0, 0.0]
INFO:root:Ep 11: Collision
INFO:root:Total_episodes: 11, Total_steps: 592, episode_steps: 88

INFO:root:Initializing new episode ...
INFO:root:Ep 12 robot pose [x,y,yaw]: [4.5, 1.5, 3.1416]
INFO:root:Ep 12 goal pose [x, y]: [0.0, 0.0]
INFO:root:Ep 12: Collision
INFO:root:Total_episodes: 12, Total_steps: 688, episode_steps: 96

INFO:root:Initializing new episode ...
INFO:root:Ep 13 robot pose [x,y,yaw]: [4.5, 1.5, 3.1416]
INFO:root:Ep 13 goal pose [x, y]: [0.0, 0.0]
INFO:root:Ep 13: Collision
INFO:root:Total_episodes: 13, Total_steps: 743, episode_steps: 55

INFO:root:Initializing new episode ...
INFO:root:Ep 14 robot pose [x,y,yaw]: [4.5, 1.5, 3.1416]
INFO:root:Ep 14 goal pose [x, y]: [0.0, 0.0]
INFO:root:Ep 14: Goal
INFO:root:Total_episodes: 14, Total_steps: 804, episode_steps: 61

INFO:root:Initializing new episode ...
INFO:root:Ep 15 robot pose [x,y,yaw]: [4.5, 1.5, 3.1416]
INFO:root:Ep 15 goal pose [x, y]: [0.0, 0.0]
INFO:root:Ep 15: Collision
INFO:root:Total_episodes: 15, Total_steps: 902, episode_steps: 98

INFO:root:Initializing new episode ...
INFO:root:Ep 16 robot pose [x,y,yaw]: [4.5, 1.5, 3.1416]
INFO:root:Ep 16 goal pose [x, y]: [0.0, 0.0]
INFO:root:Ep 16: Collision
INFO:root:Total_episodes: 16, Total_steps: 949, episode_steps: 47

INFO:root:Initializing new episode ...
INFO:root:Ep 17 robot pose [x,y,yaw]: [4.5, 1.5, 3.1416]
INFO:root:Ep 17 goal pose [x, y]: [0.0, 0.0]
INFO:root:Ep 17: Collision
INFO:root:Total_episodes: 17, Total_steps: 1047, episode_steps: 98

INFO:root:Initializing new episode ...
INFO:root:Ep 18 robot pose [x,y,yaw]: [4.5, 1.5, 3.1416]
INFO:root:Ep 18 goal pose [x, y]: [0.0, 0.0]
INFO:root:Ep 18: Collision
INFO:root:Total_episodes: 18, Total_steps: 1103, episode_steps: 56

INFO:root:Initializing new episode ...
INFO:root:Ep 19 robot pose [x,y,yaw]: [4.5, 1.5, 3.1416]
INFO:root:Ep 19 goal pose [x, y]: [0.0, 0.0]
INFO:root:Ep 19: Collision
INFO:root:Total_episodes: 19, Total_steps: 1164, episode_steps: 61

INFO:root:Initializing new episode ...
INFO:root:Ep 20 robot pose [x,y,yaw]: [4.5, 1.5, 3.1416]
INFO:root:Ep 20 goal pose [x, y]: [0.0, 0.0]
INFO:root:Ep 20: Collision
INFO:root:Total_episodes: 20, Total_steps: 1231, episode_steps: 67

INFO:root:Initializing new episode ...
INFO:root:Ep 21 robot pose [x,y,yaw]: [4.5, 1.5, 3.1416]
INFO:root:Ep 21 goal pose [x, y]: [0.0, 0.0]
INFO:root:Ep 21: Goal
INFO:root:Total_episodes: 21, Total_steps: 1291, episode_steps: 60

INFO:root:Initializing new episode ...
INFO:root:Ep 22 robot pose [x,y,yaw]: [4.5, 1.5, 3.1416]
INFO:root:Ep 22 goal pose [x, y]: [0.0, 0.0]
INFO:root:Ep 22: Goal
INFO:root:Total_episodes: 22, Total_steps: 1346, episode_steps: 55

INFO:root:Initializing new episode ...
INFO:root:Ep 23 robot pose [x,y,yaw]: [4.5, 1.5, 3.1416]
INFO:root:Ep 23 goal pose [x, y]: [0.0, 0.0]
INFO:root:Ep 23: Collision
INFO:root:Total_episodes: 23, Total_steps: 1412, episode_steps: 66

INFO:root:Initializing new episode ...
INFO:root:Ep 24 robot pose [x,y,yaw]: [4.5, 1.5, 3.1416]
INFO:root:Ep 24 goal pose [x, y]: [0.0, 0.0]
INFO:root:Ep 24: Goal
INFO:root:Total_episodes: 24, Total_steps: 1467, episode_steps: 55

INFO:root:Initializing new episode ...
INFO:root:Ep 25 robot pose [x,y,yaw]: [4.5, 1.5, 3.1416]
INFO:root:Ep 25 goal pose [x, y]: [0.0, 0.0]
INFO:root:Ep 25: Collision
INFO:root:Total_episodes: 25, Total_steps: 1546, episode_steps: 79

INFO:root:Initializing new episode ...
INFO:root:Ep 26 robot pose [x,y,yaw]: [4.5, 1.5, 3.1416]
INFO:root:Ep 26 goal pose [x, y]: [0.0, 0.0]
INFO:root:Ep 26: Goal
INFO:root:Total_episodes: 26, Total_steps: 1618, episode_steps: 72

INFO:root:Initializing new episode ...
INFO:root:Ep 27 robot pose [x,y,yaw]: [4.5, 1.5, 3.1416]
INFO:root:Ep 27 goal pose [x, y]: [0.0, 0.0]
INFO:root:Ep 27: Goal
INFO:root:Total_episodes: 27, Total_steps: 1710, episode_steps: 92

INFO:root:Initializing new episode ...
INFO:root:Ep 28 robot pose [x,y,yaw]: [4.5, 1.5, 3.1416]
INFO:root:Ep 28 goal pose [x, y]: [0.0, 0.0]
INFO:root:Ep 28: Collision
INFO:root:Total_episodes: 28, Total_steps: 1773, episode_steps: 63

INFO:root:Initializing new episode ...
INFO:root:Ep 29 robot pose [x,y,yaw]: [4.5, 1.5, 3.1416]
INFO:root:Ep 29 goal pose [x, y]: [0.0, 0.0]
INFO:root:Ep 29: Goal
INFO:root:Total_episodes: 29, Total_steps: 1856, episode_steps: 83

INFO:root:Initializing new episode ...
INFO:root:Ep 30 robot pose [x,y,yaw]: [4.5, 1.5, 3.1416]
INFO:root:Ep 30 goal pose [x, y]: [0.0, 0.0]
INFO:root:Ep 30: Collision
INFO:root:Total_episodes: 30, Total_steps: 1942, episode_steps: 86

INFO:root:Initializing new episode ...
INFO:root:Ep 31 robot pose [x,y,yaw]: [4.5, 1.5, 3.1416]
INFO:root:Ep 31 goal pose [x, y]: [0.0, 0.0]
INFO:root:Ep 31: Collision
INFO:root:Total_episodes: 31, Total_steps: 2079, episode_steps: 137

INFO:root:Initializing new episode ...
INFO:root:Ep 32 robot pose [x,y,yaw]: [4.5, 1.5, 3.1416]
INFO:root:Ep 32 goal pose [x, y]: [0.0, 0.0]
