INFO:root:Total_episodes: 0, Total_steps: 0, episode_steps: 1

INFO:root:Initializing new episode ...
INFO:root:Ep 1 robot pose [x,y,yaw]: [4.5, 1.5, 3.1416]
INFO:root:Ep 1 goal pose [x, y]: [5.05, 2.05]
INFO:root:Ep 1: Collision
INFO:root:Total_episodes: 1, Total_steps: 54, episode_steps: 54

INFO:root:Initializing new episode ...
INFO:root:Ep 2 robot pose [x,y,yaw]: [4.5, 1.5, 3.1416]
INFO:root:Ep 2 goal pose [x, y]: [0.0, 0.0]
INFO:root:Ep 2: Collision
INFO:root:Total_episodes: 2, Total_steps: 110, episode_steps: 56

INFO:root:Initializing new episode ...
INFO:root:Ep 3 robot pose [x,y,yaw]: [4.5, 1.5, 3.1416]
INFO:root:Ep 3 goal pose [x, y]: [0.0, 0.0]
INFO:root:Ep 3: Collision
INFO:root:Total_episodes: 3, Total_steps: 157, episode_steps: 47

INFO:root:Initializing new episode ...
INFO:root:Ep 4 robot pose [x,y,yaw]: [4.5, 1.5, 3.1416]
INFO:root:Ep 4 goal pose [x, y]: [0.0, 0.0]
INFO:root:Ep 4: Collision
INFO:root:Total_episodes: 4, Total_steps: 189, episode_steps: 32

INFO:root:Initializing new episode ...
INFO:root:Ep 5 robot pose [x,y,yaw]: [4.5, 1.5, 3.1416]
INFO:root:Ep 5 goal pose [x, y]: [0.0, 0.0]
INFO:root:Ep 5: Collision
INFO:root:Total_episodes: 5, Total_steps: 220, episode_steps: 31

INFO:root:Initializing new episode ...
INFO:root:Ep 6 robot pose [x,y,yaw]: [4.5, 1.5, 3.1416]
INFO:root:Ep 6 goal pose [x, y]: [0.0, 0.0]
INFO:root:Ep 6: Collision
INFO:root:Total_episodes: 6, Total_steps: 262, episode_steps: 42

INFO:root:Initializing new episode ...
INFO:root:Ep 7 robot pose [x,y,yaw]: [4.5, 1.5, 3.1416]
INFO:root:Ep 7 goal pose [x, y]: [0.0, 0.0]
INFO:root:Ep 7: Collision
INFO:root:Total_episodes: 7, Total_steps: 293, episode_steps: 31

INFO:root:Initializing new episode ...
INFO:root:Ep 8 robot pose [x,y,yaw]: [4.5, 1.5, 3.1416]
INFO:root:Ep 8 goal pose [x, y]: [0.0, 0.0]
