15:23:10.325 [DEBUG] (trainer.py:107) Try to restore model
15:23:10.325 [DEBUG] (trainer.py:109) model_dir not empty
15:23:10.325 [INFO] (trainer.py:110) Model directory path /root/Active_SLAM_with_DRL/cisc856_ws/install/pic4rl/share/pic4rl/../../../../src/Results/maze_v3/20260127_145315.261122_lidar_SAC/20260127T145315.574113_SAC_
15:23:10.358 [INFO] (trainer.py:114) Restored /root/Active_SLAM_with_DRL/cisc856_ws/install/pic4rl/share/pic4rl/../../../../src/Results/maze_v3/20260127_145315.261122_lidar_SAC/20260127T145315.574113_SAC_/ckpt-11
15:23:44.068 [INFO] (trainer.py:172) Total Epi:     1 Steps:    40 Episode Steps:    40 Return:  25.8584 Eps:   0.6 FPS:  1.19
15:24:20.727 [INFO] (trainer.py:172) Total Epi:     2 Steps:    73 Episode Steps:    33 Return: -13.2896 Eps:  0.5976 FPS:  0.99
15:25:00.459 [INFO] (trainer.py:172) Total Epi:     3 Steps:   109 Episode Steps:    36 Return: -43.7751+1.0915j Eps:  0.5952096 FPS:  0.99
15:25:35.132 [INFO] (trainer.py:172) Total Epi:     4 Steps:   139 Episode Steps:    30 Return: -35.8433+1.0915j Eps:  0.5928287616 FPS:  0.99
15:26:13.804 [INFO] (trainer.py:172) Total Epi:     5 Steps:   174 Episode Steps:    35 Return: -28.6771 Eps:  0.5904574465536 FPS:  0.99
15:26:52.547 [INFO] (trainer.py:172) Total Epi:     6 Steps:   208 Episode Steps:    34 Return:  0.7396 Eps:  0.5880956167673856 FPS:  0.99
15:27:33.571 [INFO] (trainer.py:172) Total Epi:     7 Steps:   245 Episode Steps:    37 Return: -29.6787 Eps:  0.585743234300316 FPS:  0.99
15:28:06.199 [INFO] (trainer.py:172) Total Epi:     8 Steps:   274 Episode Steps:    29 Return: -15.3874 Eps:  0.5834002613631147 FPS:  0.99
15:29:00.073 [INFO] (trainer.py:172) Total Epi:     9 Steps:   323 Episode Steps:    49 Return:  2.6918 Eps:  0.5810666603176623 FPS:  0.99
15:30:07.966 [INFO] (trainer.py:172) Total Epi:    10 Steps:   387 Episode Steps:    64 Return:  69.9164 Eps:  0.5787423936763917 FPS:  0.99
15:30:53.719 [INFO] (trainer.py:172) Total Epi:    11 Steps:   429 Episode Steps:    42 Return:  15.6435 Eps:  0.5764274241016861 FPS:  0.99
15:31:25.373 [INFO] (trainer.py:172) Total Epi:    12 Steps:   456 Episode Steps:    27 Return:  11.8102 Eps:  0.5741217144052794 FPS:  0.99
15:32:52.515 [INFO] (trainer.py:172) Total Epi:    13 Steps:   538 Episode Steps:    82 Return:  131.9783 Eps:  0.5718252275476583 FPS:  0.99
15:34:19.674 [INFO] (trainer.py:172) Total Epi:    14 Steps:   620 Episode Steps:    82 Return:  112.0568 Eps:  0.5695379266374677 FPS:  0.99
15:35:08.454 [INFO] (trainer.py:172) Total Epi:    15 Steps:   664 Episode Steps:    44 Return:  86.4123 Eps:  0.5672597749309178 FPS:  0.99
15:35:59.279 [INFO] (trainer.py:172) Total Epi:    16 Steps:   711 Episode Steps:    47 Return:  88.5564 Eps:  0.5649907358311942 FPS:  0.99
15:37:15.285 [INFO] (trainer.py:172) Total Epi:    17 Steps:   783 Episode Steps:    72 Return:  113.0169 Eps:  0.5627307728878694 FPS:  0.99
15:38:44.452 [INFO] (trainer.py:172) Total Epi:    18 Steps:   867 Episode Steps:    84 Return:  95.4362 Eps:  0.5604798497963179 FPS:  0.99
15:39:05.992 [INFO] (trainer.py:172) Total Epi:    19 Steps:   885 Episode Steps:    18 Return:  0.5277 Eps:  0.5582379303971327 FPS:  0.99
15:40:21.038 [INFO] (trainer.py:172) Total Epi:    20 Steps:   955 Episode Steps:    70 Return:  130.3862 Eps:  0.5560049786755441 FPS:  0.99
15:41:34.039 [INFO] (trainer.py:172) Total Epi:    21 Steps:  1024 Episode Steps:    69 Return:  110.3847+1.0915j Eps:  0.5537809587608419 FPS:  0.99
15:42:26.843 [INFO] (trainer.py:172) Total Epi:    22 Steps:  1072 Episode Steps:    48 Return:  81.6800 Eps:  0.5515658349257985 FPS:  0.99
15:43:13.937 [INFO] (trainer.py:172) Total Epi:    23 Steps:  1115 Episode Steps:    43 Return:  82.6652 Eps:  0.5493595715860953 FPS:  0.99
15:44:46.525 [INFO] (trainer.py:172) Total Epi:    24 Steps:  1202 Episode Steps:    87 Return:  172.0753 Eps:  0.5471621332997509 FPS:  0.99
15:45:35.312 [INFO] (trainer.py:172) Total Epi:    25 Steps:  1246 Episode Steps:    44 Return:  93.4665 Eps:  0.5449734847665519 FPS:  0.99
15:46:24.062 [INFO] (trainer.py:172) Total Epi:    26 Steps:  1291 Episode Steps:    45 Return:  26.7020 Eps:  0.5427935908274857 FPS:  0.99
15:47:57.319 [INFO] (trainer.py:172) Total Epi:    27 Steps:  1380 Episode Steps:    89 Return:  171.9159 Eps:  0.5406224164641757 FPS:  0.99
15:49:49.802 [INFO] (trainer.py:172) Total Epi:    28 Steps:  1488 Episode Steps:   108 Return:  183.0350 Eps:  0.538459926798319 FPS:  0.99
15:51:10.982 [INFO] (trainer.py:172) Total Epi:    29 Steps:  1564 Episode Steps:    76 Return:  128.2682 Eps:  0.5363060870911257 FPS:  0.99
15:51:48.662 [INFO] (trainer.py:172) Total Epi:    30 Steps:  1598 Episode Steps:    34 Return:  71.3979 Eps:  0.5341608627427612 FPS:  0.99
15:52:33.776 [INFO] (trainer.py:172) Total Epi:    31 Steps:  1639 Episode Steps:    41 Return:  81.7612 Eps:  0.5320242192917901 FPS:  0.99
15:53:17.815 [INFO] (trainer.py:172) Total Epi:    32 Steps:  1679 Episode Steps:    40 Return:  54.3169 Eps:  0.5298961224146229 FPS:  0.99
15:54:54.450 [INFO] (trainer.py:172) Total Epi:    33 Steps:  1771 Episode Steps:    92 Return:  185.9974 Eps:  0.5277765379249644 FPS:  0.99
15:55:34.206 [INFO] (trainer.py:172) Total Epi:    34 Steps:  1806 Episode Steps:    35 Return:  85.2192 Eps:  0.5256654317732645 FPS:  0.99
15:57:08.464 [INFO] (trainer.py:172) Total Epi:    35 Steps:  1895 Episode Steps:    89 Return:  138.5477 Eps:  0.5235627700461715 FPS:  0.99
15:58:45.823 [INFO] (trainer.py:172) Total Epi:    36 Steps:  1987 Episode Steps:    92 Return:  160.4648 Eps:  0.5214685189659868 FPS:  0.99
16:00:11.004 [INFO] (trainer.py:172) Total Epi:    37 Steps:  2068 Episode Steps:    81 Return:  132.0016 Eps:  0.5193826448901229 FPS:  0.99
16:01:49.302 [INFO] (trainer.py:172) Total Epi:    38 Steps:  2162 Episode Steps:    94 Return:  176.9377 Eps:  0.5173051143105624 FPS:  0.99
16:03:28.582 [INFO] (trainer.py:172) Total Epi:    39 Steps:  2257 Episode Steps:    95 Return:  161.6219 Eps:  0.5152358938533201 FPS:  0.99
16:04:57.725 [INFO] (trainer.py:172) Total Epi:    40 Steps:  2342 Episode Steps:    85 Return:  161.9330 Eps:  0.5131749502779068 FPS:  0.99
16:06:04.672 [INFO] (trainer.py:172) Total Epi:    41 Steps:  2405 Episode Steps:    63 Return:  123.1287 Eps:  0.5111222504767952 FPS:  0.99
16:07:36.874 [INFO] (trainer.py:172) Total Epi:    42 Steps:  2492 Episode Steps:    87 Return:  166.1421 Eps:  0.5090777614748879 FPS:  0.99
16:08:58.991 [INFO] (trainer.py:172) Total Epi:    43 Steps:  2570 Episode Steps:    78 Return:  145.7422 Eps:  0.5070414504289884 FPS:  0.99
16:10:19.049 [INFO] (trainer.py:172) Total Epi:    44 Steps:  2645 Episode Steps:    75 Return:  130.6394 Eps:  0.5050132846272725 FPS:  0.99
16:11:22.315 [INFO] (trainer.py:172) Total Epi:    45 Steps:  2704 Episode Steps:    59 Return:  107.5601 Eps:  0.5029932314887634 FPS:  0.99
16:12:34.352 [INFO] (trainer.py:172) Total Epi:    46 Steps:  2771 Episode Steps:    67 Return:  129.2414 Eps:  0.5009812585628084 FPS:  0.99
16:13:37.361 [INFO] (trainer.py:172) Total Epi:    47 Steps:  2829 Episode Steps:    58 Return:  99.2667 Eps:  0.49897733352855717 FPS:  0.99
