INFO:root:Total_episodes: 0, Total_steps: 0, episode_steps: 1

INFO:root:Initializing new episode ...
INFO:root:Ep 1 robot pose [x,y,yaw]: [4.5, 1.5, 3.1416]
INFO:root:Ep 1 goal pose [x, y]: [5.05, 2.05]
INFO:root:Ep 1: Collision
INFO:root:Total_episodes: 1, Total_steps: 52, episode_steps: 52

INFO:root:Initializing new episode ...
INFO:root:Ep 2 robot pose [x,y,yaw]: [4.5, 1.5, 3.1416]
INFO:root:Ep 2 goal pose [x, y]: [0.0, 0.0]
INFO:root:Ep 2: Collision
INFO:root:Total_episodes: 2, Total_steps: 97, episode_steps: 45

INFO:root:Initializing new episode ...
INFO:root:Ep 3 robot pose [x,y,yaw]: [4.5, 1.5, 3.1416]
INFO:root:Ep 3 goal pose [x, y]: [0.0, 0.0]
INFO:root:Ep 3: Collision
INFO:root:Total_episodes: 3, Total_steps: 142, episode_steps: 45

INFO:root:Initializing new episode ...
INFO:root:Ep 4 robot pose [x,y,yaw]: [4.5, 1.5, 3.1416]
INFO:root:Ep 4 goal pose [x, y]: [0.0, 0.0]
INFO:root:Ep 4: Collision
INFO:root:Total_episodes: 4, Total_steps: 191, episode_steps: 49

INFO:root:Initializing new episode ...
INFO:root:Ep 5 robot pose [x,y,yaw]: [4.5, 1.5, 3.1416]
INFO:root:Ep 5 goal pose [x, y]: [0.0, 0.0]
INFO:root:Ep 5: Collision
INFO:root:Total_episodes: 5, Total_steps: 219, episode_steps: 28

INFO:root:Initializing new episode ...
INFO:root:Ep 6 robot pose [x,y,yaw]: [4.5, 1.5, 3.1416]
INFO:root:Ep 6 goal pose [x, y]: [0.0, 0.0]
INFO:root:Ep 6: Collision
INFO:root:Total_episodes: 6, Total_steps: 260, episode_steps: 41

INFO:root:Initializing new episode ...
INFO:root:Ep 7 robot pose [x,y,yaw]: [4.5, 1.5, 3.1416]
INFO:root:Ep 7 goal pose [x, y]: [0.0, 0.0]
INFO:root:Ep 7: Collision
INFO:root:Total_episodes: 7, Total_steps: 306, episode_steps: 46

INFO:root:Initializing new episode ...
INFO:root:Ep 8 robot pose [x,y,yaw]: [4.5, 1.5, 3.1416]
INFO:root:Ep 8 goal pose [x, y]: [0.0, 0.0]
INFO:root:Ep 8: Collision
INFO:root:Total_episodes: 8, Total_steps: 350, episode_steps: 44

INFO:root:Initializing new episode ...
INFO:root:Ep 9 robot pose [x,y,yaw]: [4.5, 1.5, 3.1416]
INFO:root:Ep 9 goal pose [x, y]: [0.0, 0.0]
INFO:root:Ep 9: Collision
INFO:root:Total_episodes: 9, Total_steps: 400, episode_steps: 50

INFO:root:Initializing new episode ...
INFO:root:Ep 10 robot pose [x,y,yaw]: [4.5, 1.5, 3.1416]
INFO:root:Ep 10 goal pose [x, y]: [0.0, 0.0]
INFO:root:Ep 10: Collision
INFO:root:Total_episodes: 10, Total_steps: 431, episode_steps: 31

INFO:root:Initializing new episode ...
INFO:root:Ep 11 robot pose [x,y,yaw]: [4.5, 1.5, 3.1416]
INFO:root:Ep 11 goal pose [x, y]: [0.0, 0.0]
INFO:root:Ep 11: Collision
INFO:root:Total_episodes: 11, Total_steps: 459, episode_steps: 28

INFO:root:Initializing new episode ...
INFO:root:Ep 12 robot pose [x,y,yaw]: [4.5, 1.5, 3.1416]
INFO:root:Ep 12 goal pose [x, y]: [0.0, 0.0]
INFO:root:Ep 12: Collision
INFO:root:Total_episodes: 12, Total_steps: 488, episode_steps: 29

INFO:root:Initializing new episode ...
INFO:root:Ep 13 robot pose [x,y,yaw]: [4.5, 1.5, 3.1416]
INFO:root:Ep 13 goal pose [x, y]: [0.0, 0.0]
INFO:root:Ep 13: Collision
INFO:root:Total_episodes: 13, Total_steps: 527, episode_steps: 39

INFO:root:Initializing new episode ...
INFO:root:Ep 14 robot pose [x,y,yaw]: [4.5, 1.5, 3.1416]
INFO:root:Ep 14 goal pose [x, y]: [0.0, 0.0]
INFO:root:Ep 14: Collision
INFO:root:Total_episodes: 14, Total_steps: 556, episode_steps: 29

INFO:root:Initializing new episode ...
INFO:root:Ep 15 robot pose [x,y,yaw]: [4.5, 1.5, 3.1416]
INFO:root:Ep 15 goal pose [x, y]: [0.0, 0.0]
INFO:root:Ep 15: Collision
INFO:root:Total_episodes: 15, Total_steps: 588, episode_steps: 32

INFO:root:Initializing new episode ...
INFO:root:Ep 16 robot pose [x,y,yaw]: [4.5, 1.5, 3.1416]
INFO:root:Ep 16 goal pose [x, y]: [0.0, 0.0]
INFO:root:Ep 16: Collision
INFO:root:Total_episodes: 16, Total_steps: 621, episode_steps: 33

INFO:root:Initializing new episode ...
INFO:root:Ep 17 robot pose [x,y,yaw]: [4.5, 1.5, 3.1416]
INFO:root:Ep 17 goal pose [x, y]: [0.0, 0.0]
INFO:root:Ep 17: Collision
INFO:root:Total_episodes: 17, Total_steps: 665, episode_steps: 44

INFO:root:Initializing new episode ...
INFO:root:Ep 18 robot pose [x,y,yaw]: [4.5, 1.5, 3.1416]
INFO:root:Ep 18 goal pose [x, y]: [0.0, 0.0]
INFO:root:Ep 18: Collision
INFO:root:Total_episodes: 18, Total_steps: 698, episode_steps: 33

INFO:root:Initializing new episode ...
INFO:root:Ep 19 robot pose [x,y,yaw]: [4.5, 1.5, 3.1416]
INFO:root:Ep 19 goal pose [x, y]: [0.0, 0.0]
INFO:root:Ep 19: Collision
INFO:root:Total_episodes: 19, Total_steps: 731, episode_steps: 33

INFO:root:Initializing new episode ...
INFO:root:Ep 20 robot pose [x,y,yaw]: [4.5, 1.5, 3.1416]
INFO:root:Ep 20 goal pose [x, y]: [0.0, 0.0]
INFO:root:Ep 20: Collision
INFO:root:Total_episodes: 20, Total_steps: 763, episode_steps: 32

INFO:root:Initializing new episode ...
INFO:root:Ep 21 robot pose [x,y,yaw]: [4.5, 1.5, 3.1416]
INFO:root:Ep 21 goal pose [x, y]: [0.0, 0.0]
INFO:root:Ep 21: Collision
INFO:root:Total_episodes: 21, Total_steps: 788, episode_steps: 25

INFO:root:Initializing new episode ...
INFO:root:Ep 22 robot pose [x,y,yaw]: [4.5, 1.5, 3.1416]
INFO:root:Ep 22 goal pose [x, y]: [0.0, 0.0]
INFO:root:Ep 22: Collision
INFO:root:Total_episodes: 22, Total_steps: 811, episode_steps: 23

INFO:root:Initializing new episode ...
INFO:root:Ep 23 robot pose [x,y,yaw]: [4.5, 1.5, 3.1416]
INFO:root:Ep 23 goal pose [x, y]: [0.0, 0.0]
INFO:root:Ep 23: Collision
INFO:root:Total_episodes: 23, Total_steps: 851, episode_steps: 40

INFO:root:Initializing new episode ...
INFO:root:Ep 24 robot pose [x,y,yaw]: [4.5, 1.5, 3.1416]
INFO:root:Ep 24 goal pose [x, y]: [0.0, 0.0]
INFO:root:Ep 24: Collision
INFO:root:Total_episodes: 24, Total_steps: 876, episode_steps: 25

INFO:root:Initializing new episode ...
INFO:root:Ep 25 robot pose [x,y,yaw]: [4.5, 1.5, 3.1416]
INFO:root:Ep 25 goal pose [x, y]: [0.0, 0.0]
INFO:root:Ep 25: Collision
INFO:root:Total_episodes: 25, Total_steps: 910, episode_steps: 34

INFO:root:Initializing new episode ...
INFO:root:Ep 26 robot pose [x,y,yaw]: [4.5, 1.5, 3.1416]
INFO:root:Ep 26 goal pose [x, y]: [0.0, 0.0]
INFO:root:Ep 26: Collision
INFO:root:Total_episodes: 26, Total_steps: 947, episode_steps: 37

INFO:root:Initializing new episode ...
INFO:root:Ep 27 robot pose [x,y,yaw]: [4.5, 1.5, 3.1416]
INFO:root:Ep 27 goal pose [x, y]: [0.0, 0.0]
INFO:root:Ep 27: Collision
INFO:root:Total_episodes: 27, Total_steps: 991, episode_steps: 44

INFO:root:Initializing new episode ...
INFO:root:Ep 28 robot pose [x,y,yaw]: [4.5, 1.5, 3.1416]
INFO:root:Ep 28 goal pose [x, y]: [0.0, 0.0]
INFO:root:Ep 28: Collision
INFO:root:Total_episodes: 28, Total_steps: 1034, episode_steps: 43

INFO:root:Initializing new episode ...
INFO:root:Ep 29 robot pose [x,y,yaw]: [4.5, 1.5, 3.1416]
INFO:root:Ep 29 goal pose [x, y]: [0.0, 0.0]
INFO:root:Ep 29: Goal
INFO:root:Total_episodes: 29, Total_steps: 1082, episode_steps: 48

INFO:root:Initializing new episode ...
INFO:root:Ep 30 robot pose [x,y,yaw]: [4.5, 1.5, 3.1416]
INFO:root:Ep 30 goal pose [x, y]: [0.0, 0.0]
INFO:root:Ep 30: Collision
INFO:root:Total_episodes: 30, Total_steps: 1147, episode_steps: 65

INFO:root:Initializing new episode ...
INFO:root:Ep 31 robot pose [x,y,yaw]: [4.5, 1.5, 3.1416]
INFO:root:Ep 31 goal pose [x, y]: [0.0, 0.0]
INFO:root:Ep 31: Collision
INFO:root:Total_episodes: 31, Total_steps: 1201, episode_steps: 54

INFO:root:Initializing new episode ...
INFO:root:Ep 32 robot pose [x,y,yaw]: [4.5, 1.5, 3.1416]
INFO:root:Ep 32 goal pose [x, y]: [0.0, 0.0]
INFO:root:Ep 32: Collision
INFO:root:Total_episodes: 32, Total_steps: 1278, episode_steps: 77

INFO:root:Initializing new episode ...
INFO:root:Ep 33 robot pose [x,y,yaw]: [4.5, 1.5, 3.1416]
INFO:root:Ep 33 goal pose [x, y]: [0.0, 0.0]
INFO:root:Ep 33: Collision
INFO:root:Total_episodes: 33, Total_steps: 1342, episode_steps: 64

INFO:root:Initializing new episode ...
INFO:root:Ep 34 robot pose [x,y,yaw]: [4.5, 1.5, 3.1416]
INFO:root:Ep 34 goal pose [x, y]: [0.0, 0.0]
INFO:root:Ep 34: Collision
INFO:root:Total_episodes: 34, Total_steps: 1367, episode_steps: 25

INFO:root:Initializing new episode ...
INFO:root:Ep 35 robot pose [x,y,yaw]: [4.5, 1.5, 3.1416]
INFO:root:Ep 35 goal pose [x, y]: [0.0, 0.0]
INFO:root:Ep 35: Collision
INFO:root:Total_episodes: 35, Total_steps: 1391, episode_steps: 24

INFO:root:Initializing new episode ...
INFO:root:Ep 36 robot pose [x,y,yaw]: [4.5, 1.5, 3.1416]
INFO:root:Ep 36 goal pose [x, y]: [0.0, 0.0]
INFO:root:Ep 36: Collision
INFO:root:Total_episodes: 36, Total_steps: 1480, episode_steps: 89

INFO:root:Initializing new episode ...
INFO:root:Ep 37 robot pose [x,y,yaw]: [4.5, 1.5, 3.1416]
INFO:root:Ep 37 goal pose [x, y]: [0.0, 0.0]
INFO:root:Ep 37: Goal
INFO:root:Total_episodes: 37, Total_steps: 1549, episode_steps: 69

INFO:root:Initializing new episode ...
INFO:root:Ep 38 robot pose [x,y,yaw]: [4.5, 1.5, 3.1416]
INFO:root:Ep 38 goal pose [x, y]: [0.0, 0.0]
INFO:root:Ep 38: Collision
INFO:root:Total_episodes: 38, Total_steps: 1652, episode_steps: 103

INFO:root:Initializing new episode ...
INFO:root:Ep 39 robot pose [x,y,yaw]: [4.5, 1.5, 3.1416]
INFO:root:Ep 39 goal pose [x, y]: [0.0, 0.0]
INFO:root:Ep 39: Collision
INFO:root:Total_episodes: 39, Total_steps: 1712, episode_steps: 60

INFO:root:Initializing new episode ...
INFO:root:Ep 40 robot pose [x,y,yaw]: [4.5, 1.5, 3.1416]
INFO:root:Ep 40 goal pose [x, y]: [0.0, 0.0]
INFO:root:Ep 40: Collision
INFO:root:Total_episodes: 40, Total_steps: 1823, episode_steps: 111

INFO:root:Initializing new episode ...
INFO:root:Ep 41 robot pose [x,y,yaw]: [4.5, 1.5, 3.1416]
INFO:root:Ep 41 goal pose [x, y]: [0.0, 0.0]
INFO:root:Ep 41: Collision
INFO:root:Total_episodes: 41, Total_steps: 1852, episode_steps: 29

INFO:root:Initializing new episode ...
INFO:root:Ep 42 robot pose [x,y,yaw]: [4.5, 1.5, 3.1416]
INFO:root:Ep 42 goal pose [x, y]: [0.0, 0.0]
INFO:root:Ep 42: Collision
INFO:root:Total_episodes: 42, Total_steps: 1920, episode_steps: 68

INFO:root:Initializing new episode ...
INFO:root:Ep 43 robot pose [x,y,yaw]: [4.5, 1.5, 3.1416]
INFO:root:Ep 43 goal pose [x, y]: [0.0, 0.0]
INFO:root:Ep 43: Collision
INFO:root:Total_episodes: 43, Total_steps: 1951, episode_steps: 31

INFO:root:Initializing new episode ...
INFO:root:Ep 44 robot pose [x,y,yaw]: [4.5, 1.5, 3.1416]
INFO:root:Ep 44 goal pose [x, y]: [0.0, 0.0]
INFO:root:Ep 44: Collision
INFO:root:Total_episodes: 44, Total_steps: 2023, episode_steps: 72

INFO:root:Initializing new episode ...
INFO:root:Ep 45 robot pose [x,y,yaw]: [4.5, 1.5, 3.1416]
INFO:root:Ep 45 goal pose [x, y]: [0.0, 0.0]
INFO:root:Ep 45: Collision
INFO:root:Total_episodes: 45, Total_steps: 2048, episode_steps: 25

INFO:root:Initializing new episode ...
INFO:root:Ep 46 robot pose [x,y,yaw]: [4.5, 1.5, 3.1416]
INFO:root:Ep 46 goal pose [x, y]: [0.0, 0.0]
INFO:root:Ep 46: Collision
INFO:root:Total_episodes: 46, Total_steps: 2122, episode_steps: 74

INFO:root:Initializing new episode ...
INFO:root:Ep 47 robot pose [x,y,yaw]: [4.5, 1.5, 3.1416]
INFO:root:Ep 47 goal pose [x, y]: [0.0, 0.0]
INFO:root:Ep 47: Collision
INFO:root:Total_episodes: 47, Total_steps: 2147, episode_steps: 25

INFO:root:Initializing new episode ...
INFO:root:Ep 48 robot pose [x,y,yaw]: [4.5, 1.5, 3.1416]
INFO:root:Ep 48 goal pose [x, y]: [0.0, 0.0]
INFO:root:Ep 48: Collision
INFO:root:Total_episodes: 48, Total_steps: 2181, episode_steps: 34

INFO:root:Initializing new episode ...
INFO:root:Ep 49 robot pose [x,y,yaw]: [4.5, 1.5, 3.1416]
INFO:root:Ep 49 goal pose [x, y]: [0.0, 0.0]
INFO:root:Ep 49: Collision
INFO:root:Total_episodes: 49, Total_steps: 2251, episode_steps: 70

INFO:root:Initializing new episode ...
INFO:root:Ep 50 robot pose [x,y,yaw]: [4.5, 1.5, 3.1416]
INFO:root:Ep 50 goal pose [x, y]: [0.0, 0.0]
INFO:root:Ep 50: Collision
INFO:root:Total_episodes: 50, Total_steps: 2278, episode_steps: 27

INFO:root:Initializing new episode ...
INFO:root:Ep 51 robot pose [x,y,yaw]: [4.5, 1.5, 3.1416]
INFO:root:Ep 51 goal pose [x, y]: [0.0, 0.0]
INFO:root:Ep 51: Collision
INFO:root:Total_episodes: 51, Total_steps: 2311, episode_steps: 33

INFO:root:Initializing new episode ...
INFO:root:Ep 52 robot pose [x,y,yaw]: [4.5, 1.5, 3.1416]
INFO:root:Ep 52 goal pose [x, y]: [0.0, 0.0]
INFO:root:Ep 52: Collision
INFO:root:Total_episodes: 52, Total_steps: 2341, episode_steps: 30

INFO:root:Initializing new episode ...
INFO:root:Ep 53 robot pose [x,y,yaw]: [4.5, 1.5, 3.1416]
INFO:root:Ep 53 goal pose [x, y]: [0.0, 0.0]
INFO:root:Ep 53: Collision
INFO:root:Total_episodes: 53, Total_steps: 2473, episode_steps: 132

INFO:root:Initializing new episode ...
INFO:root:Ep 54 robot pose [x,y,yaw]: [4.5, 1.5, 3.1416]
INFO:root:Ep 54 goal pose [x, y]: [0.0, 0.0]
INFO:root:Ep 54: Collision
INFO:root:Total_episodes: 54, Total_steps: 2589, episode_steps: 116

INFO:root:Initializing new episode ...
INFO:root:Ep 55 robot pose [x,y,yaw]: [4.5, 1.5, 3.1416]
INFO:root:Ep 55 goal pose [x, y]: [0.0, 0.0]
INFO:root:Ep 55: Collision
INFO:root:Total_episodes: 55, Total_steps: 2668, episode_steps: 79

INFO:root:Initializing new episode ...
INFO:root:Ep 56 robot pose [x,y,yaw]: [4.5, 1.5, 3.1416]
INFO:root:Ep 56 goal pose [x, y]: [0.0, 0.0]
INFO:root:Ep 56: Collision
INFO:root:Total_episodes: 56, Total_steps: 2742, episode_steps: 74

INFO:root:Initializing new episode ...
INFO:root:Ep 57 robot pose [x,y,yaw]: [4.5, 1.5, 3.1416]
INFO:root:Ep 57 goal pose [x, y]: [0.0, 0.0]
INFO:root:Ep 57: Collision
INFO:root:Total_episodes: 57, Total_steps: 2807, episode_steps: 65

INFO:root:Initializing new episode ...
INFO:root:Ep 58 robot pose [x,y,yaw]: [4.5, 1.5, 3.1416]
INFO:root:Ep 58 goal pose [x, y]: [0.0, 0.0]
INFO:root:Ep 58: Collision
INFO:root:Total_episodes: 58, Total_steps: 2877, episode_steps: 70

INFO:root:Initializing new episode ...
INFO:root:Ep 59 robot pose [x,y,yaw]: [4.5, 1.5, 3.1416]
INFO:root:Ep 59 goal pose [x, y]: [0.0, 0.0]
INFO:root:Ep 59: Goal
INFO:root:Total_episodes: 59, Total_steps: 2968, episode_steps: 91

INFO:root:Initializing new episode ...
INFO:root:Ep 60 robot pose [x,y,yaw]: [4.5, 1.5, 3.1416]
INFO:root:Ep 60 goal pose [x, y]: [0.0, 0.0]
INFO:root:Ep 60: Collision
INFO:root:Total_episodes: 60, Total_steps: 3044, episode_steps: 76

INFO:root:Initializing new episode ...
INFO:root:Ep 61 robot pose [x,y,yaw]: [4.5, 1.5, 3.1416]
INFO:root:Ep 61 goal pose [x, y]: [0.0, 0.0]
INFO:root:Ep 61: Collision
INFO:root:Total_episodes: 61, Total_steps: 3133, episode_steps: 89

INFO:root:Initializing new episode ...
INFO:root:Ep 62 robot pose [x,y,yaw]: [4.5, 1.5, 3.1416]
INFO:root:Ep 62 goal pose [x, y]: [0.0, 0.0]
INFO:root:Ep 62: Collision
INFO:root:Total_episodes: 62, Total_steps: 3199, episode_steps: 66

INFO:root:Initializing new episode ...
INFO:root:Ep 63 robot pose [x,y,yaw]: [4.5, 1.5, 3.1416]
INFO:root:Ep 63 goal pose [x, y]: [0.0, 0.0]
INFO:root:Ep 63: Collision
INFO:root:Total_episodes: 63, Total_steps: 3284, episode_steps: 85

INFO:root:Initializing new episode ...
INFO:root:Ep 64 robot pose [x,y,yaw]: [4.5, 1.5, 3.1416]
INFO:root:Ep 64 goal pose [x, y]: [0.0, 0.0]
INFO:root:Ep 64: Collision
INFO:root:Total_episodes: 64, Total_steps: 3385, episode_steps: 101

INFO:root:Initializing new episode ...
INFO:root:Ep 65 robot pose [x,y,yaw]: [4.5, 1.5, 3.1416]
INFO:root:Ep 65 goal pose [x, y]: [0.0, 0.0]
INFO:root:Ep 65: Goal
INFO:root:Total_episodes: 65, Total_steps: 3444, episode_steps: 59

INFO:root:Initializing new episode ...
INFO:root:Ep 66 robot pose [x,y,yaw]: [4.5, 1.5, 3.1416]
INFO:root:Ep 66 goal pose [x, y]: [0.0, 0.0]
INFO:root:Ep 66: Collision
INFO:root:Total_episodes: 66, Total_steps: 3525, episode_steps: 81

INFO:root:Initializing new episode ...
INFO:root:Ep 67 robot pose [x,y,yaw]: [4.5, 1.5, 3.1416]
INFO:root:Ep 67 goal pose [x, y]: [0.0, 0.0]
INFO:root:Ep 67: Collision
INFO:root:Total_episodes: 67, Total_steps: 3610, episode_steps: 85

INFO:root:Initializing new episode ...
INFO:root:Ep 68 robot pose [x,y,yaw]: [4.5, 1.5, 3.1416]
INFO:root:Ep 68 goal pose [x, y]: [0.0, 0.0]
INFO:root:Ep 68: Collision
INFO:root:Total_episodes: 68, Total_steps: 3698, episode_steps: 88

INFO:root:Initializing new episode ...
INFO:root:Ep 69 robot pose [x,y,yaw]: [4.5, 1.5, 3.1416]
INFO:root:Ep 69 goal pose [x, y]: [0.0, 0.0]
INFO:root:Ep 69: Collision
INFO:root:Total_episodes: 69, Total_steps: 3771, episode_steps: 73

INFO:root:Initializing new episode ...
INFO:root:Ep 70 robot pose [x,y,yaw]: [4.5, 1.5, 3.1416]
INFO:root:Ep 70 goal pose [x, y]: [0.0, 0.0]
INFO:root:Ep 70: Collision
INFO:root:Total_episodes: 70, Total_steps: 3844, episode_steps: 73

INFO:root:Initializing new episode ...
INFO:root:Ep 71 robot pose [x,y,yaw]: [4.5, 1.5, 3.1416]
INFO:root:Ep 71 goal pose [x, y]: [0.0, 0.0]
INFO:root:Ep 71: Collision
INFO:root:Total_episodes: 71, Total_steps: 3934, episode_steps: 90

INFO:root:Initializing new episode ...
INFO:root:Ep 72 robot pose [x,y,yaw]: [4.5, 1.5, 3.1416]
INFO:root:Ep 72 goal pose [x, y]: [0.0, 0.0]
INFO:root:Ep 72: Goal
INFO:root:Total_episodes: 72, Total_steps: 4022, episode_steps: 88

INFO:root:Initializing new episode ...
INFO:root:Ep 73 robot pose [x,y,yaw]: [4.5, 1.5, 3.1416]
INFO:root:Ep 73 goal pose [x, y]: [0.0, 0.0]
INFO:root:Ep 73: Collision
INFO:root:Total_episodes: 73, Total_steps: 4117, episode_steps: 95

INFO:root:Initializing new episode ...
INFO:root:Ep 74 robot pose [x,y,yaw]: [4.5, 1.5, 3.1416]
INFO:root:Ep 74 goal pose [x, y]: [0.0, 0.0]
INFO:root:Ep 74: Goal
INFO:root:Total_episodes: 74, Total_steps: 4190, episode_steps: 73

INFO:root:Initializing new episode ...
INFO:root:Ep 75 robot pose [x,y,yaw]: [4.5, 1.5, 3.1416]
INFO:root:Ep 75 goal pose [x, y]: [0.0, 0.0]
INFO:root:Ep 75: Collision
INFO:root:Total_episodes: 75, Total_steps: 4276, episode_steps: 86

INFO:root:Initializing new episode ...
INFO:root:Ep 76 robot pose [x,y,yaw]: [4.5, 1.5, 3.1416]
INFO:root:Ep 76 goal pose [x, y]: [0.0, 0.0]
INFO:root:Ep 76: Collision
INFO:root:Total_episodes: 76, Total_steps: 4365, episode_steps: 89

INFO:root:Initializing new episode ...
INFO:root:Ep 77 robot pose [x,y,yaw]: [4.5, 1.5, 3.1416]
INFO:root:Ep 77 goal pose [x, y]: [0.0, 0.0]
INFO:root:Ep 77: Collision
INFO:root:Total_episodes: 77, Total_steps: 4450, episode_steps: 85

INFO:root:Initializing new episode ...
INFO:root:Ep 78 robot pose [x,y,yaw]: [4.5, 1.5, 3.1416]
INFO:root:Ep 78 goal pose [x, y]: [0.0, 0.0]
INFO:root:Ep 78: Collision
INFO:root:Total_episodes: 78, Total_steps: 4524, episode_steps: 74

INFO:root:Initializing new episode ...
INFO:root:Ep 79 robot pose [x,y,yaw]: [4.5, 1.5, 3.1416]
INFO:root:Ep 79 goal pose [x, y]: [0.0, 0.0]
INFO:root:Ep 79: Collision
INFO:root:Total_episodes: 79, Total_steps: 4607, episode_steps: 83

INFO:root:Initializing new episode ...
INFO:root:Ep 80 robot pose [x,y,yaw]: [4.5, 1.5, 3.1416]
INFO:root:Ep 80 goal pose [x, y]: [0.0, 0.0]
INFO:root:Ep 80: Collision
INFO:root:Total_episodes: 80, Total_steps: 4688, episode_steps: 81

INFO:root:Initializing new episode ...
INFO:root:Ep 81 robot pose [x,y,yaw]: [4.5, 1.5, 3.1416]
INFO:root:Ep 81 goal pose [x, y]: [0.0, 0.0]
INFO:root:Ep 81: Goal
INFO:root:Total_episodes: 81, Total_steps: 4764, episode_steps: 76

INFO:root:Initializing new episode ...
INFO:root:Ep 82 robot pose [x,y,yaw]: [4.5, 1.5, 3.1416]
INFO:root:Ep 82 goal pose [x, y]: [0.0, 0.0]
INFO:root:Ep 82: Collision
INFO:root:Total_episodes: 82, Total_steps: 4833, episode_steps: 69

INFO:root:Initializing new episode ...
INFO:root:Ep 83 robot pose [x,y,yaw]: [4.5, 1.5, 3.1416]
INFO:root:Ep 83 goal pose [x, y]: [0.0, 0.0]
INFO:root:Ep 83: Collision
INFO:root:Total_episodes: 83, Total_steps: 4916, episode_steps: 83

INFO:root:Initializing new episode ...
INFO:root:Ep 84 robot pose [x,y,yaw]: [4.5, 1.5, 3.1416]
INFO:root:Ep 84 goal pose [x, y]: [0.0, 0.0]
INFO:root:Ep 84: Collision
INFO:root:Total_episodes: 84, Total_steps: 5024, episode_steps: 108

INFO:root:Initializing new episode ...
INFO:root:Ep 85 robot pose [x,y,yaw]: [4.5, 1.5, 3.1416]
INFO:root:Ep 85 goal pose [x, y]: [0.0, 0.0]
INFO:root:Ep 85: Collision
INFO:root:Total_episodes: 85, Total_steps: 5102, episode_steps: 78

INFO:root:Initializing new episode ...
INFO:root:Ep 86 robot pose [x,y,yaw]: [4.5, 1.5, 3.1416]
INFO:root:Ep 86 goal pose [x, y]: [0.0, 0.0]
INFO:root:Ep 86: Collision
INFO:root:Total_episodes: 86, Total_steps: 5185, episode_steps: 83

INFO:root:Initializing new episode ...
INFO:root:Ep 87 robot pose [x,y,yaw]: [4.5, 1.5, 3.1416]
INFO:root:Ep 87 goal pose [x, y]: [0.0, 0.0]
INFO:root:Ep 87: Collision
INFO:root:Total_episodes: 87, Total_steps: 5256, episode_steps: 71

INFO:root:Initializing new episode ...
INFO:root:Ep 88 robot pose [x,y,yaw]: [4.5, 1.5, 3.1416]
INFO:root:Ep 88 goal pose [x, y]: [0.0, 0.0]
INFO:root:Ep 88: Collision
INFO:root:Total_episodes: 88, Total_steps: 5329, episode_steps: 73

INFO:root:Initializing new episode ...
INFO:root:Ep 89 robot pose [x,y,yaw]: [4.5, 1.5, 3.1416]
INFO:root:Ep 89 goal pose [x, y]: [0.0, 0.0]
INFO:root:Ep 89: Collision
INFO:root:Total_episodes: 89, Total_steps: 5411, episode_steps: 82

INFO:root:Initializing new episode ...
INFO:root:Ep 90 robot pose [x,y,yaw]: [4.5, 1.5, 3.1416]
INFO:root:Ep 90 goal pose [x, y]: [0.0, 0.0]
INFO:root:Ep 90: Collision
INFO:root:Total_episodes: 90, Total_steps: 5506, episode_steps: 95

INFO:root:Initializing new episode ...
INFO:root:Ep 91 robot pose [x,y,yaw]: [4.5, 1.5, 3.1416]
INFO:root:Ep 91 goal pose [x, y]: [0.0, 0.0]
INFO:root:Ep 91: Collision
INFO:root:Total_episodes: 91, Total_steps: 5600, episode_steps: 94

INFO:root:Initializing new episode ...
INFO:root:Ep 92 robot pose [x,y,yaw]: [4.5, 1.5, 3.1416]
INFO:root:Ep 92 goal pose [x, y]: [0.0, 0.0]
INFO:root:Ep 92: Goal
INFO:root:Total_episodes: 92, Total_steps: 5682, episode_steps: 82

INFO:root:Initializing new episode ...
INFO:root:Ep 93 robot pose [x,y,yaw]: [4.5, 1.5, 3.1416]
INFO:root:Ep 93 goal pose [x, y]: [0.0, 0.0]
INFO:root:Ep 93: Collision
INFO:root:Total_episodes: 93, Total_steps: 5758, episode_steps: 76

INFO:root:Initializing new episode ...
INFO:root:Ep 94 robot pose [x,y,yaw]: [4.5, 1.5, 3.1416]
INFO:root:Ep 94 goal pose [x, y]: [0.0, 0.0]
INFO:root:Ep 94: Collision
INFO:root:Total_episodes: 94, Total_steps: 5835, episode_steps: 77

INFO:root:Initializing new episode ...
INFO:root:Ep 95 robot pose [x,y,yaw]: [4.5, 1.5, 3.1416]
INFO:root:Ep 95 goal pose [x, y]: [0.0, 0.0]
INFO:root:Ep 95: Collision
INFO:root:Total_episodes: 95, Total_steps: 5950, episode_steps: 115

INFO:root:Initializing new episode ...
INFO:root:Ep 96 robot pose [x,y,yaw]: [4.5, 1.5, 3.1416]
INFO:root:Ep 96 goal pose [x, y]: [0.0, 0.0]
INFO:root:Ep 96: Collision
INFO:root:Total_episodes: 96, Total_steps: 6036, episode_steps: 86

INFO:root:Initializing new episode ...
INFO:root:Ep 97 robot pose [x,y,yaw]: [4.5, 1.5, 3.1416]
INFO:root:Ep 97 goal pose [x, y]: [0.0, 0.0]
INFO:root:Ep 97: Collision
INFO:root:Total_episodes: 97, Total_steps: 6135, episode_steps: 99

INFO:root:Initializing new episode ...
INFO:root:Ep 98 robot pose [x,y,yaw]: [4.5, 1.5, 3.1416]
INFO:root:Ep 98 goal pose [x, y]: [0.0, 0.0]
INFO:root:Ep 98: Collision
INFO:root:Total_episodes: 98, Total_steps: 6208, episode_steps: 73

INFO:root:Initializing new episode ...
INFO:root:Ep 99 robot pose [x,y,yaw]: [4.5, 1.5, 3.1416]
INFO:root:Ep 99 goal pose [x, y]: [0.0, 0.0]
INFO:root:Ep 99: Collision
INFO:root:Total_episodes: 99, Total_steps: 6310, episode_steps: 102

INFO:root:Initializing new episode ...
INFO:root:Ep 100 robot pose [x,y,yaw]: [4.5, 1.5, 3.1416]
INFO:root:Ep 100 goal pose [x, y]: [0.0, 0.0]
INFO:root:Ep 100: Collision
INFO:root:Total_episodes: 100, Total_steps: 6420, episode_steps: 110

INFO:root:Initializing new episode ...
INFO:root:Ep 101 robot pose [x,y,yaw]: [4.5, 1.5, 3.1416]
INFO:root:Ep 101 goal pose [x, y]: [0.0, 0.0]
INFO:root:Ep 101: Collision
INFO:root:Total_episodes: 101, Total_steps: 6500, episode_steps: 80

INFO:root:Initializing new episode ...
INFO:root:Ep 102 robot pose [x,y,yaw]: [4.5, 1.5, 3.1416]
INFO:root:Ep 102 goal pose [x, y]: [0.0, 0.0]
INFO:root:Ep 102: Collision
INFO:root:Total_episodes: 102, Total_steps: 6584, episode_steps: 84

INFO:root:Initializing new episode ...
INFO:root:Ep 103 robot pose [x,y,yaw]: [4.5, 1.5, 3.1416]
INFO:root:Ep 103 goal pose [x, y]: [0.0, 0.0]
INFO:root:Ep 103: Collision
INFO:root:Total_episodes: 103, Total_steps: 6692, episode_steps: 108

INFO:root:Initializing new episode ...
INFO:root:Ep 104 robot pose [x,y,yaw]: [4.5, 1.5, 3.1416]
INFO:root:Ep 104 goal pose [x, y]: [0.0, 0.0]
INFO:root:Ep 104: Collision
INFO:root:Total_episodes: 104, Total_steps: 6788, episode_steps: 96

INFO:root:Initializing new episode ...
INFO:root:Ep 105 robot pose [x,y,yaw]: [4.5, 1.5, 3.1416]
INFO:root:Ep 105 goal pose [x, y]: [0.0, 0.0]
INFO:root:Ep 105: Collision
INFO:root:Total_episodes: 105, Total_steps: 6878, episode_steps: 90

INFO:root:Initializing new episode ...
INFO:root:Ep 106 robot pose [x,y,yaw]: [4.5, 1.5, 3.1416]
INFO:root:Ep 106 goal pose [x, y]: [0.0, 0.0]
INFO:root:Ep 106: Collision
INFO:root:Total_episodes: 106, Total_steps: 6949, episode_steps: 71

INFO:root:Initializing new episode ...
INFO:root:Ep 107 robot pose [x,y,yaw]: [4.5, 1.5, 3.1416]
INFO:root:Ep 107 goal pose [x, y]: [0.0, 0.0]
INFO:root:Ep 107: Collision
INFO:root:Total_episodes: 107, Total_steps: 7043, episode_steps: 94

INFO:root:Initializing new episode ...
INFO:root:Ep 108 robot pose [x,y,yaw]: [4.5, 1.5, 3.1416]
INFO:root:Ep 108 goal pose [x, y]: [0.0, 0.0]
INFO:root:Ep 108: Collision
INFO:root:Total_episodes: 108, Total_steps: 7130, episode_steps: 87

INFO:root:Initializing new episode ...
INFO:root:Ep 109 robot pose [x,y,yaw]: [4.5, 1.5, 3.1416]
INFO:root:Ep 109 goal pose [x, y]: [0.0, 0.0]
INFO:root:Ep 109: Collision
INFO:root:Total_episodes: 109, Total_steps: 7206, episode_steps: 76

INFO:root:Initializing new episode ...
INFO:root:Ep 110 robot pose [x,y,yaw]: [4.5, 1.5, 3.1416]
INFO:root:Ep 110 goal pose [x, y]: [0.0, 0.0]
INFO:root:Ep 110: Collision
INFO:root:Total_episodes: 110, Total_steps: 7312, episode_steps: 106

INFO:root:Initializing new episode ...
INFO:root:Ep 111 robot pose [x,y,yaw]: [4.5, 1.5, 3.1416]
INFO:root:Ep 111 goal pose [x, y]: [0.0, 0.0]
INFO:root:Ep 111: Collision
INFO:root:Total_episodes: 111, Total_steps: 7412, episode_steps: 100

INFO:root:Initializing new episode ...
INFO:root:Ep 112 robot pose [x,y,yaw]: [4.5, 1.5, 3.1416]
INFO:root:Ep 112 goal pose [x, y]: [0.0, 0.0]
INFO:root:Ep 112: Collision
INFO:root:Total_episodes: 112, Total_steps: 7514, episode_steps: 102

INFO:root:Initializing new episode ...
INFO:root:Ep 113 robot pose [x,y,yaw]: [4.5, 1.5, 3.1416]
INFO:root:Ep 113 goal pose [x, y]: [0.0, 0.0]
INFO:root:Ep 113: Collision
INFO:root:Total_episodes: 113, Total_steps: 7631, episode_steps: 117

INFO:root:Initializing new episode ...
INFO:root:Ep 114 robot pose [x,y,yaw]: [4.5, 1.5, 3.1416]
INFO:root:Ep 114 goal pose [x, y]: [0.0, 0.0]
INFO:root:Ep 114: Collision
INFO:root:Total_episodes: 114, Total_steps: 7734, episode_steps: 103

INFO:root:Initializing new episode ...
INFO:root:Ep 115 robot pose [x,y,yaw]: [4.5, 1.5, 3.1416]
INFO:root:Ep 115 goal pose [x, y]: [0.0, 0.0]
INFO:root:Ep 115: Collision
INFO:root:Total_episodes: 115, Total_steps: 7819, episode_steps: 85

INFO:root:Initializing new episode ...
INFO:root:Ep 116 robot pose [x,y,yaw]: [4.5, 1.5, 3.1416]
INFO:root:Ep 116 goal pose [x, y]: [0.0, 0.0]
INFO:root:Ep 116: Collision
INFO:root:Total_episodes: 116, Total_steps: 8024, episode_steps: 205

INFO:root:Initializing new episode ...
INFO:root:Ep 117 robot pose [x,y,yaw]: [4.5, 1.5, 3.1416]
INFO:root:Ep 117 goal pose [x, y]: [0.0, 0.0]
INFO:root:Ep 117: Collision
INFO:root:Total_episodes: 117, Total_steps: 8144, episode_steps: 120

INFO:root:Initializing new episode ...
INFO:root:Ep 118 robot pose [x,y,yaw]: [4.5, 1.5, 3.1416]
INFO:root:Ep 118 goal pose [x, y]: [0.0, 0.0]
INFO:root:Ep 118: Collision
INFO:root:Total_episodes: 118, Total_steps: 8255, episode_steps: 111

INFO:root:Initializing new episode ...
INFO:root:Ep 119 robot pose [x,y,yaw]: [4.5, 1.5, 3.1416]
INFO:root:Ep 119 goal pose [x, y]: [0.0, 0.0]
INFO:root:Ep 119: Collision
INFO:root:Total_episodes: 119, Total_steps: 8340, episode_steps: 85

INFO:root:Initializing new episode ...
INFO:root:Ep 120 robot pose [x,y,yaw]: [4.5, 1.5, 3.1416]
INFO:root:Ep 120 goal pose [x, y]: [0.0, 0.0]
INFO:root:Ep 120: Collision
INFO:root:Total_episodes: 120, Total_steps: 8456, episode_steps: 116

INFO:root:Initializing new episode ...
INFO:root:Ep 121 robot pose [x,y,yaw]: [4.5, 1.5, 3.1416]
INFO:root:Ep 121 goal pose [x, y]: [0.0, 0.0]
INFO:root:Ep 121: Collision
INFO:root:Total_episodes: 121, Total_steps: 8673, episode_steps: 217

INFO:root:Initializing new episode ...
INFO:root:Ep 122 robot pose [x,y,yaw]: [4.5, 1.5, 3.1416]
INFO:root:Ep 122 goal pose [x, y]: [0.0, 0.0]
INFO:root:Ep 122: Collision
INFO:root:Total_episodes: 122, Total_steps: 8763, episode_steps: 90

INFO:root:Initializing new episode ...
INFO:root:Ep 123 robot pose [x,y,yaw]: [4.5, 1.5, 3.1416]
INFO:root:Ep 123 goal pose [x, y]: [0.0, 0.0]
INFO:root:Ep 123: Goal
INFO:root:Total_episodes: 123, Total_steps: 8860, episode_steps: 97

INFO:root:Initializing new episode ...
INFO:root:Ep 124 robot pose [x,y,yaw]: [4.5, 1.5, 3.1416]
INFO:root:Ep 124 goal pose [x, y]: [0.0, 0.0]
INFO:root:Ep 124: Collision
INFO:root:Total_episodes: 124, Total_steps: 8962, episode_steps: 102

INFO:root:Initializing new episode ...
INFO:root:Ep 125 robot pose [x,y,yaw]: [4.5, 1.5, 3.1416]
INFO:root:Ep 125 goal pose [x, y]: [0.0, 0.0]
INFO:root:Ep 125: Collision
INFO:root:Total_episodes: 125, Total_steps: 9228, episode_steps: 266

INFO:root:Initializing new episode ...
INFO:root:Ep 126 robot pose [x,y,yaw]: [4.5, 1.5, 3.1416]
INFO:root:Ep 126 goal pose [x, y]: [0.0, 0.0]
INFO:root:Ep 126: Collision
INFO:root:Total_episodes: 126, Total_steps: 9345, episode_steps: 117

INFO:root:Initializing new episode ...
INFO:root:Ep 127 robot pose [x,y,yaw]: [4.5, 1.5, 3.1416]
INFO:root:Ep 127 goal pose [x, y]: [0.0, 0.0]
INFO:root:Ep 127: Collision
INFO:root:Total_episodes: 127, Total_steps: 9639, episode_steps: 294

INFO:root:Initializing new episode ...
INFO:root:Ep 128 robot pose [x,y,yaw]: [4.5, 1.5, 3.1416]
INFO:root:Ep 128 goal pose [x, y]: [0.0, 0.0]
INFO:root:Ep 128: Collision
INFO:root:Total_episodes: 128, Total_steps: 9942, episode_steps: 303

INFO:root:Initializing new episode ...
INFO:root:Ep 129 robot pose [x,y,yaw]: [4.5, 1.5, 3.1416]
INFO:root:Ep 129 goal pose [x, y]: [0.0, 0.0]
INFO:root:Total_episodes: 128 evaluation episode, Total_steps: 10000, episode_steps: 58

INFO:root:Initializing new episode ...
INFO:root:Ep evaluate robot pose [x,y,yaw]: [4.5, 1.5, 3.1416]
INFO:root:Ep evaluate goal pose [x, y]: [0.0, 0.0]
INFO:root:Ep evaluate: Timeout
INFO:root:Total_episodes: 128, Total_steps: 10000, episode_steps: 750

INFO:root:Initializing new episode ...
INFO:root:Ep 129 robot pose [x,y,yaw]: [4.5, 1.5, 3.1416]
INFO:root:Ep 129 goal pose [x, y]: [0.0, 0.0]
INFO:root:Ep 129: Collision
INFO:root:Total_episodes: 129, Total_steps: 10343, episode_steps: 401

INFO:root:Initializing new episode ...
INFO:root:Ep 130 robot pose [x,y,yaw]: [4.5, 1.5, 3.1416]
INFO:root:Ep 130 goal pose [x, y]: [0.0, 0.0]
INFO:root:Ep 130: Collision
INFO:root:Total_episodes: 130, Total_steps: 10681, episode_steps: 338

INFO:root:Initializing new episode ...
INFO:root:Ep 131 robot pose [x,y,yaw]: [4.5, 1.5, 3.1416]
INFO:root:Ep 131 goal pose [x, y]: [0.0, 0.0]
INFO:root:Ep 131: Collision
INFO:root:Total_episodes: 131, Total_steps: 11027, episode_steps: 346

INFO:root:Initializing new episode ...
INFO:root:Ep 132 robot pose [x,y,yaw]: [4.5, 1.5, 3.1416]
INFO:root:Ep 132 goal pose [x, y]: [0.0, 0.0]
INFO:root:Ep 132: Collision
INFO:root:Total_episodes: 132, Total_steps: 11380, episode_steps: 353

INFO:root:Initializing new episode ...
INFO:root:Ep 133 robot pose [x,y,yaw]: [4.5, 1.5, 3.1416]
INFO:root:Ep 133 goal pose [x, y]: [0.0, 0.0]
INFO:root:Ep 133: Collision
INFO:root:Total_episodes: 133, Total_steps: 11724, episode_steps: 344

INFO:root:Initializing new episode ...
INFO:root:Ep 134 robot pose [x,y,yaw]: [4.5, 1.5, 3.1416]
INFO:root:Ep 134 goal pose [x, y]: [0.0, 0.0]
INFO:root:Ep 134: Collision
INFO:root:Total_episodes: 134, Total_steps: 12007, episode_steps: 283

INFO:root:Initializing new episode ...
INFO:root:Ep 135 robot pose [x,y,yaw]: [4.5, 1.5, 3.1416]
INFO:root:Ep 135 goal pose [x, y]: [0.0, 0.0]
INFO:root:Ep 135: Collision
INFO:root:Total_episodes: 135, Total_steps: 12274, episode_steps: 267

INFO:root:Initializing new episode ...
INFO:root:Ep 136 robot pose [x,y,yaw]: [4.5, 1.5, 3.1416]
INFO:root:Ep 136 goal pose [x, y]: [0.0, 0.0]
INFO:root:Ep 136: Collision
INFO:root:Total_episodes: 136, Total_steps: 12578, episode_steps: 304

INFO:root:Initializing new episode ...
INFO:root:Ep 137 robot pose [x,y,yaw]: [4.5, 1.5, 3.1416]
INFO:root:Ep 137 goal pose [x, y]: [0.0, 0.0]
INFO:root:Ep 137: Collision
INFO:root:Total_episodes: 137, Total_steps: 12880, episode_steps: 302

INFO:root:Initializing new episode ...
INFO:root:Ep 138 robot pose [x,y,yaw]: [4.5, 1.5, 3.1416]
INFO:root:Ep 138 goal pose [x, y]: [0.0, 0.0]
INFO:root:Ep 138: Collision
INFO:root:Total_episodes: 138, Total_steps: 13224, episode_steps: 344

INFO:root:Initializing new episode ...
INFO:root:Ep 139 robot pose [x,y,yaw]: [4.5, 1.5, 3.1416]
INFO:root:Ep 139 goal pose [x, y]: [0.0, 0.0]
INFO:root:Ep 139: Collision
INFO:root:Total_episodes: 139, Total_steps: 13513, episode_steps: 289

INFO:root:Initializing new episode ...
INFO:root:Ep 140 robot pose [x,y,yaw]: [4.5, 1.5, 3.1416]
INFO:root:Ep 140 goal pose [x, y]: [0.0, 0.0]
INFO:root:Ep 140: Collision
INFO:root:Total_episodes: 140, Total_steps: 13828, episode_steps: 315

INFO:root:Initializing new episode ...
INFO:root:Ep 141 robot pose [x,y,yaw]: [4.5, 1.5, 3.1416]
INFO:root:Ep 141 goal pose [x, y]: [0.0, 0.0]
INFO:root:Ep 141: Collision
INFO:root:Total_episodes: 141, Total_steps: 14074, episode_steps: 246

INFO:root:Initializing new episode ...
INFO:root:Ep 142 robot pose [x,y,yaw]: [4.5, 1.5, 3.1416]
INFO:root:Ep 142 goal pose [x, y]: [0.0, 0.0]
INFO:root:Ep 142: Collision
INFO:root:Total_episodes: 142, Total_steps: 14353, episode_steps: 279

INFO:root:Initializing new episode ...
INFO:root:Ep 143 robot pose [x,y,yaw]: [4.5, 1.5, 3.1416]
INFO:root:Ep 143 goal pose [x, y]: [0.0, 0.0]
INFO:root:Ep 143: Collision
INFO:root:Total_episodes: 143, Total_steps: 14609, episode_steps: 256

INFO:root:Initializing new episode ...
INFO:root:Ep 144 robot pose [x,y,yaw]: [4.5, 1.5, 3.1416]
INFO:root:Ep 144 goal pose [x, y]: [0.0, 0.0]
INFO:root:Ep 144: Collision
INFO:root:Total_episodes: 144, Total_steps: 14911, episode_steps: 302

INFO:root:Initializing new episode ...
INFO:root:Ep 145 robot pose [x,y,yaw]: [4.5, 1.5, 3.1416]
INFO:root:Ep 145 goal pose [x, y]: [0.0, 0.0]
INFO:root:Ep 145: Collision
INFO:root:Total_episodes: 145, Total_steps: 15194, episode_steps: 283

INFO:root:Initializing new episode ...
INFO:root:Ep 146 robot pose [x,y,yaw]: [4.5, 1.5, 3.1416]
INFO:root:Ep 146 goal pose [x, y]: [0.0, 0.0]
INFO:root:Ep 146: Collision
INFO:root:Total_episodes: 146, Total_steps: 15461, episode_steps: 267

INFO:root:Initializing new episode ...
INFO:root:Ep 147 robot pose [x,y,yaw]: [4.5, 1.5, 3.1416]
INFO:root:Ep 147 goal pose [x, y]: [0.0, 0.0]
INFO:root:Ep 147: Collision
INFO:root:Total_episodes: 147, Total_steps: 15686, episode_steps: 225

INFO:root:Initializing new episode ...
INFO:root:Ep 148 robot pose [x,y,yaw]: [4.5, 1.5, 3.1416]
INFO:root:Ep 148 goal pose [x, y]: [0.0, 0.0]
INFO:root:Ep 148: Collision
INFO:root:Total_episodes: 148, Total_steps: 15941, episode_steps: 255

INFO:root:Initializing new episode ...
INFO:root:Ep 149 robot pose [x,y,yaw]: [4.5, 1.5, 3.1416]
INFO:root:Ep 149 goal pose [x, y]: [0.0, 0.0]
INFO:root:Ep 149: Collision
INFO:root:Total_episodes: 149, Total_steps: 16253, episode_steps: 312

INFO:root:Initializing new episode ...
INFO:root:Ep 150 robot pose [x,y,yaw]: [4.5, 1.5, 3.1416]
INFO:root:Ep 150 goal pose [x, y]: [0.0, 0.0]
INFO:root:Ep 150: Collision
INFO:root:Total_episodes: 150, Total_steps: 16489, episode_steps: 236

INFO:root:Initializing new episode ...
INFO:root:Ep 151 robot pose [x,y,yaw]: [4.5, 1.5, 3.1416]
INFO:root:Ep 151 goal pose [x, y]: [0.0, 0.0]
INFO:root:Ep 151: Collision
INFO:root:Total_episodes: 151, Total_steps: 16749, episode_steps: 260

INFO:root:Initializing new episode ...
INFO:root:Ep 152 robot pose [x,y,yaw]: [4.5, 1.5, 3.1416]
INFO:root:Ep 152 goal pose [x, y]: [0.0, 0.0]
INFO:root:Ep 152: Collision
INFO:root:Total_episodes: 152, Total_steps: 16896, episode_steps: 147

INFO:root:Initializing new episode ...
INFO:root:Ep 153 robot pose [x,y,yaw]: [4.5, 1.5, 3.1416]
INFO:root:Ep 153 goal pose [x, y]: [0.0, 0.0]
INFO:root:Ep 153: Collision
INFO:root:Total_episodes: 153, Total_steps: 17027, episode_steps: 131

INFO:root:Initializing new episode ...
INFO:root:Ep 154 robot pose [x,y,yaw]: [4.5, 1.5, 3.1416]
INFO:root:Ep 154 goal pose [x, y]: [0.0, 0.0]
INFO:root:Ep 154: Collision
INFO:root:Total_episodes: 154, Total_steps: 17258, episode_steps: 231

INFO:root:Initializing new episode ...
INFO:root:Ep 155 robot pose [x,y,yaw]: [4.5, 1.5, 3.1416]
INFO:root:Ep 155 goal pose [x, y]: [0.0, 0.0]
INFO:root:Ep 155: Collision
INFO:root:Total_episodes: 155, Total_steps: 17453, episode_steps: 195

INFO:root:Initializing new episode ...
INFO:root:Ep 156 robot pose [x,y,yaw]: [4.5, 1.5, 3.1416]
INFO:root:Ep 156 goal pose [x, y]: [0.0, 0.0]
INFO:root:Ep 156: Collision
INFO:root:Total_episodes: 156, Total_steps: 17689, episode_steps: 236

INFO:root:Initializing new episode ...
INFO:root:Ep 157 robot pose [x,y,yaw]: [4.5, 1.5, 3.1416]
INFO:root:Ep 157 goal pose [x, y]: [0.0, 0.0]
INFO:root:Ep 157: Collision
INFO:root:Total_episodes: 157, Total_steps: 17908, episode_steps: 219

INFO:root:Initializing new episode ...
INFO:root:Ep 158 robot pose [x,y,yaw]: [4.5, 1.5, 3.1416]
INFO:root:Ep 158 goal pose [x, y]: [0.0, 0.0]
INFO:root:Ep 158: Collision
INFO:root:Total_episodes: 158, Total_steps: 18089, episode_steps: 181

INFO:root:Initializing new episode ...
INFO:root:Ep 159 robot pose [x,y,yaw]: [4.5, 1.5, 3.1416]
INFO:root:Ep 159 goal pose [x, y]: [0.0, 0.0]
INFO:root:Ep 159: Collision
INFO:root:Total_episodes: 159, Total_steps: 18268, episode_steps: 179

INFO:root:Initializing new episode ...
INFO:root:Ep 160 robot pose [x,y,yaw]: [4.5, 1.5, 3.1416]
INFO:root:Ep 160 goal pose [x, y]: [0.0, 0.0]
INFO:root:Ep 160: Collision
INFO:root:Total_episodes: 160, Total_steps: 18460, episode_steps: 192

INFO:root:Initializing new episode ...
INFO:root:Ep 161 robot pose [x,y,yaw]: [4.5, 1.5, 3.1416]
INFO:root:Ep 161 goal pose [x, y]: [0.0, 0.0]
INFO:root:Ep 161: Collision
INFO:root:Total_episodes: 161, Total_steps: 18713, episode_steps: 253

INFO:root:Initializing new episode ...
INFO:root:Ep 162 robot pose [x,y,yaw]: [4.5, 1.5, 3.1416]
INFO:root:Ep 162 goal pose [x, y]: [0.0, 0.0]
INFO:root:Ep 162: Collision
INFO:root:Total_episodes: 162, Total_steps: 18860, episode_steps: 147

INFO:root:Initializing new episode ...
INFO:root:Ep 163 robot pose [x,y,yaw]: [4.5, 1.5, 3.1416]
INFO:root:Ep 163 goal pose [x, y]: [0.0, 0.0]
INFO:root:Ep 163: Collision
INFO:root:Total_episodes: 163, Total_steps: 19019, episode_steps: 159

INFO:root:Initializing new episode ...
INFO:root:Ep 164 robot pose [x,y,yaw]: [4.5, 1.5, 3.1416]
INFO:root:Ep 164 goal pose [x, y]: [0.0, 0.0]
INFO:root:Ep 164: Collision
INFO:root:Total_episodes: 164, Total_steps: 19228, episode_steps: 209

INFO:root:Initializing new episode ...
INFO:root:Ep 165 robot pose [x,y,yaw]: [4.5, 1.5, 3.1416]
INFO:root:Ep 165 goal pose [x, y]: [0.0, 0.0]
INFO:root:Ep 165: Collision
INFO:root:Total_episodes: 165, Total_steps: 19409, episode_steps: 181

INFO:root:Initializing new episode ...
INFO:root:Ep 166 robot pose [x,y,yaw]: [4.5, 1.5, 3.1416]
INFO:root:Ep 166 goal pose [x, y]: [0.0, 0.0]
INFO:root:Ep 166: Collision
INFO:root:Total_episodes: 166, Total_steps: 19616, episode_steps: 207

INFO:root:Initializing new episode ...
INFO:root:Ep 167 robot pose [x,y,yaw]: [4.5, 1.5, 3.1416]
INFO:root:Ep 167 goal pose [x, y]: [0.0, 0.0]
INFO:root:Ep 167: Collision
INFO:root:Total_episodes: 167, Total_steps: 19847, episode_steps: 231

INFO:root:Initializing new episode ...
INFO:root:Ep 168 robot pose [x,y,yaw]: [4.5, 1.5, 3.1416]
INFO:root:Ep 168 goal pose [x, y]: [0.0, 0.0]
INFO:root:Total_episodes: 167 evaluation episode, Total_steps: 20000, episode_steps: 153

INFO:root:Initializing new episode ...
INFO:root:Ep evaluate robot pose [x,y,yaw]: [4.5, 1.5, 3.1416]
INFO:root:Ep evaluate goal pose [x, y]: [0.0, 0.0]
INFO:root:Ep evaluate: Timeout
INFO:root:Total_episodes: 167, Total_steps: 20000, episode_steps: 750

INFO:root:Initializing new episode ...
INFO:root:Ep 168 robot pose [x,y,yaw]: [4.5, 1.5, 3.1416]
INFO:root:Ep 168 goal pose [x, y]: [0.0, 0.0]
INFO:root:Ep 168: Collision
INFO:root:Total_episodes: 168, Total_steps: 20252, episode_steps: 405

INFO:root:Initializing new episode ...
INFO:root:Ep 169 robot pose [x,y,yaw]: [4.5, 1.5, 3.1416]
INFO:root:Ep 169 goal pose [x, y]: [0.0, 0.0]
INFO:root:Ep 169: Collision
INFO:root:Total_episodes: 169, Total_steps: 20467, episode_steps: 215

INFO:root:Initializing new episode ...
INFO:root:Ep 170 robot pose [x,y,yaw]: [4.5, 1.5, 3.1416]
INFO:root:Ep 170 goal pose [x, y]: [0.0, 0.0]
INFO:root:Ep 170: Collision
INFO:root:Total_episodes: 170, Total_steps: 20674, episode_steps: 207

INFO:root:Initializing new episode ...
INFO:root:Ep 171 robot pose [x,y,yaw]: [4.5, 1.5, 3.1416]
INFO:root:Ep 171 goal pose [x, y]: [0.0, 0.0]
INFO:root:Ep 171: Collision
INFO:root:Total_episodes: 171, Total_steps: 20836, episode_steps: 162

INFO:root:Initializing new episode ...
INFO:root:Ep 172 robot pose [x,y,yaw]: [4.5, 1.5, 3.1416]
INFO:root:Ep 172 goal pose [x, y]: [0.0, 0.0]
INFO:root:Ep 172: Collision
INFO:root:Total_episodes: 172, Total_steps: 21100, episode_steps: 264

INFO:root:Initializing new episode ...
INFO:root:Ep 173 robot pose [x,y,yaw]: [4.5, 1.5, 3.1416]
INFO:root:Ep 173 goal pose [x, y]: [0.0, 0.0]
INFO:root:Ep 173: Collision
INFO:root:Total_episodes: 173, Total_steps: 21321, episode_steps: 221

INFO:root:Initializing new episode ...
INFO:root:Ep 174 robot pose [x,y,yaw]: [4.5, 1.5, 3.1416]
INFO:root:Ep 174 goal pose [x, y]: [0.0, 0.0]
INFO:root:Ep 174: Collision
INFO:root:Total_episodes: 174, Total_steps: 21498, episode_steps: 177

INFO:root:Initializing new episode ...
INFO:root:Ep 175 robot pose [x,y,yaw]: [4.5, 1.5, 3.1416]
INFO:root:Ep 175 goal pose [x, y]: [0.0, 0.0]
INFO:root:Ep 175: Collision
INFO:root:Total_episodes: 175, Total_steps: 21687, episode_steps: 189

INFO:root:Initializing new episode ...
INFO:root:Ep 176 robot pose [x,y,yaw]: [4.5, 1.5, 3.1416]
INFO:root:Ep 176 goal pose [x, y]: [0.0, 0.0]
INFO:root:Ep 176: Collision
INFO:root:Total_episodes: 176, Total_steps: 21955, episode_steps: 268

INFO:root:Initializing new episode ...
INFO:root:Ep 177 robot pose [x,y,yaw]: [4.5, 1.5, 3.1416]
INFO:root:Ep 177 goal pose [x, y]: [0.0, 0.0]
INFO:root:Ep 177: Collision
INFO:root:Total_episodes: 177, Total_steps: 22149, episode_steps: 194

INFO:root:Initializing new episode ...
INFO:root:Ep 178 robot pose [x,y,yaw]: [4.5, 1.5, 3.1416]
INFO:root:Ep 178 goal pose [x, y]: [0.0, 0.0]
