23:33:52.998 [DEBUG] (trainer.py:107) Try to restore model
23:33:52.998 [DEBUG] (trainer.py:109) model_dir not empty
23:33:52.998 [INFO] (trainer.py:110) Model directory path /root/Active_SLAM_with_DRL/cisc856_ws/install/pic4rl/share/pic4rl/../../../../src/Results/maze_v4/20260210_170559.251888_lidar_SAC/20260210T170559.568540_SAC_
23:33:53.033 [INFO] (trainer.py:114) Restored /root/Active_SLAM_with_DRL/cisc856_ws/install/pic4rl/share/pic4rl/../../../../src/Results/maze_v4/20260210_170559.251888_lidar_SAC/20260210T170559.568540_SAC_/ckpt-221
23:34:29.336 [INFO] (trainer.py:172) Total Epi:     1 Steps:    42 Episode Steps:    42 Return: -100.8481+10.2328j Eps:   0.6 FPS:  1.16
23:37:19.206 [INFO] (trainer.py:172) Total Epi:     2 Steps:   207 Episode Steps:   165 Return:  76.9595 Eps:  0.5976 FPS:  0.99
23:38:38.147 [INFO] (trainer.py:172) Total Epi:     3 Steps:   282 Episode Steps:    75 Return: -39.5114 Eps:  0.5952096 FPS:  0.99
23:42:02.230 [INFO] (trainer.py:172) Total Epi:     4 Steps:   481 Episode Steps:   199 Return: -110.0096 Eps:  0.5928287616 FPS:  0.99
23:44:17.724 [INFO] (trainer.py:172) Total Epi:     5 Steps:   612 Episode Steps:   131 Return: -201.7767 Eps:  0.5904574465536 FPS:  0.99
23:46:49.286 [INFO] (trainer.py:172) Total Epi:     6 Steps:   759 Episode Steps:   147 Return: -56.3756 Eps:  0.5880956167673856 FPS:  0.99
23:49:37.054 [INFO] (trainer.py:172) Total Epi:     7 Steps:   922 Episode Steps:   163 Return:  70.9600 Eps:  0.585743234300316 FPS:  0.99
23:51:42.906 [INFO] (trainer.py:172) Total Epi:     8 Steps:  1043 Episode Steps:   121 Return:  67.6084 Eps:  0.5834002613631147 FPS:  0.99
23:54:02.478 [INFO] (trainer.py:172) Total Epi:     9 Steps:  1178 Episode Steps:   135 Return:  167.9628 Eps:  0.5810666603176623 FPS:  0.99
23:55:27.526 [INFO] (trainer.py:172) Total Epi:    10 Steps:  1259 Episode Steps:    81 Return:  35.5717 Eps:  0.5787423936763917 FPS:  0.99
23:57:01.656 [INFO] (trainer.py:172) Total Epi:    11 Steps:  1349 Episode Steps:    90 Return:  39.1431 Eps:  0.5764274241016861 FPS:  0.99
23:58:32.254 [INFO] (trainer.py:172) Total Epi:    12 Steps:  1435 Episode Steps:    86 Return:  57.5470 Eps:  0.5741217144052794 FPS:  0.99
00:00:26.034 [INFO] (trainer.py:172) Total Epi:    13 Steps:  1544 Episode Steps:   109 Return:  112.0746 Eps:  0.5718252275476583 FPS:  0.99
00:02:32.008 [INFO] (trainer.py:172) Total Epi:    14 Steps:  1665 Episode Steps:   121 Return: -190.0954 Eps:  0.5695379266374677 FPS:  0.99
00:04:34.987 [INFO] (trainer.py:172) Total Epi:    15 Steps:  1783 Episode Steps:   118 Return:  51.0860 Eps:  0.5672597749309178 FPS:  0.99
00:06:29.322 [INFO] (trainer.py:172) Total Epi:    16 Steps:  1893 Episode Steps:   110 Return:  43.5057 Eps:  0.5649907358311942 FPS:  0.99
00:08:54.040 [INFO] (trainer.py:172) Total Epi:    17 Steps:  2033 Episode Steps:   140 Return:  186.2255 Eps:  0.5627307728878694 FPS:  0.99
00:10:59.466 [INFO] (trainer.py:172) Total Epi:    18 Steps:  2154 Episode Steps:   121 Return:  109.2621 Eps:  0.5604798497963179 FPS:  0.99
00:13:08.938 [INFO] (trainer.py:172) Total Epi:    19 Steps:  2279 Episode Steps:   125 Return:  39.1938 Eps:  0.5582379303971327 FPS:  0.99
00:14:57.717 [INFO] (trainer.py:172) Total Epi:    20 Steps:  2383 Episode Steps:   104 Return: -14.8418 Eps:  0.5560049786755441 FPS:  0.99
00:16:36.912 [INFO] (trainer.py:172) Total Epi:    21 Steps:  2478 Episode Steps:    95 Return:  33.5065 Eps:  0.5537809587608419 FPS:  0.99
00:18:21.129 [INFO] (trainer.py:172) Total Epi:    22 Steps:  2578 Episode Steps:   100 Return:  50.3342 Eps:  0.5515658349257985 FPS:  0.99
00:19:58.793 [INFO] (trainer.py:172) Total Epi:    23 Steps:  2671 Episode Steps:    93 Return:  18.5361 Eps:  0.5493595715860953 FPS:  0.99
00:22:39.792 [INFO] (trainer.py:172) Total Epi:    24 Steps:  2827 Episode Steps:   156 Return:  123.9865 Eps:  0.5471621332997509 FPS:  0.99
00:24:41.174 [INFO] (trainer.py:172) Total Epi:    25 Steps:  2943 Episode Steps:   116 Return:  41.9309 Eps:  0.5449734847665519 FPS:  0.99
00:27:04.772 [INFO] (trainer.py:172) Total Epi:    26 Steps:  3082 Episode Steps:   139 Return:  72.7723 Eps:  0.5427935908274857 FPS:  0.99
00:29:51.559 [INFO] (trainer.py:172) Total Epi:    27 Steps:  3244 Episode Steps:   162 Return:  117.6839 Eps:  0.5406224164641757 FPS:  0.99
00:31:38.279 [INFO] (trainer.py:172) Total Epi:    28 Steps:  3346 Episode Steps:   102 Return: -0.8556 Eps:  0.538459926798319 FPS:  0.99
00:33:32.649 [INFO] (trainer.py:172) Total Epi:    29 Steps:  3456 Episode Steps:   110 Return:  243.0288 Eps:  0.5363060870911257 FPS:  0.99
00:35:58.251 [INFO] (trainer.py:172) Total Epi:    30 Steps:  3597 Episode Steps:   141 Return:  186.0805 Eps:  0.5341608627427612 FPS:  0.99
00:37:41.414 [INFO] (trainer.py:172) Total Epi:    31 Steps:  3696 Episode Steps:    99 Return: -17.3634 Eps:  0.5320242192917901 FPS:  0.99
00:40:14.028 [INFO] (trainer.py:172) Total Epi:    32 Steps:  3844 Episode Steps:   148 Return: -176.9300 Eps:  0.5298961224146229 FPS:  0.99
00:43:05.883 [INFO] (trainer.py:172) Total Epi:    33 Steps:  4011 Episode Steps:   167 Return:  119.8915 Eps:  0.5277765379249644 FPS:  0.99
00:45:14.762 [INFO] (trainer.py:172) Total Epi:    34 Steps:  4135 Episode Steps:   124 Return:  46.0949+0.0000j Eps:  0.5256654317732645 FPS:  0.99
00:47:29.193 [INFO] (trainer.py:172) Total Epi:    35 Steps:  4265 Episode Steps:   130 Return: -26.1415 Eps:  0.5235627700461715 FPS:  0.99
00:50:26.615 [INFO] (trainer.py:172) Total Epi:    36 Steps:  4437 Episode Steps:   172 Return:  131.3557 Eps:  0.5214685189659868 FPS:  0.99
00:53:40.476 [INFO] (trainer.py:172) Total Epi:    37 Steps:  4623 Episode Steps:   186 Return: -32.9941+0.0000j Eps:  0.5193826448901229 FPS:  0.99
00:56:49.796 [INFO] (trainer.py:172) Total Epi:    38 Steps:  4807 Episode Steps:   184 Return:  139.4636 Eps:  0.5173051143105624 FPS:  0.99
00:59:51.669 [INFO] (trainer.py:172) Total Epi:    39 Steps:  4984 Episode Steps:   177 Return:  163.9444 Eps:  0.5152358938533201 FPS:  0.99
01:02:35.977 [INFO] (trainer.py:172) Total Epi:    40 Steps:  5143 Episode Steps:   159 Return:  199.1695 Eps:  0.5131749502779068 FPS:  0.99
01:05:17.733 [INFO] (trainer.py:172) Total Epi:    41 Steps:  5300 Episode Steps:   157 Return:  54.4006 Eps:  0.5111222504767952 FPS:  0.99
01:08:19.215 [INFO] (trainer.py:172) Total Epi:    42 Steps:  5476 Episode Steps:   176 Return: -51.5245 Eps:  0.5090777614748879 FPS:  0.99
01:11:32.251 [INFO] (trainer.py:172) Total Epi:    43 Steps:  5664 Episode Steps:   188 Return:  192.4555 Eps:  0.5070414504289884 FPS:  0.99
01:14:32.759 [INFO] (trainer.py:172) Total Epi:    44 Steps:  5839 Episode Steps:   175 Return:  194.4033 Eps:  0.5050132846272725 FPS:  0.99
01:17:38.742 [INFO] (trainer.py:172) Total Epi:    45 Steps:  6020 Episode Steps:   181 Return:  195.0814 Eps:  0.5029932314887634 FPS:  0.99
01:20:52.820 [INFO] (trainer.py:172) Total Epi:    46 Steps:  6209 Episode Steps:   189 Return:  7.2379 Eps:  0.5009812585628084 FPS:  0.99
01:23:45.206 [INFO] (trainer.py:172) Total Epi:    47 Steps:  6376 Episode Steps:   167 Return:  160.6373 Eps:  0.49897733352855717 FPS:  0.99
01:26:27.519 [INFO] (trainer.py:172) Total Epi:    48 Steps:  6533 Episode Steps:   157 Return:  241.2019 Eps:  0.4969814241944429 FPS:  0.99
01:29:18.839 [INFO] (trainer.py:172) Total Epi:    49 Steps:  6699 Episode Steps:   166 Return:  204.9873 Eps:  0.49499349849766516 FPS:  0.99
01:32:36.446 [INFO] (trainer.py:172) Total Epi:    50 Steps:  6891 Episode Steps:   192 Return:  183.1384 Eps:  0.4930135245036745 FPS:  0.99
01:34:10.122 [INFO] (trainer.py:172) Total Epi:    51 Steps:  6980 Episode Steps:    89 Return:  62.8618 Eps:  0.4910414704056598 FPS:  0.99
01:37:14.112 [INFO] (trainer.py:172) Total Epi:    52 Steps:  7159 Episode Steps:   179 Return:  266.2928 Eps:  0.4890773045240372 FPS:  0.99
01:40:39.306 [INFO] (trainer.py:172) Total Epi:    53 Steps:  7359 Episode Steps:   200 Return:  215.3929 Eps:  0.48712099530594105 FPS:  0.99
01:43:44.550 [INFO] (trainer.py:172) Total Epi:    54 Steps:  7539 Episode Steps:   180 Return:  231.5117 Eps:  0.4851725113247173 FPS:  0.99
01:47:00.123 [INFO] (trainer.py:172) Total Epi:    55 Steps:  7729 Episode Steps:   190 Return:  186.8259 Eps:  0.4832318212794184 FPS:  0.99
01:50:02.638 [INFO] (trainer.py:172) Total Epi:    56 Steps:  7906 Episode Steps:   177 Return:  262.3371 Eps:  0.4812988939943007 FPS:  0.99
01:55:16.385 [INFO] (trainer.py:172) Total Epi:    57 Steps:  8213 Episode Steps:   307 Return:  319.2642 Eps:  0.4793736984183235 FPS:  0.99
01:58:42.604 [INFO] (trainer.py:172) Total Epi:    58 Steps:  8414 Episode Steps:   201 Return:  217.2219 Eps:  0.4774562036246502 FPS:  0.99
02:01:07.187 [INFO] (trainer.py:172) Total Epi:    59 Steps:  8554 Episode Steps:   140 Return:  203.4718 Eps:  0.4755463788101516 FPS:  0.99
02:04:46.499 [INFO] (trainer.py:172) Total Epi:    60 Steps:  8768 Episode Steps:   214 Return:  295.9976 Eps:  0.473644193294911 FPS:  0.99
02:08:28.815 [INFO] (trainer.py:172) Total Epi:    61 Steps:  8985 Episode Steps:   217 Return:  94.3790 Eps:  0.4717496165217313 FPS:  0.99
02:12:01.070 [INFO] (trainer.py:172) Total Epi:    62 Steps:  9192 Episode Steps:   207 Return:  281.2380 Eps:  0.4698626180556444 FPS:  0.99
02:15:01.088 [INFO] (trainer.py:172) Total Epi:    63 Steps:  9367 Episode Steps:   175 Return:  143.4156 Eps:  0.4679831675834218 FPS:  0.99
02:18:54.496 [INFO] (trainer.py:172) Total Epi:    64 Steps:  9595 Episode Steps:   228 Return:  315.0343 Eps:  0.4661112349130881 FPS:  0.99
02:21:51.377 [INFO] (trainer.py:172) Total Epi:    65 Steps:  9767 Episode Steps:   172 Return:  75.8807 Eps:  0.4642467899734357 FPS:  0.99
02:24:47.817 [INFO] (trainer.py:172) Total Epi:    66 Steps:  9938 Episode Steps:   171 Return:  187.7211 Eps:  0.462389802813542 FPS:  0.99
02:25:53.675 [INFO] (trainer.py:264) Testing Episode 1
02:27:12.463 [INFO] (trainer.py:206) Evaluation Total Steps:   10000 Average Reward  95.2071 over  1 episodes
02:30:58.856 [INFO] (trainer.py:172) Total Epi:    67 Steps:  10221 Episode Steps:   283 Return:  367.3659 Eps:  0.4605402436022878 FPS:  0.77
02:34:53.803 [INFO] (trainer.py:172) Total Epi:    68 Steps:  10450 Episode Steps:   229 Return:  319.7686 Eps:  0.45869808262787864 FPS:  0.99
02:38:46.292 [INFO] (trainer.py:172) Total Epi:    69 Steps:  10677 Episode Steps:   227 Return:  221.1669 Eps:  0.4568632902973671 FPS:  0.99
02:42:32.181 [INFO] (trainer.py:172) Total Epi:    70 Steps:  10897 Episode Steps:   220 Return:  173.0169 Eps:  0.4550358371361776 FPS:  0.99
02:46:20.597 [INFO] (trainer.py:172) Total Epi:    71 Steps:  11120 Episode Steps:   223 Return:  165.6188 Eps:  0.45321569378763293 FPS:  0.99
02:50:21.576 [INFO] (trainer.py:172) Total Epi:    72 Steps:  11355 Episode Steps:   235 Return:  91.1069 Eps:  0.4514028310124824 FPS:  0.99
02:54:06.938 [INFO] (trainer.py:172) Total Epi:    73 Steps:  11575 Episode Steps:   220 Return:  153.5807 Eps:  0.44959721968843247 FPS:  0.99
02:58:30.675 [INFO] (trainer.py:172) Total Epi:    74 Steps:  11833 Episode Steps:   258 Return:  362.8947 Eps:  0.44779883080967875 FPS:  0.99
03:02:52.375 [INFO] (trainer.py:172) Total Epi:    75 Steps:  12089 Episode Steps:   256 Return:  133.1892 Eps:  0.44600763548644 FPS:  0.99
03:06:37.870 [INFO] (trainer.py:172) Total Epi:    76 Steps:  12309 Episode Steps:   220 Return:  193.5726 Eps:  0.44422360494449425 FPS:  0.99
03:10:47.531 [INFO] (trainer.py:172) Total Epi:    77 Steps:  12553 Episode Steps:   244 Return:  128.9443 Eps:  0.4424467105247163 FPS:  0.99
03:15:28.469 [INFO] (trainer.py:172) Total Epi:    78 Steps:  12828 Episode Steps:   275 Return: -32.1675 Eps:  0.4406769236826174 FPS:  0.99
03:18:27.871 [INFO] (trainer.py:172) Total Epi:    79 Steps:  13002 Episode Steps:   174 Return:  179.8891+2.0466j Eps:  0.43891421598788694 FPS:  0.99
03:20:20.152 [INFO] (trainer.py:172) Total Epi:    80 Steps:  13110 Episode Steps:   108 Return:  90.4094 Eps:  0.43715855912393536 FPS:  0.99
03:22:05.384 [INFO] (trainer.py:172) Total Epi:    81 Steps:  13211 Episode Steps:   101 Return:  9.7736 Eps:  0.4354099248874396 FPS:  0.99
03:25:57.321 [INFO] (trainer.py:172) Total Epi:    82 Steps:  13437 Episode Steps:   226 Return:  179.7986 Eps:  0.43366828518788986 FPS:  0.99
03:30:16.429 [INFO] (trainer.py:172) Total Epi:    83 Steps:  13690 Episode Steps:   253 Return:  263.0026 Eps:  0.4319336120471383 FPS:  0.99
03:34:05.821 [INFO] (trainer.py:172) Total Epi:    84 Steps:  13914 Episode Steps:   224 Return:  273.4266 Eps:  0.43020587759894974 FPS:  0.99
03:38:19.014 [INFO] (trainer.py:172) Total Epi:    85 Steps:  14161 Episode Steps:   247 Return:  153.7486 Eps:  0.4284850540885539 FPS:  0.99
03:42:12.433 [INFO] (trainer.py:172) Total Epi:    86 Steps:  14389 Episode Steps:   228 Return:  150.3449 Eps:  0.4267711138721997 FPS:  0.99
03:46:19.033 [INFO] (trainer.py:172) Total Epi:    87 Steps:  14630 Episode Steps:   241 Return:  271.3231 Eps:  0.4250640294167109 FPS:  0.99
03:50:28.692 [INFO] (trainer.py:172) Total Epi:    88 Steps:  14873 Episode Steps:   243 Return:  325.2707+2.0466j Eps:  0.42336377329904407 FPS:  0.99
03:55:03.064 [INFO] (trainer.py:172) Total Epi:    89 Steps:  15141 Episode Steps:   268 Return:  280.4585 Eps:  0.4216703182058479 FPS:  0.99
03:58:55.028 [INFO] (trainer.py:172) Total Epi:    90 Steps:  15367 Episode Steps:   226 Return:  280.3793 Eps:  0.4199836369330245 FPS:  0.99
04:02:58.144 [INFO] (trainer.py:172) Total Epi:    91 Steps:  15604 Episode Steps:   237 Return:  244.0106+0.0000j Eps:  0.4183037023852924 FPS:  0.99
04:08:03.383 [INFO] (trainer.py:172) Total Epi:    92 Steps:  15903 Episode Steps:   299 Return:  281.4410 Eps:  0.4166304875757512 FPS:  0.99
04:12:14.203 [INFO] (trainer.py:172) Total Epi:    93 Steps:  16148 Episode Steps:   245 Return:  342.7073 Eps:  0.41496396562544824 FPS:  0.99
04:17:02.194 [INFO] (trainer.py:172) Total Epi:    94 Steps:  16430 Episode Steps:   282 Return:  266.0865 Eps:  0.41330410976294646 FPS:  0.99
04:21:56.746 [INFO] (trainer.py:172) Total Epi:    95 Steps:  16718 Episode Steps:   288 Return:  349.1007+2.0466j Eps:  0.41165089332389465 FPS:  0.99
04:26:14.985 [INFO] (trainer.py:172) Total Epi:    96 Steps:  16970 Episode Steps:   252 Return:  321.7514+2.0466j Eps:  0.41000428975059905 FPS:  0.99
04:30:40.770 [INFO] (trainer.py:172) Total Epi:    97 Steps:  17230 Episode Steps:   260 Return:  135.9340 Eps:  0.40836427259159663 FPS:  0.99
04:35:57.446 [INFO] (trainer.py:172) Total Epi:    98 Steps:  17540 Episode Steps:   310 Return:  55.0680+2.0466j Eps:  0.40673081550123025 FPS:  0.99
04:41:16.852 [INFO] (trainer.py:172) Total Epi:    99 Steps:  17853 Episode Steps:   313 Return:  221.1115 Eps:  0.4051038922392253 FPS:  0.99
04:43:56.559 [INFO] (trainer.py:172) Total Epi:   100 Steps:  18008 Episode Steps:   155 Return: -6.0523 Eps:  0.4034834766702684 FPS:  0.99
04:46:32.175 [INFO] (trainer.py:172) Total Epi:   101 Steps:  18159 Episode Steps:   151 Return: -27.4104 Eps:  0.40186954276358733 FPS:  0.99
04:50:05.388 [INFO] (trainer.py:172) Total Epi:   102 Steps:  18367 Episode Steps:   208 Return:  62.0151 Eps:  0.400262064592533 FPS:  0.99
04:54:18.526 [INFO] (trainer.py:172) Total Epi:   103 Steps:  18614 Episode Steps:   247 Return:  264.0803 Eps:  0.39866101633416284 FPS:  0.99
04:59:09.512 [INFO] (trainer.py:172) Total Epi:   104 Steps:  18899 Episode Steps:   285 Return:  276.4796 Eps:  0.3970663722688262 FPS:  0.99
05:02:04.856 [INFO] (trainer.py:172) Total Epi:   105 Steps:  19069 Episode Steps:   170 Return: -268.8388 Eps:  0.39547810677975087 FPS:  0.99
05:07:14.517 [INFO] (trainer.py:172) Total Epi:   106 Steps:  19372 Episode Steps:   303 Return:  326.7456 Eps:  0.39389619435263185 FPS:  0.99
05:12:26.051 [INFO] (trainer.py:172) Total Epi:   107 Steps:  19677 Episode Steps:   305 Return:  325.3346 Eps:  0.3923206095752213 FPS:  0.99
05:17:55.631 [INFO] (trainer.py:264) Testing Episode 1
05:19:13.920 [INFO] (trainer.py:206) Evaluation Total Steps:   20000 Average Reward  85.4920 over  1 episodes
05:23:43.356 [INFO] (trainer.py:172) Total Epi:   108 Steps:  20263 Episode Steps:   586 Return:  576.3197+2.0466j Eps:  0.3907513271369204 FPS:  0.87
05:27:10.528 [INFO] (trainer.py:172) Total Epi:   109 Steps:  20465 Episode Steps:   202 Return:  70.0947 Eps:  0.3891883218283727 FPS:  0.99
05:31:37.382 [INFO] (trainer.py:172) Total Epi:   110 Steps:  20726 Episode Steps:   261 Return:  41.5645 Eps:  0.38763156854105923 FPS:  0.99
05:35:26.123 [INFO] (trainer.py:172) Total Epi:   111 Steps:  20949 Episode Steps:   223 Return:  300.4407 Eps:  0.386081042266895 FPS:  0.99
05:39:27.667 [INFO] (trainer.py:172) Total Epi:   112 Steps:  21185 Episode Steps:   236 Return:  282.3863 Eps:  0.3845367180978274 FPS:  0.99
05:43:03.948 [INFO] (trainer.py:172) Total Epi:   113 Steps:  21396 Episode Steps:   211 Return:  259.4665 Eps:  0.3829985712254361 FPS:  0.99
05:47:24.672 [INFO] (trainer.py:172) Total Epi:   114 Steps:  21651 Episode Steps:   255 Return:  226.6302 Eps:  0.3814665769405344 FPS:  0.99
05:50:58.469 [INFO] (trainer.py:172) Total Epi:   115 Steps:  21857 Episode Steps:   206 Return:  186.2417 Eps:  0.37994071063277224 FPS:  0.99
05:55:07.114 [INFO] (trainer.py:172) Total Epi:   116 Steps:  22099 Episode Steps:   242 Return:  65.2513 Eps:  0.37842094779024116 FPS:  0.99
05:58:31.323 [INFO] (trainer.py:172) Total Epi:   117 Steps:  22297 Episode Steps:   198 Return:  91.2609 Eps:  0.3769072639990802 FPS:  0.99
06:01:47.393 [INFO] (trainer.py:172) Total Epi:   118 Steps:  22488 Episode Steps:   191 Return:  247.8219 Eps:  0.37539963494308387 FPS:  0.99
06:05:10.859 [INFO] (trainer.py:172) Total Epi:   119 Steps:  22686 Episode Steps:   198 Return:  171.9101 Eps:  0.37389803640331154 FPS:  0.99
06:08:09.263 [INFO] (trainer.py:172) Total Epi:   120 Steps:  22859 Episode Steps:   173 Return:  151.6691 Eps:  0.3724024442576983 FPS:  0.99
06:11:13.249 [INFO] (trainer.py:172) Total Epi:   121 Steps:  23038 Episode Steps:   179 Return:  223.0161 Eps:  0.37091283448066753 FPS:  0.99
06:14:21.295 [INFO] (trainer.py:172) Total Epi:   122 Steps:  23221 Episode Steps:   183 Return:  20.7477 Eps:  0.36942918314274487 FPS:  0.99
06:16:51.961 [INFO] (trainer.py:172) Total Epi:   123 Steps:  23367 Episode Steps:   146 Return:  230.9780 Eps:  0.3679514664101739 FPS:  0.99
06:20:19.140 [INFO] (trainer.py:172) Total Epi:   124 Steps:  23569 Episode Steps:   202 Return:  268.0842 Eps:  0.3664796605445332 FPS:  0.99
06:23:27.660 [INFO] (trainer.py:172) Total Epi:   125 Steps:  23752 Episode Steps:   183 Return:  276.7675 Eps:  0.365013741902355 FPS:  0.99
06:26:30.155 [INFO] (trainer.py:172) Total Epi:   126 Steps:  23929 Episode Steps:   177 Return:  259.5656 Eps:  0.3635536869347456 FPS:  0.99
06:29:13.953 [INFO] (trainer.py:172) Total Epi:   127 Steps:  24087 Episode Steps:   158 Return:  258.2158 Eps:  0.3620994721870066 FPS:  0.99
06:32:09.863 [INFO] (trainer.py:172) Total Epi:   128 Steps:  24258 Episode Steps:   171 Return:  249.9532 Eps:  0.3606510742982586 FPS:  0.99
06:35:24.906 [INFO] (trainer.py:172) Total Epi:   129 Steps:  24448 Episode Steps:   190 Return:  159.2855 Eps:  0.35920847000106554 FPS:  0.99
06:38:28.141 [INFO] (trainer.py:172) Total Epi:   130 Steps:  24626 Episode Steps:   178 Return:  226.8928 Eps:  0.3577716361210613 FPS:  0.99
06:41:19.551 [INFO] (trainer.py:172) Total Epi:   131 Steps:  24792 Episode Steps:   166 Return:  273.4092 Eps:  0.356340549576577 FPS:  0.99
06:44:38.978 [INFO] (trainer.py:172) Total Epi:   132 Steps:  24986 Episode Steps:   194 Return:  157.3834 Eps:  0.3549151873782707 FPS:  0.99
06:47:42.756 [INFO] (trainer.py:172) Total Epi:   133 Steps:  25164 Episode Steps:   178 Return:  312.9367 Eps:  0.3534955266287576 FPS:  0.99
06:50:30.600 [INFO] (trainer.py:172) Total Epi:   134 Steps:  25327 Episode Steps:   163 Return:  173.8110 Eps:  0.35208154452224255 FPS:  0.99
06:53:24.398 [INFO] (trainer.py:172) Total Epi:   135 Steps:  25496 Episode Steps:   169 Return:  202.2801 Eps:  0.3506732183441536 FPS:  0.99
06:56:22.281 [INFO] (trainer.py:172) Total Epi:   136 Steps:  25669 Episode Steps:   173 Return:  170.5775 Eps:  0.34927052547077697 FPS:  0.99
06:59:12.088 [INFO] (trainer.py:172) Total Epi:   137 Steps:  25834 Episode Steps:   165 Return:  231.7379 Eps:  0.34787344336889386 FPS:  0.99
07:02:39.706 [INFO] (trainer.py:172) Total Epi:   138 Steps:  26036 Episode Steps:   202 Return:  289.0111 Eps:  0.3464819495954183 FPS:  0.99
07:05:50.835 [INFO] (trainer.py:172) Total Epi:   139 Steps:  26221 Episode Steps:   185 Return:  272.0814 Eps:  0.34509602179703663 FPS:  0.99
07:08:39.622 [INFO] (trainer.py:172) Total Epi:   140 Steps:  26385 Episode Steps:   164 Return:  279.5368 Eps:  0.3437156377098485 FPS:  0.99
07:11:29.014 [INFO] (trainer.py:172) Total Epi:   141 Steps:  26549 Episode Steps:   164 Return:  276.5129 Eps:  0.34234077515900907 FPS:  0.99
07:14:48.155 [INFO] (trainer.py:172) Total Epi:   142 Steps:  26742 Episode Steps:   193 Return:  302.3929 Eps:  0.34097141205837306 FPS:  0.99
07:18:29.487 [INFO] (trainer.py:172) Total Epi:   143 Steps:  26958 Episode Steps:   216 Return:  316.2048 Eps:  0.3396075264101396 FPS:  0.99
07:21:36.999 [INFO] (trainer.py:172) Total Epi:   144 Steps:  27140 Episode Steps:   182 Return:  160.5995 Eps:  0.338249096304499 FPS:  0.99
07:24:52.009 [INFO] (trainer.py:172) Total Epi:   145 Steps:  27330 Episode Steps:   190 Return:  254.9279 Eps:  0.336896099919281 FPS:  0.99
07:27:47.880 [INFO] (trainer.py:172) Total Epi:   146 Steps:  27501 Episode Steps:   171 Return:  205.6079 Eps:  0.33554851551960385 FPS:  0.99
07:31:15.086 [INFO] (trainer.py:172) Total Epi:   147 Steps:  27703 Episode Steps:   202 Return:  177.2394 Eps:  0.33420632145752543 FPS:  0.99
07:34:18.496 [INFO] (trainer.py:172) Total Epi:   148 Steps:  27881 Episode Steps:   178 Return:  198.8932 Eps:  0.3328694961716953 FPS:  0.99
07:37:24.928 [INFO] (trainer.py:172) Total Epi:   149 Steps:  28062 Episode Steps:   181 Return:  176.4349 Eps:  0.3315380181870085 FPS:  0.99
07:40:47.558 [INFO] (trainer.py:172) Total Epi:   150 Steps:  28259 Episode Steps:   197 Return:  183.3885 Eps:  0.33021186611426045 FPS:  0.99
07:44:10.286 [INFO] (trainer.py:172) Total Epi:   151 Steps:  28456 Episode Steps:   197 Return:  256.8080 Eps:  0.3288910186498034 FPS:  0.99
07:48:11.719 [INFO] (trainer.py:172) Total Epi:   152 Steps:  28692 Episode Steps:   236 Return:  173.5261 Eps:  0.3275754545752042 FPS:  0.99
07:51:12.685 [INFO] (trainer.py:172) Total Epi:   153 Steps:  28868 Episode Steps:   176 Return:  296.5528 Eps:  0.3262651527569034 FPS:  0.99
07:54:25.055 [INFO] (trainer.py:172) Total Epi:   154 Steps:  29055 Episode Steps:   187 Return:  233.7784 Eps:  0.32496009214587573 FPS:  0.99
07:56:31.948 [INFO] (trainer.py:172) Total Epi:   155 Steps:  29177 Episode Steps:   122 Return:  177.4042 Eps:  0.32366025177729224 FPS:  0.99
08:00:17.368 [INFO] (trainer.py:172) Total Epi:   156 Steps:  29396 Episode Steps:   219 Return:  296.8979 Eps:  0.32236561077018305 FPS:  0.99
08:03:56.689 [INFO] (trainer.py:172) Total Epi:   157 Steps:  29610 Episode Steps:   214 Return:  237.0775 Eps:  0.3210761483271023 FPS:  0.99
08:07:27.885 [INFO] (trainer.py:172) Total Epi:   158 Steps:  29816 Episode Steps:   206 Return:  297.5457 Eps:  0.3197918437337939 FPS:  0.99
08:10:37.104 [INFO] (trainer.py:264) Testing Episode 1
08:11:55.894 [INFO] (trainer.py:206) Evaluation Total Steps:   30000 Average Reward  93.0030 over  1 episodes
08:16:28.692 [INFO] (trainer.py:172) Total Epi:   159 Steps:  30267 Episode Steps:   451 Return:  509.2462 Eps:  0.3185126763588587 FPS:  0.84
08:20:05.506 [INFO] (trainer.py:172) Total Epi:   160 Steps:  30478 Episode Steps:   211 Return:  273.7356 Eps:  0.31723862565342326 FPS:  0.99
08:23:41.296 [INFO] (trainer.py:172) Total Epi:   161 Steps:  30688 Episode Steps:   210 Return:  212.0258 Eps:  0.31596967115080954 FPS:  0.99
08:28:00.976 [INFO] (trainer.py:172) Total Epi:   162 Steps:  30942 Episode Steps:   254 Return:  376.3774+2.0466j Eps:  0.3147057924662063 FPS:  0.99
08:32:08.999 [INFO] (trainer.py:172) Total Epi:   163 Steps:  31184 Episode Steps:   242 Return:  72.6360 Eps:  0.31344696929634147 FPS:  0.99
08:36:07.036 [INFO] (trainer.py:172) Total Epi:   164 Steps:  31416 Episode Steps:   232 Return:  161.5552 Eps:  0.3121931814191561 FPS:  0.99
08:39:23.168 [INFO] (trainer.py:172) Total Epi:   165 Steps:  31607 Episode Steps:   191 Return:  272.4601 Eps:  0.31094440869347945 FPS:  0.99
08:42:53.405 [INFO] (trainer.py:172) Total Epi:   166 Steps:  31812 Episode Steps:   205 Return:  271.6335 Eps:  0.30970063105870554 FPS:  0.99
08:47:12.057 [INFO] (trainer.py:172) Total Epi:   167 Steps:  32064 Episode Steps:   252 Return:  238.2136 Eps:  0.30846182853447074 FPS:  0.99
08:50:54.622 [INFO] (trainer.py:172) Total Epi:   168 Steps:  32281 Episode Steps:   217 Return:  194.9521 Eps:  0.30722798122033285 FPS:  0.99
08:54:12.736 [INFO] (trainer.py:172) Total Epi:   169 Steps:  32474 Episode Steps:   193 Return:  186.0048 Eps:  0.3059990692954515 FPS:  0.99
08:57:30.446 [INFO] (trainer.py:172) Total Epi:   170 Steps:  32666 Episode Steps:   192 Return:  280.2781 Eps:  0.3047750730182697 FPS:  0.99
09:01:38.846 [INFO] (trainer.py:172) Total Epi:   171 Steps:  32908 Episode Steps:   242 Return:  121.1163 Eps:  0.30355597272619667 FPS:  0.99
09:05:03.032 [INFO] (trainer.py:172) Total Epi:   172 Steps:  33107 Episode Steps:   199 Return:  257.9415 Eps:  0.30234174883529186 FPS:  0.99
09:08:33.796 [INFO] (trainer.py:172) Total Epi:   173 Steps:  33312 Episode Steps:   205 Return:  325.9066 Eps:  0.30113238183995067 FPS:  0.99
09:12:08.050 [INFO] (trainer.py:172) Total Epi:   174 Steps:  33521 Episode Steps:   209 Return:  317.1495 Eps:  0.2999278523125909 FPS:  0.99
09:15:30.747 [INFO] (trainer.py:172) Total Epi:   175 Steps:  33718 Episode Steps:   197 Return:  181.6990 Eps:  0.29872814090334054 FPS:  0.99
09:19:10.091 [INFO] (trainer.py:172) Total Epi:   176 Steps:  33932 Episode Steps:   214 Return:  148.9859 Eps:  0.2975332283397272 FPS:  0.99
09:23:24.187 [INFO] (trainer.py:172) Total Epi:   177 Steps:  34180 Episode Steps:   248 Return:  234.1567 Eps:  0.2963430954263683 FPS:  0.99
09:27:01.526 [INFO] (trainer.py:172) Total Epi:   178 Steps:  34392 Episode Steps:   212 Return:  293.5775 Eps:  0.2951577230446628 FPS:  0.99
09:28:50.277 [INFO] (trainer.py:172) Total Epi:   179 Steps:  34496 Episode Steps:   104 Return:  76.7686 Eps:  0.2939770921524842 FPS:  0.99
09:33:16.586 [INFO] (trainer.py:172) Total Epi:   180 Steps:  34756 Episode Steps:   260 Return:  263.2570 Eps:  0.29280118378387426 FPS:  0.99
09:36:55.931 [INFO] (trainer.py:172) Total Epi:   181 Steps:  34969 Episode Steps:   213 Return:  223.4995 Eps:  0.2916299790487388 FPS:  0.99
09:41:02.070 [INFO] (trainer.py:172) Total Epi:   182 Steps:  35209 Episode Steps:   240 Return:  171.2904 Eps:  0.29046345913254384 FPS:  0.99
09:45:09.678 [INFO] (trainer.py:172) Total Epi:   183 Steps:  35451 Episode Steps:   242 Return:  338.8025 Eps:  0.2893016052960137 FPS:  0.99
09:48:59.171 [INFO] (trainer.py:172) Total Epi:   184 Steps:  35674 Episode Steps:   223 Return:  147.1805 Eps:  0.2881443988748296 FPS:  0.99
09:52:39.005 [INFO] (trainer.py:172) Total Epi:   185 Steps:  35888 Episode Steps:   214 Return:  206.7691 Eps:  0.2869918212793303 FPS:  0.99
09:57:11.440 [INFO] (trainer.py:172) Total Epi:   186 Steps:  36154 Episode Steps:   266 Return:  117.5016 Eps:  0.28584385399421297 FPS:  0.99
10:01:06.407 [INFO] (trainer.py:172) Total Epi:   187 Steps:  36383 Episode Steps:   229 Return:  339.8573+0.0000j Eps:  0.2847004785782361 FPS:  0.99
10:05:12.598 [INFO] (trainer.py:172) Total Epi:   188 Steps:  36623 Episode Steps:   240 Return:  242.7654+2.0466j Eps:  0.2835616766639232 FPS:  0.99
10:09:03.013 [INFO] (trainer.py:172) Total Epi:   189 Steps:  36848 Episode Steps:   225 Return:  288.6981 Eps:  0.2824274299572675 FPS:  0.99
10:12:56.482 [INFO] (trainer.py:172) Total Epi:   190 Steps:  37076 Episode Steps:   228 Return:  280.8196 Eps:  0.28129772023743843 FPS:  0.99
10:17:07.185 [INFO] (trainer.py:172) Total Epi:   191 Steps:  37321 Episode Steps:   245 Return:  371.0527 Eps:  0.2801725293564887 FPS:  0.99
10:21:12.298 [INFO] (trainer.py:172) Total Epi:   192 Steps:  37560 Episode Steps:   239 Return:  107.5623+0.0000j Eps:  0.27905183923906274 FPS:  0.99
10:24:54.700 [INFO] (trainer.py:172) Total Epi:   193 Steps:  37777 Episode Steps:   217 Return:  303.1364 Eps:  0.27793563188210646 FPS:  0.99
10:29:13.011 [INFO] (trainer.py:172) Total Epi:   194 Steps:  38029 Episode Steps:   252 Return:  298.3562+2.0466j Eps:  0.276823889354578 FPS:  0.99
10:33:52.479 [INFO] (trainer.py:172) Total Epi:   195 Steps:  38302 Episode Steps:   273 Return:  228.2155+2.0466j Eps:  0.27571659379715974 FPS:  0.99
10:38:14.190 [INFO] (trainer.py:172) Total Epi:   196 Steps:  38558 Episode Steps:   256 Return:  210.9588 Eps:  0.2746137274219711 FPS:  0.99
10:42:48.616 [INFO] (trainer.py:172) Total Epi:   197 Steps:  38826 Episode Steps:   268 Return:  385.2689+2.0466j Eps:  0.2735152725122832 FPS:  0.99
10:46:50.187 [INFO] (trainer.py:172) Total Epi:   198 Steps:  39062 Episode Steps:   236 Return:  256.2350 Eps:  0.2724212114222341 FPS:  0.99
10:50:56.402 [INFO] (trainer.py:172) Total Epi:   199 Steps:  39302 Episode Steps:   240 Return:  274.6491 Eps:  0.27133152657654513 FPS:  0.99
10:54:46.351 [INFO] (trainer.py:172) Total Epi:   200 Steps:  39526 Episode Steps:   224 Return:  169.8998 Eps:  0.27024620047023895 FPS:  0.99
10:59:08.564 [INFO] (trainer.py:172) Total Epi:   201 Steps:  39782 Episode Steps:   256 Return:  253.3666+2.0466j Eps:  0.269165215668358 FPS:  0.99
11:02:52.405 [INFO] (trainer.py:264) Testing Episode 1
11:04:10.690 [INFO] (trainer.py:206) Evaluation Total Steps:   40000 Average Reward  121.9987 over  1 episodes
11:07:59.664 [INFO] (trainer.py:172) Total Epi:   202 Steps:  40223 Episode Steps:   441 Return:  611.9462 Eps:  0.26808855480568455 FPS:  0.84
11:12:39.063 [INFO] (trainer.py:172) Total Epi:   203 Steps:  40496 Episode Steps:   273 Return:  194.4022 Eps:  0.2670162005864618 FPS:  0.99
11:16:15.914 [INFO] (trainer.py:172) Total Epi:   204 Steps:  40707 Episode Steps:   211 Return:  328.2283+4.0931j Eps:  0.26594813578411597 FPS:  0.99
11:19:43.121 [INFO] (trainer.py:172) Total Epi:   205 Steps:  40909 Episode Steps:   202 Return:  209.9477 Eps:  0.2648843432409795 FPS:  0.99
11:23:04.789 [INFO] (trainer.py:172) Total Epi:   206 Steps:  41105 Episode Steps:   196 Return:  315.3637 Eps:  0.26382480586801554 FPS:  0.99
11:27:15.002 [INFO] (trainer.py:172) Total Epi:   207 Steps:  41349 Episode Steps:   244 Return:  339.2171 Eps:  0.26276950664454346 FPS:  0.99
11:31:29.653 [INFO] (trainer.py:172) Total Epi:   208 Steps:  41598 Episode Steps:   249 Return:  185.2491 Eps:  0.2617184286179653 FPS:  0.99
11:35:10.096 [INFO] (trainer.py:172) Total Epi:   209 Steps:  41813 Episode Steps:   215 Return:  334.0997 Eps:  0.2606715549034934 FPS:  0.99
11:38:18.398 [INFO] (trainer.py:172) Total Epi:   210 Steps:  41996 Episode Steps:   183 Return:  151.0252 Eps:  0.25962886868387947 FPS:  0.99
11:42:29.154 [INFO] (trainer.py:172) Total Epi:   211 Steps:  42241 Episode Steps:   245 Return:  49.5883 Eps:  0.2585903532091439 FPS:  0.99
11:46:32.768 [INFO] (trainer.py:172) Total Epi:   212 Steps:  42478 Episode Steps:   237 Return:  336.2386+2.0466j Eps:  0.25755599179630734 FPS:  0.99
11:50:54.799 [INFO] (trainer.py:172) Total Epi:   213 Steps:  42734 Episode Steps:   256 Return:  258.4498 Eps:  0.2565257678291221 FPS:  0.99
11:55:11.003 [INFO] (trainer.py:172) Total Epi:   214 Steps:  42984 Episode Steps:   250 Return:  250.4735 Eps:  0.2554996647578056 FPS:  0.99
11:59:14.023 [INFO] (trainer.py:172) Total Epi:   215 Steps:  43221 Episode Steps:   237 Return:  21.7064 Eps:  0.25447766609877437 FPS:  0.99
12:02:51.838 [INFO] (trainer.py:172) Total Epi:   216 Steps:  43433 Episode Steps:   212 Return:  345.7862 Eps:  0.25345975543437926 FPS:  0.99
12:05:41.700 [INFO] (trainer.py:172) Total Epi:   217 Steps:  43598 Episode Steps:   165 Return:  247.6099 Eps:  0.25244591641264175 FPS:  0.99
12:08:51.129 [INFO] (trainer.py:172) Total Epi:   218 Steps:  43782 Episode Steps:   184 Return:  302.7127 Eps:  0.25143613274699117 FPS:  0.99
12:12:06.772 [INFO] (trainer.py:172) Total Epi:   219 Steps:  43972 Episode Steps:   190 Return:  186.7522 Eps:  0.2504303882160032 FPS:  0.99
12:15:47.142 [INFO] (trainer.py:172) Total Epi:   220 Steps:  44187 Episode Steps:   215 Return:  128.3933 Eps:  0.2494286666631392 FPS:  0.99
12:18:38.093 [INFO] (trainer.py:172) Total Epi:   221 Steps:  44353 Episode Steps:   166 Return:  289.1833 Eps:  0.24843095199648665 FPS:  0.99
12:22:10.633 [INFO] (trainer.py:172) Total Epi:   222 Steps:  44560 Episode Steps:   207 Return:  154.9358 Eps:  0.2474372281885007 FPS:  0.99
12:25:45.507 [INFO] (trainer.py:172) Total Epi:   223 Steps:  44769 Episode Steps:   209 Return:  309.5893 Eps:  0.2464474792757467 FPS:  0.99
12:28:55.595 [INFO] (trainer.py:172) Total Epi:   224 Steps:  44954 Episode Steps:   185 Return:  163.2527 Eps:  0.2454616893586437 FPS:  0.99
12:32:15.404 [INFO] (trainer.py:172) Total Epi:   225 Steps:  45148 Episode Steps:   194 Return:  159.1475 Eps:  0.24447984260120914 FPS:  0.99
